Correcting perspective for image: photos/20230424crop1018.jpg

Number of components: 2
Component 0: 1013810
Component 1: 1306298

Area of each component: [1013810, 1306298]
Largest component: 1


Number of contours: 1
Contour 0: 806 points, area: 1304100.5
Largest contour: 806 points, area: 1304100.5


Rectangle: ((528.1547241210938, 1074.610595703125), (765.58203125, 1762.844970703125), 2.5462534427642822)


Bounding box: 
[[ 184.8996   177.0525 ]
 [ 949.72577  211.06421]
 [ 871.40985 1972.1687 ]
 [ 106.58368 1938.157  ]]

Output width: 600
 Output height: 1410
 Output size: (600, 1410)

Destination points: 
[[  50.   50.]
 [ 549.   50.]
 [ 549. 1359.]
 [  50. 1359.]]

Perspective transformation matrix: 
[[ 6.51148153e-01  2.89564112e-02 -7.55238362e+01]
 [-3.29884694e-02  7.41816570e-01 -7.52409275e+01]
 [ 1.12615074e-11  1.00357796e-12  1.00000000e+00]]

Real image: (2021, 1148, 3)
Warped image: (1410, 600, 3)
Successfully processed and saved image: 20230424crop1018.jpg
