Correcting perspective for image: photos/20230519crop1009.jpg

Number of components: 2
Component 0: 1066997
Component 1: 1253111

Area of each component: [1066997, 1253111]
Largest component: 1


Number of contours: 1
Contour 0: 1095 points, area: 1257517.5
Largest contour: 1095 points, area: 1257517.5


Rectangle: ((506.74676513671875, 1018.291015625), (1748.406494140625, 755.7444458007812), 89.32255554199219)


Bounding box: 
[[ 118.56493  148.61661]
 [ 874.2566   139.68118]
 [ 894.9286  1887.9655 ]
 [ 139.23694 1896.9009 ]]

Output width: 600
 Output height: 1410
 Output size: (600, 1410)

Destination points: 
[[  50.   50.]
 [ 549.   50.]
 [ 549. 1359.]
 [  50. 1359.]]

Perspective transformation matrix: 
[[ 6.60229921e-01 -7.80666895e-03 -2.71199162e+01]
 [ 8.85191943e-03  7.48629396e-01 -6.23082885e+01]
 [-1.36525141e-13 -5.77233112e-12  1.00000000e+00]]

Real image: (2021, 1148, 3)
Warped image: (1410, 600, 3)
Successfully processed and saved image: 20230519crop1009.jpg
