Correcting perspective for image: photos/20230607crop993.jpg

Number of components: 2
Component 0: 1675785
Component 1: 1307211

Area of each component: [1675785, 1307211]
Largest component: 1


Number of contours: 1
Contour 0: 1304 points, area: 1304400.0
Largest contour: 1304 points, area: 1304400.0


Rectangle: ((581.4658813476562, 1027.9244384765625), (771.6533203125, 1767.8165283203125), 2.7902755737304688)


Bounding box: 
[[ 239.12552  126.282  ]
 [1009.864    163.84619]
 [ 923.8063  1929.5669 ]
 [ 153.06778 1892.0027 ]]

Output width: 600
 Output height: 1410
 Output size: (600, 1410)

Destination points: 
[[  50.   50.]
 [ 549.   50.]
 [ 549. 1359.]
 [  50. 1359.]]

Perspective transformation matrix: 
[[ 6.45896758e-01  3.14797325e-02 -1.08425721e+02]
 [-3.60457662e-02  7.39583557e-01 -3.47766264e+01]
 [ 1.11326197e-11  1.08774706e-12  1.00000000e+00]]

Real image: (2021, 1476, 3)
Warped image: (1410, 600, 3)
Successfully processed and saved image: 20230607crop993.jpg
