Correcting perspective for image: photos/20230426crop975.jpg

Number of components: 2
Component 0: 1048222
Component 1: 1271886

Area of each component: [1048222, 1271886]
Largest component: 1


Number of contours: 1
Contour 0: 806 points, area: 1270318.0
Largest contour: 806 points, area: 1270318.0


Rectangle: ((524.3696899414062, 1079.120849609375), (757.8258056640625, 1734.7979736328125), 1.3152332305908203)


Bounding box: 
[[ 165.46616   203.25314 ]
 [ 923.0923    220.6477  ]
 [ 883.2732   1954.9885  ]
 [ 125.647095 1937.594   ]]

Output width: 600
 Output height: 1410
 Output size: (600, 1410)

Destination points: 
[[  50.   50.]
 [ 549.   50.]
 [ 549. 1359.]
 [  50. 1359.]]

Perspective transformation matrix: 
[[ 6.58289187e-01  1.51137854e-02 -6.19965061e+01]
 [-1.73194812e-02  7.54355920e-01 -1.00459424e+02]
 [-2.21232199e-11 -2.42539108e-11  1.00000000e+00]]

Real image: (2021, 1148, 3)
Warped image: (1410, 600, 3)
Successfully processed and saved image: 20230426crop975.jpg
