Correcting perspective for image: photos/20230512crop1015.jpg

Number of components: 2
Component 0: 1042517
Component 1: 1277591

Area of each component: [1042517, 1277591]
Largest component: 1


Number of contours: 1
Contour 0: 939 points, area: 1275180.0
Largest contour: 939 points, area: 1275180.0


Rectangle: ((541.840087890625, 1049.245361328125), (754.9053344726562, 1744.16845703125), 2.0077016353607178)


Bounding box: 
[[ 195.17155  164.47285]
 [ 949.6135   190.92017]
 [ 888.5086  1934.0178 ]
 [ 134.06667 1907.5706 ]]

Output width: 600
 Output height: 1410
 Output size: (600, 1410)

Destination points: 
[[  50.   50.]
 [ 549.   50.]
 [ 549. 1359.]
 [  50. 1359.]]

Perspective transformation matrix: 
[[ 6.60604183e-01  2.31577054e-02 -8.27399597e+01]
 [-2.62930059e-02  7.50040170e-01 -6.82296016e+01]
 [-3.30581004e-11 -2.55552496e-11  1.00000000e+00]]

Real image: (2021, 1148, 3)
Warped image: (1410, 600, 3)
Successfully processed and saved image: 20230512crop1015.jpg
