Correcting perspective for image: photos/20230426crop1015.jpg

Number of components: 2
Component 0: 1050119
Component 1: 1269989

Area of each component: [1050119, 1269989]
Largest component: 1


Number of contours: 1
Contour 0: 682 points, area: 1267587.0
Largest contour: 682 points, area: 1267587.0


Rectangle: ((509.228271484375, 1076.88623046875), (755.2494506835938, 1732.99072265625), 1.4636852741241455)


Bounding box: 
[[ 153.85994   201.02779 ]
 [ 908.863     220.31934 ]
 [ 864.5966   1952.7446  ]
 [ 109.593575 1933.4531  ]]

Output width: 600
 Output height: 1410
 Output size: (600, 1410)

Destination points: 
[[  50.   50.]
 [ 549.   50.]
 [ 549. 1359.]
 [  50. 1359.]]

Perspective transformation matrix: 
[[ 6.60493245e-01  1.68767074e-02 -5.50161381e+01]
 [-1.92939046e-02  7.55095129e-01 -9.88265434e+01]
 [-3.52268077e-11  4.03535757e-12  1.00000000e+00]]

Real image: (2021, 1148, 3)
Warped image: (1410, 600, 3)
Successfully processed and saved image: 20230426crop1015.jpg
