Correcting perspective for image: photos/20230519crop986.jpg

Number of components: 2
Component 0: 1058212
Component 1: 1261896

Area of each component: [1058212, 1261896]
Largest component: 1


Number of contours: 1
Contour 0: 886 points, area: 1259514.0
Largest contour: 886 points, area: 1259514.0


Rectangle: ((551.3721923828125, 1003.690673828125), (759.9373168945312, 1720.9473876953125), 0.8825845122337341)


Bounding box: 
[[ 184.70282  137.46623]
 [ 944.55     149.17188]
 [ 918.04156 1869.9152 ]
 [ 158.1944  1858.2095 ]]

Output width: 600
 Output height: 1410
 Output size: (600, 1410)

Destination points: 
[[  50.   50.]
 [ 549.   50.]
 [ 549. 1359.]
 [  50. 1359.]]

Perspective transformation matrix: 
[[ 6.56555218e-01  1.01143756e-02 -7.26579848e+01]
 [-1.17162727e-02  7.60537307e-01 -5.23841692e+01]
 [ 3.49856391e-11  1.07817871e-12  1.00000000e+00]]

Real image: (2021, 1148, 3)
Warped image: (1410, 600, 3)
Successfully processed and saved image: 20230519crop986.jpg
