Correcting perspective for image: photos/20230503crop1006.jpg

Number of components: 2
Component 0: 1046818
Component 1: 1273290

Area of each component: [1046818, 1273290]
Largest component: 1


Number of contours: 1
Contour 0: 777 points, area: 1270890.5
Largest contour: 777 points, area: 1270890.5


Rectangle: ((531.3333740234375, 1051.7271728515625), (757.314453125, 1742.8421630859375), 1.034574270248413)


Bounding box: 
[[ 168.472    173.6112 ]
 [ 925.663    187.28503]
 [ 894.19476 1929.8431 ]
 [ 137.00374 1916.1693 ]]

Output width: 600
 Output height: 1410
 Output size: (600, 1410)

Destination points: 
[[  50.   50.]
 [ 549.   50.]
 [ 549. 1359.]
 [  50. 1359.]]

Perspective transformation matrix: 
[[ 6.58799835e-01  1.18970412e-02 -6.30547855e+01]
 [-1.35611160e-02  7.50949567e-01 -7.80885917e+01]
 [ 2.51331571e-19 -5.47546049e-20  1.00000000e+00]]

Real image: (2021, 1148, 3)
Warped image: (1410, 600, 3)
Successfully processed and saved image: 20230503crop1006.jpg
