Correcting perspective for image: photos/20230522crop988.jpg

Number of components: 2
Component 0: 1066720
Component 1: 1253388

Area of each component: [1066720, 1253388]
Largest component: 1


Number of contours: 1
Contour 0: 895 points, area: 1251120.5
Largest contour: 895 points, area: 1251120.5


Rectangle: ((617.2891235351562, 1035.53857421875), (750.5481567382812, 1719.70458984375), 1.6187976598739624)


Bounding box: 
[[ 266.4553   165.42813]
 [1016.70386  186.63074]
 [ 968.1229  1905.649  ]
 [ 217.87436 1884.4464 ]]

Output width: 600
 Output height: 1410
 Output size: (600, 1410)

Destination points: 
[[  50.   50.]
 [ 549.   50.]
 [ 549. 1359.]
 [  50. 1359.]]

Perspective transformation matrix: 
[[ 6.64582134e-01  1.87816618e-02 -1.30188441e+02]
 [-2.15028727e-02  7.60873456e-01 -7.01403194e+01]
 [ 2.36060858e-11  1.33532314e-12  1.00000000e+00]]

Real image: (2021, 1148, 3)
Warped image: (1410, 600, 3)
Successfully processed and saved image: 20230522crop988.jpg
