Correcting perspective for image: photos/20230519crop1022.jpg

Number of components: 2
Component 0: 1060842
Component 1: 1259266

Area of each component: [1060842, 1259266]
Largest component: 1


Number of contours: 1
Contour 0: 757 points, area: 1256883.0
Largest contour: 757 points, area: 1256883.0


Rectangle: ((559.876708984375, 1014.5279541015625), (765.4310302734375, 1712.1478271484375), 1.5134676694869995)


Bounding box: 
[[ 199.90524  148.64445]
 [ 965.0692   168.86096]
 [ 919.84814 1880.4115 ]
 [ 154.68417 1860.195  ]]

Output width: 600
 Output height: 1410
 Output size: (600, 1410)

Destination points: 
[[  50.   50.]
 [ 549.   50.]
 [ 549. 1359.]
 [  50. 1359.]]

Perspective transformation matrix: 
[[ 6.51692892e-01  1.72184517e-02 -8.28362530e+01]
 [-2.01928882e-02  7.64270101e-01 -5.95678481e+01]
 [ 3.48809014e-11  1.84447239e-12  1.00000000e+00]]

Real image: (2021, 1148, 3)
Warped image: (1410, 600, 3)
Successfully processed and saved image: 20230519crop1022.jpg
