Correcting perspective for image: photos/20230510crop1005.jpg

Number of components: 2
Component 0: 1070467
Component 1: 1249641

Area of each component: [1070467, 1249641]
Largest component: 1


Number of contours: 1
Contour 0: 843 points, area: 1247252.0
Largest contour: 843 points, area: 1247252.0


Rectangle: ((523.070068359375, 1062.58447265625), (1733.5616455078125, 745.78759765625), 89.39049530029297)


Bounding box: 
[[ 140.97684  199.81935]
 [ 886.7222   191.886  ]
 [ 905.1633  1925.3496 ]
 [ 159.41791 1933.283  ]]

Output width: 600
 Output height: 1410
 Output size: (600, 1410)

Destination points: 
[[  50.   50.]
 [ 549.   50.]
 [ 549. 1359.]
 [  50. 1359.]]

Perspective transformation matrix: 
[[ 6.69053462e-01 -7.11757662e-03 -4.28988112e+01]
 [ 8.03233489e-03  7.55050138e-01 -1.02006002e+02]
 [ 5.02162176e-13  2.35992033e-11  1.00000000e+00]]

Real image: (2021, 1148, 3)
Warped image: (1410, 600, 3)
Successfully processed and saved image: 20230510crop1005.jpg
