Correcting perspective for image: photos/20230522crop981.jpg

Number of components: 2
Component 0: 1066224
Component 1: 1253884

Area of each component: [1066224, 1253884]
Largest component: 1


Number of contours: 1
Contour 0: 835 points, area: 1251494.5
Largest contour: 835 points, area: 1251494.5


Rectangle: ((583.4020385742188, 1009.5399169921875), (1712.3984375, 751.5995483398438), 89.23011779785156)


Bounding box: 
[[ 196.13182  158.46745]
 [ 947.6635   148.36858]
 [ 970.67224 1860.6124 ]
 [ 219.14056 1870.7113 ]]

Output width: 600
 Output height: 1410
 Output size: (600, 1410)

Destination points: 
[[  50.   50.]
 [ 549.   50.]
 [ 549. 1359.]
 [  50. 1359.]]

Perspective transformation matrix: 
[[ 6.63857445e-01 -8.92076589e-03 -7.87899184e+01]
 [ 1.02712048e-02  7.64355872e-01 -7.31400385e+01]
 [-3.18572434e-13 -1.18514606e-11  1.00000000e+00]]

Real image: (2021, 1148, 3)
Warped image: (1410, 600, 3)
Successfully processed and saved image: 20230522crop981.jpg
