Correcting perspective for image: photos/20230607crop981.jpg

Number of components: 19
Component 0: 1364611
Component 1: 1302337
Component 2: 58
Component 3: 94
Component 4: 72
Component 5: 54
Component 6: 313306
Component 7: 41
Component 8: 800
Component 9: 99
Component 10: 350
Component 11: 65
Component 12: 311
Component 13: 190
Component 14: 130
Component 15: 96
Component 16: 42
Component 17: 294
Component 18: 46

Area of each component: [1364611, 1302337, 58, 94, 72, 54, 313306, 41, 800, 99, 350, 65, 311, 190, 130, 96, 42, 294, 46]
Largest component: 1


Number of contours: 1
Contour 0: 1062 points, area: 1299940.0
Largest contour: 1062 points, area: 1299940.0


Rectangle: ((517.52001953125, 1050.0667724609375), (777.0873413085938, 1743.2364501953125), 0.3779350221157074)


Bounding box: 
[[ 134.73413  175.90462]
 [ 911.80457  181.0304 ]
 [ 900.3059  1924.2289 ]
 [ 123.23547 1919.1031 ]]

Output width: 600
 Output height: 1410
 Output size: (600, 1410)

Destination points: 
[[  50.   50.]
 [ 549.   50.]
 [ 549. 1359.]
 [  50. 1359.]]

Perspective transformation matrix: 
[[ 6.42127470e-01  4.23566422e-03 -3.72615597e+01]
 [-4.95305863e-03  7.50885809e-01 -8.14169350e+01]
 [-3.37891593e-11 -4.45786807e-13  1.00000000e+00]]

Real image: (2021, 1476, 3)
Warped image: (1410, 600, 3)
Successfully processed and saved image: 20230607crop981.jpg
