Correcting perspective for image: photos/20230522crop1002.jpg

Number of components: 2
Component 0: 1072365
Component 1: 1247743

Area of each component: [1072365, 1247743]
Largest component: 1


Number of contours: 1
Contour 0: 831 points, area: 1245368.0
Largest contour: 831 points, area: 1245368.0


Rectangle: ((614.0462646484375, 1036.947265625), (755.8372802734375, 1717.035888671875), 1.511411428451538)


Bounding box: 
[[ 258.90338  168.76001]
 [1014.4777   188.69604]
 [ 969.18915 1905.1345 ]
 [ 213.61482 1885.1985 ]]

Output width: 600
 Output height: 1410
 Output size: (600, 1410)

Destination points: 
[[  50.   50.]
 [ 549.   50.]
 [ 549. 1359.]
 [  50. 1359.]]

Perspective transformation matrix: 
[[ 6.59965300e-01  1.74133107e-02 -1.23805918e+02]
 [-2.01080864e-02  7.62095072e-01 -7.34051203e+01]
 [ 6.20013530e-13 -1.17410700e-11  1.00000000e+00]]

Real image: (2021, 1148, 3)
Warped image: (1410, 600, 3)
Successfully processed and saved image: 20230522crop1002.jpg
