Correcting perspective for image: photos/20230426crop996.jpg

Number of components: 2
Component 0: 1051156
Component 1: 1268952

Area of each component: [1051156, 1268952]
Largest component: 1


Number of contours: 1
Contour 0: 778 points, area: 1266685.5
Largest contour: 778 points, area: 1266685.5


Rectangle: ((517.0, 1066.5), (1737.0, 758.0), 90.0)


Bounding box: 
[[ 138.  198.]
 [ 896.  198.]
 [ 896. 1935.]
 [ 138. 1935.]]

Output width: 600
 Output height: 1410
 Output size: (600, 1410)

Destination points: 
[[  50.   50.]
 [ 549.   50.]
 [ 549. 1359.]
 [  50. 1359.]]

Perspective transformation matrix: 
[[ 6.58311346e-01 -1.10835553e-18 -4.08469657e+01]
 [-1.72925542e-17  7.53598158e-01 -9.92124352e+01]
 [-2.86445064e-20 -0.00000000e+00  1.00000000e+00]]

Real image: (2021, 1148, 3)
Warped image: (1410, 600, 3)
Successfully processed and saved image: 20230426crop996.jpg
