Correcting perspective for image: photos/20230529crop1002.jpg

Number of components: 2
Component 0: 1753241
Component 1: 1229755

Area of each component: [1753241, 1229755]
Largest component: 1


Number of contours: 1
Contour 0: 812 points, area: 1236371.5
Largest contour: 812 points, area: 1236371.5


Rectangle: ((766.8095092773438, 1014.7233276367188), (1704.6871337890625, 757.544189453125), 88.71209716796875)


Bounding box: 
[[ 368.9756   171.10843]
 [1126.3285   154.0817 ]
 [1164.6434  1858.3383 ]
 [ 407.29053 1875.365  ]]

Output width: 600
 Output height: 1410
 Output size: (600, 1410)

Destination points: 
[[  50.   50.]
 [ 549.   50.]
 [ 549. 1359.]
 [  50. 1359.]]

Perspective transformation matrix: 
[[ 6.58540967e-01 -1.48052583e-02 -1.90452235e+02]
 [ 1.72591045e-02  7.67688826e-01 -8.77262171e+01]
 [-5.73089976e-20  1.28841798e-21  1.00000000e+00]]

Real image: (2021, 1476, 3)
Warped image: (1410, 600, 3)
Successfully processed and saved image: 20230529crop1002.jpg
