Correcting perspective for image: photos/20230505crop1011.jpg

Number of components: 2
Component 0: 1066400
Component 1: 1253708

Area of each component: [1066400, 1253708]
Largest component: 1


Number of contours: 1
Contour 0: 907 points, area: 1251353.0
Largest contour: 907 points, area: 1251353.0


Rectangle: ((516.5035400390625, 1049.267333984375), (1725.7239990234375, 753.2359008789062), 87.83637237548828)


Bounding box: 
[[ 107.57808  201.23912]
 [ 860.277    172.80186]
 [ 925.429   1897.2955 ]
 [ 172.7301  1925.7328 ]]

Output width: 600
 Output height: 1410
 Output size: (600, 1410)

Destination points: 
[[  50.   50.]
 [ 549.   50.]
 [ 549. 1359.]
 [  50. 1359.]]

Perspective transformation matrix: 
[[ 6.62002783e-01 -2.50107151e-02 -1.61838534e+01]
 [ 2.86368343e-02  7.57981492e-01 -1.05616224e+02]
 [ 8.85713610e-13  1.17051760e-11  1.00000000e+00]]

Real image: (2021, 1148, 3)
Warped image: (1410, 600, 3)
Successfully processed and saved image: 20230505crop1011.jpg
