Correcting perspective for image: photos/20230501crop998.jpg

Number of components: 2
Component 0: 1059572
Component 1: 1260536

Area of each component: [1059572, 1260536]
Largest component: 1


Number of contours: 1
Contour 0: 802 points, area: 1258128.5
Largest contour: 802 points, area: 1258128.5


Rectangle: ((558.5814208984375, 1060.7117919921875), (758.5730590820312, 1743.054443359375), 0.9974791407585144)


Bounding box: 
[[ 194.52429  182.71384]
 [ 952.9824   195.91943]
 [ 922.63855 1938.7097 ]
 [ 164.18042 1925.5042 ]]

Output width: 600
 Output height: 1410
 Output size: (600, 1410)

Destination points: 
[[  50.   50.]
 [ 549.   50.]
 [ 549. 1359.]
 [  50. 1359.]]

Perspective transformation matrix: 
[[ 6.57714308e-01  1.14515204e-02 -8.00337615e+01]
 [-1.30734237e-02  7.50866748e-01 -8.46506460e+01]
 [-2.30663242e-11 -8.03462892e-13  1.00000000e+00]]

Real image: (2021, 1148, 3)
Warped image: (1410, 600, 3)
Successfully processed and saved image: 20230501crop998.jpg
