Correcting perspective for image: photos/20230602crop991.jpg

Number of components: 2
Component 0: 1704311
Component 1: 1278685

Area of each component: [1704311, 1278685]
Largest component: 1


Number of contours: 1
Contour 0: 862 points, area: 1294095.0
Largest contour: 862 points, area: 1294095.0


Rectangle: ((780.31005859375, 1053.3970947265625), (778.94287109375, 1735.427490234375), 1.142156958580017)


Bounding box: 
[[ 408.2122   178.09236]
 [1187.0004   193.61902]
 [1152.408   1928.7018 ]
 [ 373.61978 1913.1752 ]]

Output width: 600
 Output height: 1410
 Output size: (600, 1410)

Destination points: 
[[  50.   50.]
 [ 549.   50.]
 [ 549. 1359.]
 [  50. 1359.]]

Perspective transformation matrix: 
[[ 6.40484444e-01  1.27693609e-02 -2.13727683e+02]
 [-1.50350717e-02  7.54131084e-01 -7.81674869e+01]
 [-3.38363834e-11 -1.34972921e-12  1.00000000e+00]]

Real image: (2021, 1476, 3)
Warped image: (1410, 600, 3)
Successfully processed and saved image: 20230602crop991.jpg
