Correcting perspective for image: photos/20230508crop981.jpg

Number of components: 2
Component 0: 1010775
Component 1: 1309333

Area of each component: [1010775, 1309333]
Largest component: 1


Number of contours: 1
Contour 0: 905 points, area: 1306879.5
Largest contour: 905 points, area: 1306879.5


Rectangle: ((597.6883544921875, 1047.945556640625), (774.0521850585938, 1760.6837158203125), 1.987924337387085)


Bounding box: 
[[ 241.43327  154.70802]
 [1015.0196   181.55908]
 [ 953.9434  1941.1831 ]
 [ 180.3571  1914.332  ]]

Output width: 600
 Output height: 1410
 Output size: (600, 1410)

Destination points: 
[[  50.   50.]
 [ 549.   50.]
 [ 549. 1359.]
 [  50. 1359.]]

Perspective transformation matrix: 
[[ 6.44271410e-01  2.23625225e-02 -1.09008217e+02]
 [-2.57898898e-02  7.43013764e-01 -5.87236528e+01]
 [ 1.11691995e-11  7.76296202e-13  1.00000000e+00]]

Real image: (2021, 1148, 3)
Warped image: (1410, 600, 3)
Successfully processed and saved image: 20230508crop981.jpg
