Correcting perspective for image: photos/20230508crop1019.jpg

Number of components: 2
Component 0: 991091
Component 1: 1329017

Area of each component: [991091, 1329017]
Largest component: 1


Number of contours: 1
Contour 0: 1074 points, area: 1326618.5
Largest contour: 1074 points, area: 1326618.5


Rectangle: ((563.9591064453125, 1070.35595703125), (780.7406005859375, 1775.833740234375), 0.9004488587379456)


Bounding box: 
[[ 187.59076  176.41402]
 [ 968.2349   188.68347]
 [ 940.32745 1964.2979 ]
 [ 159.68329 1952.0284 ]]

Output width: 600
 Output height: 1410
 Output size: (600, 1410)

Destination points: 
[[  50.   50.]
 [ 549.   50.]
 [ 549. 1359.]
 [  50. 1359.]]

Perspective transformation matrix: 
[[ 6.39057805e-01  1.00441214e-02 -7.16532630e+01]
 [-1.15839300e-02  7.37027529e-01 -7.78489489e+01]
 [-3.30002866e-11 -1.03759321e-12  1.00000000e+00]]

Real image: (2021, 1148, 3)
Warped image: (1410, 600, 3)
Successfully processed and saved image: 20230508crop1019.jpg
