Correcting perspective for image: photos/20230501crop1000.jpg

Number of components: 2
Component 0: 1057983
Component 1: 1262125

Area of each component: [1057983, 1262125]
Largest component: 1


Number of contours: 1
Contour 0: 793 points, area: 1260995.0
Largest contour: 793 points, area: 1260995.0


Rectangle: ((563.3010864257812, 1077.7283935546875), (763.0023193359375, 1731.653076171875), 1.503481149673462)


Bounding box: 
[[ 204.64856  202.19023]
 [ 967.3882   222.20972]
 [ 921.9536  1953.2666 ]
 [ 159.21399 1933.2471 ]]

Output width: 600
 Output height: 1410
 Output size: (600, 1410)

Destination points: 
[[  50.   50.]
 [ 549.   50.]
 [ 549. 1359.]
 [  50. 1359.]]

Perspective transformation matrix: 
[[ 6.53770280e-01  1.71593278e-02 -8.72625941e+01]
 [-1.98337945e-02  7.55664888e-01 -9.87291006e+01]
 [ 3.45984168e-11  1.81744275e-12  1.00000000e+00]]

Real image: (2021, 1148, 3)
Warped image: (1410, 600, 3)
Successfully processed and saved image: 20230501crop1000.jpg
