Correcting perspective for image: photos/20230501crop1009.jpg

Number of components: 2
Component 0: 1044195
Component 1: 1275913

Area of each component: [1044195, 1275913]
Largest component: 1


Number of contours: 1
Contour 0: 921 points, area: 1273682.5
Largest contour: 921 points, area: 1273682.5


Rectangle: ((554.3319091796875, 1054.5576171875), (760.0399780273438, 1752.2930908203125), 1.4144232273101807)


Bounding box: 
[[ 196.05437  169.29768]
 [ 955.86273  188.05835]
 [ 912.60944 1939.8175 ]
 [ 152.80107 1921.0569 ]]

Output width: 600
 Output height: 1410
 Output size: (600, 1410)

Destination points: 
[[  50.   50.]
 [ 549.   50.]
 [ 549. 1359.]
 [  50. 1359.]]

Perspective transformation matrix: 
[[ 6.56344375e-01  1.62060273e-02 -8.14228242e+01]
 [-1.84393141e-02  7.46793524e-01 -7.28153062e+01]
 [-3.43295882e-11 -1.69632084e-12  1.00000000e+00]]

Real image: (2021, 1148, 3)
Warped image: (1410, 600, 3)
Successfully processed and saved image: 20230501crop1009.jpg
