Correcting perspective for image: photos/20230503crop1008.jpg

Number of components: 3
Component 0: 1052045
Component 1: 1267991
Component 2: 72

Area of each component: [1052045, 1267991, 72]
Largest component: 1


Number of contours: 1
Contour 0: 838 points, area: 1266493.5
Largest contour: 838 points, area: 1266493.5


Rectangle: ((496.0, 1049.5), (1759.0, 760.0), 90.0)


Bounding box: 
[[ 116.  170.]
 [ 876.  170.]
 [ 876. 1929.]
 [ 116. 1929.]]

Output width: 600
 Output height: 1410
 Output size: (600, 1410)

Destination points: 
[[  50.   50.]
 [ 549.   50.]
 [ 549. 1359.]
 [  50. 1359.]]

Perspective transformation matrix: 
[[ 6.56578947e-01 -1.38476724e-18 -2.61631579e+01]
 [-2.85691261e-18  7.44172825e-01 -7.65093803e+01]
 [-5.71382522e-20 -0.00000000e+00  1.00000000e+00]]

Real image: (2021, 1148, 3)
Warped image: (1410, 600, 3)
Successfully processed and saved image: 20230503crop1008.jpg
