Correcting perspective for image: photos/20230508crop979.jpg

Number of components: 2
Component 0: 1017775
Component 1: 1302333

Area of each component: [1017775, 1302333]
Largest component: 1


Number of contours: 1
Contour 0: 819 points, area: 1300320.0
Largest contour: 819 points, area: 1300320.0


Rectangle: ((585.1796875, 1072.5604248046875), (771.154052734375, 1754.6380615234375), 0.7780935764312744)


Bounding box: 
[[ 211.5521   190.08621]
 [ 982.635    200.55835]
 [ 958.80725 1955.0347 ]
 [ 187.72433 1944.5625 ]]

Output width: 600
 Output height: 1410
 Output size: (600, 1410)

Destination points: 
[[  50.   50.]
 [ 549.   50.]
 [ 549. 1359.]
 [  50. 1359.]]

Perspective transformation matrix: 
[[ 6.47022492e-01  8.78729226e-03 -8.85493056e+01]
 [-1.01308586e-02  7.45954004e-01 -8.96523664e+01]
 [ 2.25455692e-11  6.12501248e-13  1.00000000e+00]]

Real image: (2021, 1148, 3)
Warped image: (1410, 600, 3)
Successfully processed and saved image: 20230508crop979.jpg
