Correcting perspective for image: photos/20230517crop1016.jpg

Number of components: 2
Component 0: 1038556
Component 1: 1281552

Area of each component: [1038556, 1281552]
Largest component: 1


Number of contours: 1
Contour 0: 865 points, area: 1279227.0
Largest contour: 865 points, area: 1279227.0


Rectangle: ((523.0308227539062, 1043.7928466796875), (753.6097412109375, 1748.0419921875), 1.3235658407211304)


Bounding box: 
[[ 166.51508  161.30139]
 [ 919.92377  178.70862]
 [ 879.5466  1926.2843 ]
 [ 126.13788 1908.8771 ]]

Output width: 600
 Output height: 1410
 Output size: (600, 1410)

Destination points: 
[[  50.   50.]
 [ 549.   50.]
 [ 549. 1359.]
 [  50. 1359.]]

Perspective transformation matrix: 
[[ 6.61969750e-01  1.52946069e-02 -6.26949845e+01]
 [-1.72970019e-02  7.48638018e-01 -6.78761425e+01]
 [-3.93783284e-20 -4.56335676e-20  1.00000000e+00]]

Real image: (2021, 1148, 3)
Warped image: (1410, 600, 3)
Successfully processed and saved image: 20230517crop1016.jpg
