Correcting perspective for image: photos/20230605crop1009.jpg

Number of components: 2
Component 0: 1680930
Component 1: 1302066

Area of each component: [1680930, 1302066]
Largest component: 1


Number of contours: 1
Contour 0: 1031 points, area: 1305104.0
Largest contour: 1031 points, area: 1305104.0


Rectangle: ((666.1793212890625, 1033.6043701171875), (767.1817016601562, 1765.180419921875), 1.0088781118392944)


Bounding box: 
[[ 298.188    144.39697]
 [1065.2507   157.90503]
 [1034.1707  1922.8118 ]
 [ 267.1079  1909.3037 ]]

Output width: 600
 Output height: 1410
 Output size: (600, 1410)

Destination points: 
[[  50.   50.]
 [ 549.   50.]
 [ 549. 1359.]
 [  50. 1359.]]

Perspective transformation matrix: 
[[ 6.50331807e-01  1.14523691e-02 -1.45574821e+02]
 [-1.30570542e-02  7.41452314e-01 -5.31700128e+01]
 [ 1.03101029e-19 -1.84273667e-21  1.00000000e+00]]

Real image: (2021, 1476, 3)
Warped image: (1410, 600, 3)
Successfully processed and saved image: 20230605crop1009.jpg
