Correcting perspective for image: photos/20230524crop1015.jpg

Number of components: 3
Component 0: 1691652
Component 1: 1291142
Component 2: 202

Area of each component: [1691652, 1291142, 202]
Largest component: 1


Number of contours: 1
Contour 0: 810 points, area: 1297323.5
Largest contour: 810 points, area: 1297323.5


Rectangle: ((766.0330810546875, 1047.52978515625), (764.536865234375, 1759.91796875), 1.382574200630188)


Bounding box: 
[[ 405.10767  158.60355]
 [1169.422    177.0503 ]
 [1126.9585  1936.456  ]
 [ 362.64417 1918.0093 ]]

Output width: 600
 Output height: 1410
 Output size: (600, 1410)

Destination points: 
[[  50.   50.]
 [ 549.   50.]
 [ 549. 1359.]
 [  50. 1359.]]

Perspective transformation matrix: 
[[ 6.52492691e-01  1.57480015e-02 -2.16827480e+02]
 [-1.79460347e-02  7.43568092e-01 -6.06624595e+01]
 [ 2.26544322e-11  1.09417413e-12  1.00000000e+00]]

Real image: (2021, 1476, 3)
Warped image: (1410, 600, 3)
Successfully processed and saved image: 20230524crop1015.jpg
