Correcting perspective for image: photos/20230503crop1001.jpg

Number of components: 2
Component 0: 1048881
Component 1: 1271227

Area of each component: [1048881, 1271227]
Largest component: 1


Number of contours: 1
Contour 0: 794 points, area: 1268819.5
Largest contour: 794 points, area: 1268819.5


Rectangle: ((528.6578979492188, 1054.49462890625), (751.6669311523438, 1751.3916015625), 1.4354591369628906)


Bounding box: 
[[ 174.87933  169.65869]
 [ 926.31036  188.48853]
 [ 882.43646 1939.3306 ]
 [ 131.00543 1920.5007 ]]

Output width: 600
 Output height: 1410
 Output size: (600, 1410)

Destination points: 
[[  50.   50.]
 [ 549.   50.]
 [ 549. 1359.]
 [  50. 1359.]]

Perspective transformation matrix: 
[[ 6.63649537e-01  1.66302234e-02 -6.88800507e+01]
 [-1.87230855e-02  7.47171084e-01 -7.34897876e+01]
 [-1.99404297e-19 -3.43994558e-20  1.00000000e+00]]

Real image: (2021, 1148, 3)
Warped image: (1410, 600, 3)
Successfully processed and saved image: 20230503crop1001.jpg
