Correcting perspective for image: photos/20230505crop994.jpg

Number of components: 2
Component 0: 1083223
Component 1: 1236885

Area of each component: [1083223, 1236885]
Largest component: 1


Number of contours: 1
Contour 0: 842 points, area: 1234511.5
Largest contour: 842 points, area: 1234511.5


Rectangle: ((557.31689453125, 1024.2105712890625), (747.6257934570312, 1717.04833984375), 0.9793195724487305)


Bounding box: 
[[ 198.23207  159.4228 ]
 [ 945.74866  172.2008 ]
 [ 916.40173 1888.9983 ]
 [ 168.88515 1876.2203 ]]

Output width: 600
 Output height: 1410
 Output size: (600, 1410)

Destination points: 
[[  50.   50.]
 [ 549.   50.]
 [ 549. 1359.]
 [  50. 1359.]]

Perspective transformation matrix: 
[[ 6.67348690e-01  1.14076534e-02 -8.41085533e+01]
 [-1.30297410e-02  7.62243411e-01 -6.89360711e+01]
 [-3.56386054e-11 -1.21876722e-12  1.00000000e+00]]

Real image: (2021, 1148, 3)
Warped image: (1410, 600, 3)
Successfully processed and saved image: 20230505crop994.jpg
