Correcting perspective for image: photos/20230519crop980.jpg

Number of components: 2
Component 0: 1066944
Component 1: 1253164

Area of each component: [1066944, 1253164]
Largest component: 1


Number of contours: 1
Contour 0: 882 points, area: 1250772.0
Largest contour: 882 points, area: 1250772.0


Rectangle: ((494.54290771484375, 1034.8896484375), (1734.7381591796875, 749.5757446289062), 89.06844329833984)


Bounding box: 
[[ 105.70286  173.72845]
 [ 855.17957  161.54193]
 [ 883.38293 1896.0508 ]
 [ 133.90625 1908.2373 ]]

Output width: 600
 Output height: 1410
 Output size: (600, 1410)

Destination points: 
[[  50.   50.]
 [ 549.   50.]
 [ 549. 1359.]
 [  50. 1359.]]

Perspective transformation matrix: 
[[ 6.65621889e-01 -1.08231195e-02 -1.84778524e+01]
 [ 1.22678933e-02  7.54480992e-01 -8.23715683e+01]
 [-5.72267410e-13 -1.75926886e-11  1.00000000e+00]]

Real image: (2021, 1148, 3)
Warped image: (1410, 600, 3)
Successfully processed and saved image: 20230519crop980.jpg
