Correcting perspective for image: photos/20230512crop1005.jpg

Number of components: 2
Component 0: 1054658
Component 1: 1265450

Area of each component: [1054658, 1265450]
Largest component: 1


Number of contours: 1
Contour 0: 870 points, area: 1263032.5
Largest contour: 870 points, area: 1263032.5


Rectangle: ((546.77783203125, 1045.8292236328125), (745.7200317382812, 1753.5760498046875), 1.201187014579773)


Bounding box: 
[[ 192.38     161.41757]
 [ 937.93616  177.05017]
 [ 901.17566 1930.2408 ]
 [ 155.6195  1914.6083 ]]

Output width: 600
 Output height: 1410
 Output size: (600, 1410)

Destination points: 
[[  50.   50.]
 [ 549.   50.]
 [ 549. 1359.]
 [  50. 1359.]]

Perspective transformation matrix: 
[[ 6.69004876e-01  1.40275398e-02 -8.09674530e+01]
 [-1.56484184e-02  7.46310567e-01 -6.74571972e+01]
 [-2.33167366e-11 -9.78229569e-13  1.00000000e+00]]

Real image: (2021, 1148, 3)
Warped image: (1410, 600, 3)
Successfully processed and saved image: 20230512crop1005.jpg
