Correcting perspective for image: photos/20230607crop977.jpg

Number of components: 13
Component 0: 1501946
Component 1: 1316550
Component 2: 163167
Component 3: 220
Component 4: 236
Component 5: 250
Component 6: 105
Component 7: 30
Component 8: 85
Component 9: 155
Component 10: 127
Component 11: 90
Component 12: 35

Area of each component: [1501946, 1316550, 163167, 220, 236, 250, 105, 30, 85, 155, 127, 90, 35]
Largest component: 1


Number of contours: 1
Contour 0: 1145 points, area: 1315422.0
Largest contour: 1145 points, area: 1315422.0


Rectangle: ((539.3151245117188, 1026.243896484375), (774.3784790039062, 1763.164306640625), 2.9369921684265137)


Bounding box: 
[[ 197.80475  125.981  ]
 [ 971.1661   165.65845]
 [ 880.8255  1926.5068 ]
 [ 107.46417 1886.8293 ]]

Output width: 600
 Output height: 1410
 Output size: (600, 1410)

Destination points: 
[[  50.   50.]
 [ 549.   50.]
 [ 549. 1359.]
 [  50. 1359.]]

Perspective transformation matrix: 
[[ 6.43541344e-01  3.30169808e-02 -8.14550457e+01]
 [-3.80397158e-02  7.41440050e-01 -3.58829243e+01]
 [ 3.33510055e-11  3.43118876e-12  1.00000000e+00]]

Real image: (2021, 1476, 3)
Warped image: (1410, 600, 3)
Successfully processed and saved image: 20230607crop977.jpg
