Correcting perspective for image: photos/20230503crop999.jpg

Number of components: 2
Component 0: 1043361
Component 1: 1276747

Area of each component: [1043361, 1276747]
Largest component: 1


Number of contours: 1
Contour 0: 808 points, area: 1274354.0
Largest contour: 808 points, area: 1274354.0


Rectangle: ((542.6325073242188, 1060.73681640625), (760.1238403320312, 1741.9735107421875), 0.6740369200706482)


Bounding box: 
[[ 172.84311  185.33932]
 [ 932.9143   194.28125]
 [ 912.4219  1936.1343 ]
 [ 152.35068 1927.1924 ]]

Output width: 600
 Output height: 1410
 Output size: (600, 1410)

Destination points: 
[[  50.   50.]
 [ 549.   50.]
 [ 549. 1359.]
 [  50. 1359.]]

Perspective transformation matrix: 
[[ 6.56426575e-01  7.72268167e-03 -6.48901269e+01]
 [-8.83984867e-03  7.51394521e-01 -8.77350466e+01]
 [-2.30411384e-11 -5.42220653e-13  1.00000000e+00]]

Real image: (2021, 1148, 3)
Warped image: (1410, 600, 3)
Successfully processed and saved image: 20230503crop999.jpg
