Correcting perspective for image: photos/20230512crop980.jpg

Number of components: 2
Component 0: 1056747
Component 1: 1263361

Area of each component: [1056747, 1263361]
Largest component: 1


Number of contours: 1
Contour 0: 849 points, area: 1260947.0
Largest contour: 849 points, area: 1260947.0


Rectangle: ((499.2856750488281, 1030.975341796875), (1743.4873046875, 752.1278076171875), 88.72838592529297)


Bounding box: 
[[ 103.96863  167.79196]
 [ 855.9112   151.10074]
 [ 894.6027  1894.1587 ]
 [ 142.66016 1910.85   ]]

Output width: 600
 Output height: 1410
 Output size: (600, 1410)

Destination points: 
[[  50.   50.]
 [ 549.   50.]
 [ 549. 1359.]
 [  50. 1359.]]

Perspective transformation matrix: 
[[ 6.63287664e-01 -1.47233271e-02 -1.64906527e+01]
 [ 1.66616228e-02  7.50609172e-01 -7.76784717e+01]
 [-4.64987872e-11  2.06533163e-12  1.00000000e+00]]

Real image: (2021, 1148, 3)
Warped image: (1410, 600, 3)
Successfully processed and saved image: 20230512crop980.jpg
