Correcting perspective for image: photos/20230515crop1006.jpg

Number of components: 2
Component 0: 1015585
Component 1: 1304523

Area of each component: [1015585, 1304523]
Largest component: 1


Number of contours: 1
Contour 0: 856 points, area: 1302083.5
Largest contour: 856 points, area: 1302083.5


Rectangle: ((570.5609741210938, 1022.8845825195312), (764.9335327148438, 1763.5115966796875), 1.2544515132904053)


Bounding box: 
[[ 207.48976  132.96693]
 [ 972.24     149.71326]
 [ 933.6322  1912.8022 ]
 [ 168.88197 1896.0559 ]]

Output width: 600
 Output height: 1410
 Output size: (600, 1410)

Destination points: 
[[  50.   50.]
 [ 549.   50.]
 [ 549. 1359.]
 [  50. 1359.]]

Perspective transformation matrix: 
[[ 6.52187897e-01  1.42814869e-02 -8.72212765e+01]
 [-1.62501376e-02  7.42091092e-01 -4.53018401e+01]
 [ 1.13006013e-11  4.95154018e-13  1.00000000e+00]]

Real image: (2021, 1148, 3)
Warped image: (1410, 600, 3)
Successfully processed and saved image: 20230515crop1006.jpg
