Correcting perspective for image: photos/20230424crop996.jpg

Number of components: 2
Component 0: 1024825
Component 1: 1295283

Area of each component: [1024825, 1295283]
Largest component: 1


Number of contours: 1
Contour 0: 675 points, area: 1292860.5
Largest contour: 675 points, area: 1292860.5


Rectangle: ((521.3602905273438, 1030.2127685546875), (764.8109741210938, 1749.718505859375), 0.6295986175537109)


Bounding box: 
[[ 148.59117  151.20433]
 [ 913.35596  159.6084 ]
 [ 894.1294  1909.2212 ]
 [ 129.36464 1900.8171 ]]

Output width: 600
 Output height: 1410
 Output size: (600, 1410)

Destination points: 
[[  50.   50.]
 [ 549.   50.]
 [ 549. 1359.]
 [  50. 1359.]]

Perspective transformation matrix: 
[[ 6.52409408e-01  7.16933957e-03 -4.80263135e+01]
 [-8.22066479e-03  7.48075161e-01 -6.18906859e+01]
 [-1.08985401e-11 -2.30499459e-11  1.00000000e+00]]

Real image: (2021, 1148, 3)
Warped image: (1410, 600, 3)
Successfully processed and saved image: 20230424crop996.jpg
