Correcting perspective for image: photos/20230503crop980.jpg

Number of components: 2
Component 0: 1057859
Component 1: 1262249

Area of each component: [1057859, 1262249]
Largest component: 1


Number of contours: 1
Contour 0: 981 points, area: 1259763.0
Largest contour: 981 points, area: 1259763.0


Rectangle: ((470.9202880859375, 1060.478515625), (1737.941650390625, 763.9707641601562), 87.9677734375)


Bounding box: 
[[  58.360054  205.6     ]
 [ 821.8503    178.50845 ]
 [ 883.4805   1915.357   ]
 [ 119.990295 1942.4486  ]]

Output width: 600
 Output height: 1410
 Output size: (600, 1410)

Destination points: 
[[  50.   50.]
 [ 549.   50.]
 [ 549. 1359.]
 [  50. 1359.]]

Perspective transformation matrix: 
[[ 6.52755568e-01 -2.31623428e-02  1.66673277e+01]
 [ 2.67092458e-02  7.52716107e-01 -1.06317189e+02]
 [ 4.07279506e-13  5.73171403e-12  1.00000000e+00]]

Real image: (2021, 1148, 3)
Warped image: (1410, 600, 3)
Successfully processed and saved image: 20230503crop980.jpg
