Correcting perspective for image: photos/20230607crop992.jpg

Number of components: 5
Component 0: 1667032
Component 1: 1315835
Component 2: 79
Component 3: 25
Component 4: 25

Area of each component: [1667032, 1315835, 79, 25, 25]
Largest component: 1


Number of contours: 1
Contour 0: 1024 points, area: 1313430.5
Largest contour: 1024 points, area: 1313430.5


Rectangle: ((549.1314697265625, 1049.243896484375), (776.6105346679688, 1755.0230712890625), 1.2364073991775513)


Bounding box: 
[[ 179.8513   163.55792]
 [ 956.281    180.31543]
 [ 918.4116  1934.9299 ]
 [ 141.98192 1918.1724 ]]

Output width: 600
 Output height: 1410
 Output size: (600, 1410)

Destination points: 
[[  50.   50.]
 [ 549.   50.]
 [ 549. 1359.]
 [  50. 1359.]]

Perspective transformation matrix: 
[[ 6.42386153e-01  1.38644524e-02 -6.78016273e+01]
 [-1.60939599e-02  7.45685499e-01 -6.90682509e+01]
 [ 4.47393193e-11  1.93209346e-12  1.00000000e+00]]

Real image: (2021, 1476, 3)
Warped image: (1410, 600, 3)
Successfully processed and saved image: 20230607crop992.jpg
