Correcting perspective for image: photos/20230512crop1016.jpg

Number of components: 2
Component 0: 1035037
Component 1: 1285071

Area of each component: [1035037, 1285071]
Largest component: 1


Number of contours: 1
Contour 0: 881 points, area: 1283250.5
Largest contour: 881 points, area: 1283250.5


Rectangle: ((541.456298828125, 1043.06787109375), (757.5283813476562, 1756.364990234375), 1.3434984683990479)


Bounding box: 
[[ 183.38638  156.24615]
 [ 940.70654  174.00745]
 [ 899.52625 1929.8896 ]
 [ 142.20609 1912.1283 ]]

Output width: 600
 Output height: 1410
 Output size: (600, 1410)

Destination points: 
[[  50.   50.]
 [ 549.   50.]
 [ 549. 1359.]
 [  50. 1359.]]

Perspective transformation matrix: 
[[ 6.58540118e-01  1.54445892e-02 -7.31804476e+01]
 [-1.74743265e-02  7.45084414e-01 -6.32120207e+01]
 [ 4.58235398e-11  2.15056143e-12  1.00000000e+00]]

Real image: (2021, 1148, 3)
Warped image: (1410, 600, 3)
Successfully processed and saved image: 20230512crop1016.jpg
