Correcting perspective for image: photos/20230510crop981.jpg

Number of components: 2
Component 0: 1076205
Component 1: 1243903

Area of each component: [1076205, 1243903]
Largest component: 1


Number of contours: 1
Contour 0: 841 points, area: 1241531.0
Largest contour: 841 points, area: 1241531.0


Rectangle: ((545.2431030273438, 1033.86865234375), (1708.97802734375, 748.7449951171875), 88.73500061035156)


Bounding box: 
[[ 152.09763  187.85278]
 [ 900.66016  171.323  ]
 [ 938.38855 1879.8845 ]
 [ 189.82605 1896.4143 ]]

Output width: 600
 Output height: 1410
 Output size: (600, 1410)

Destination points: 
[[  50.   50.]
 [ 549.   50.]
 [ 549. 1359.]
 [  50. 1359.]]

Perspective transformation matrix: 
[[ 6.66286083e-01 -1.47129182e-02 -4.85766688e+01]
 [ 1.69097198e-02  7.65768129e-01 -9.64236028e+01]
 [-1.05277928e-12 -2.38262719e-11  1.00000000e+00]]

Real image: (2021, 1148, 3)
Warped image: (1410, 600, 3)
Successfully processed and saved image: 20230510crop981.jpg
