Correcting perspective for image: photos/20230602crop986.jpg

Number of components: 2
Component 0: 1697475
Component 1: 1285521

Area of each component: [1697475, 1285521]
Largest component: 1


Number of contours: 1
Contour 0: 966 points, area: 1287348.5
Largest contour: 966 points, area: 1287348.5


Rectangle: ((743.071533203125, 1020.4171142578125), (768.528564453125, 1761.4912109375), 0.35367318987846375)


Bounding box: 
[[ 364.25116  137.31635]
 [1132.7651   142.0603 ]
 [1121.8918  1903.5178 ]
 [ 353.378   1898.7739 ]]

Output width: 600
 Output height: 1410
 Output size: (600, 1410)

Destination points: 
[[  50.   50.]
 [ 549.   50.]
 [ 549. 1359.]
 [  50. 1359.]]

Perspective transformation matrix: 
[[ 6.49280259e-01  4.00788873e-03 -1.87051437e+02]
 [-4.58711953e-03  7.43106098e-01 -5.03697513e+01]
 [-4.39691460e-11 -9.07212712e-11  1.00000000e+00]]

Real image: (2021, 1476, 3)
Warped image: (1410, 600, 3)
Successfully processed and saved image: 20230602crop986.jpg
