Correcting perspective for image: photos/20230605crop1001.jpg

Number of components: 2
Component 0: 1698171
Component 1: 1284825

Area of each component: [1698171, 1284825]
Largest component: 1


Number of contours: 1
Contour 0: 880 points, area: 1285078.0
Largest contour: 880 points, area: 1285078.0


Rectangle: ((777.048828125, 1019.3536376953125), (758.0924682617188, 1751.27490234375), 1.4818974733352661)


Bounding box: 
[[ 420.77432  134.20648]
 [1178.6133   153.81165]
 [1133.3234  1904.5007 ]
 [ 375.4844  1884.8956 ]]

Output width: 600
 Output height: 1410
 Output size: (600, 1410)

Destination points: 
[[  50.   50.]
 [ 549.   50.]
 [ 549. 1359.]
 [  50. 1359.]]

Perspective transformation matrix: 
[[ 6.58010828e-01  1.70225855e-02 -2.29158603e+02]
 [-1.93300794e-02  7.47205474e-01 -4.21462178e+01]
 [-4.59115778e-11 -2.37703561e-12  1.00000000e+00]]

Real image: (2021, 1476, 3)
Warped image: (1410, 600, 3)
Successfully processed and saved image: 20230605crop1001.jpg
