Correcting perspective for image: photos/20230517crop987.jpg

Number of components: 2
Component 0: 1044922
Component 1: 1275186

Area of each component: [1044922, 1275186]
Largest component: 1


Number of contours: 1
Contour 0: 963 points, area: 1272799.5
Largest contour: 963 points, area: 1272799.5


Rectangle: ((548.28369140625, 1022.7361450195312), (770.296630859375, 1721.316162109375), 1.4726719856262207)


Bounding box: 
[[ 185.38162  152.464  ]
 [ 955.4238   172.26062]
 [ 911.1858  1893.0083 ]
 [ 141.14359 1873.2117 ]]

Output width: 600
 Output height: 1410
 Output size: (600, 1410)

Destination points: 
[[  50.   50.]
 [ 549.   50.]
 [ 549. 1359.]
 [  50. 1359.]]

Perspective transformation matrix: 
[[ 6.47588426e-01  1.66486007e-02 -7.25893052e+01]
 [-1.95439311e-02  7.60213391e-01 -6.22820922e+01]
 [ 1.14928394e-11  5.91320894e-13  1.00000000e+00]]

Real image: (2021, 1148, 3)
Warped image: (1410, 600, 3)
Successfully processed and saved image: 20230517crop987.jpg
