Correcting perspective for image: photos/20230426crop1013.jpg

Number of components: 2
Component 0: 1064429
Component 1: 1255679

Area of each component: [1064429, 1255679]
Largest component: 1


Number of contours: 1
Contour 0: 749 points, area: 1253323.5
Largest contour: 749 points, area: 1253323.5


Rectangle: ((504.17669677734375, 1069.6510009765625), (756.4539794921875, 1745.792724609375), 2.7830209732055664)


Bounding box: 
[[ 168.77826  179.41983]
 [ 924.33997  216.14856]
 [ 839.57513 1959.8822 ]
 [  84.0134  1923.1534 ]]

Output width: 600
 Output height: 1410
 Output size: (600, 1410)

Destination points: 
[[  50.   50.]
 [ 549.   50.]
 [ 549. 1359.]
 [  50. 1359.]]

Perspective transformation matrix: 
[[ 6.58878858e-01  3.20288473e-02 -6.69510367e+01]
 [-3.64057879e-02  7.48918371e-01 -7.82263012e+01]
 [ 2.07583275e-11  2.52410926e-11  1.00000000e+00]]

Real image: (2021, 1148, 3)
Warped image: (1410, 600, 3)
Successfully processed and saved image: 20230426crop1013.jpg
