Correcting perspective for image: photos/20230529crop992.jpg

Number of components: 2
Component 0: 1743285
Component 1: 1239711

Area of each component: [1743285, 1239711]
Largest component: 1


Number of contours: 1
Contour 0: 886 points, area: 1244073.5
Largest contour: 886 points, area: 1244073.5


Rectangle: ((795.6192626953125, 1003.5675048828125), (750.99951171875, 1793.0855712890625), 1.028275489807129)


Bounding box: 
[[ 436.26923   100.43045 ]
 [1187.1477    113.907715]
 [1154.9692   1906.7046  ]
 [ 404.09076  1893.2273  ]]

Output width: 600
 Output height: 1410
 Output size: (600, 1410)

Destination points: 
[[  50.   50.]
 [ 549.   50.]
 [ 549. 1359.]
 [  50. 1359.]]

Perspective transformation matrix: 
[[ 6.64340934e-01  1.19240910e-02 -2.41029047e+02]
 [-1.31008881e-02  7.29908942e-01 -1.75895690e+01]
 [ 2.26479860e-11  8.13267158e-13  1.00000000e+00]]

Real image: (2021, 1476, 3)
Warped image: (1410, 600, 3)
Successfully processed and saved image: 20230529crop992.jpg
