Correcting perspective for image: photos/20230505crop1009.jpg

Number of components: 2
Component 0: 1078940
Component 1: 1241168

Area of each component: [1078940, 1241168]
Largest component: 1


Number of contours: 1
Contour 0: 986 points, area: 1247049.5
Largest contour: 986 points, area: 1247049.5


Rectangle: ((502.56768798828125, 1040.4100341796875), (750.7247924804688, 1735.76513671875), 0.45113855600357056)


Bounding box: 
[[ 134.05042  169.59885]
 [ 884.75195  175.50989]
 [ 871.08496 1911.2212 ]
 [ 120.38343 1905.3102 ]]

Output width: 600
 Output height: 1410
 Output size: (600, 1410)

Destination points: 
[[  50.   50.]
 [ 549.   50.]
 [ 549. 1359.]
 [  50. 1359.]]

Perspective transformation matrix: 
[[ 6.64670347e-01  5.23361153e-03 -3.99869506e+01]
 [-5.93788778e-03  7.54110895e-01 -7.71003617e+01]
 [-2.33244373e-11 -6.22294646e-12  1.00000000e+00]]

Real image: (2021, 1148, 3)
Warped image: (1410, 600, 3)
Successfully processed and saved image: 20230505crop1009.jpg
