Correcting perspective for image: photos/20230508crop991.jpg

Number of components: 2
Component 0: 1017172
Component 1: 1302936

Area of each component: [1017172, 1302936]
Largest component: 1


Number of contours: 1
Contour 0: 911 points, area: 1300502.5
Largest contour: 911 points, area: 1300502.5


Rectangle: ((568.207275390625, 1091.0167236328125), (779.5718994140625, 1752.6171875), 2.1575117111206055)


Bounding box: 
[[ 211.6878   200.65514]
 [ 990.7071   230.00354]
 [ 924.72675 1981.3783 ]
 [ 145.70746 1952.0299 ]]

Output width: 600
 Output height: 1410
 Output size: (600, 1410)

Destination points: 
[[  50.   50.]
 [ 549.   50.]
 [ 549. 1359.]
 [  50. 1359.]]

Perspective transformation matrix: 
[[ 6.39641122e-01  2.40974940e-02 -9.02395113e+01]
 [-2.81177709e-02  7.46353549e-01 -9.38074838e+01]
 [-1.11363802e-11 -8.40284640e-13  1.00000000e+00]]

Real image: (2021, 1148, 3)
Warped image: (1410, 600, 3)
Successfully processed and saved image: 20230508crop991.jpg
