Correcting perspective for image: photos/20230529crop985.jpg

Number of components: 2
Component 0: 1736781
Component 1: 1246215

Area of each component: [1736781, 1246215]
Largest component: 1


Number of contours: 1
Contour 0: 682 points, area: 1247884.0
Largest contour: 682 points, area: 1247884.0


Rectangle: ((778.5966796875, 1011.8077392578125), (755.257080078125, 1712.5584716796875), 1.5576250553131104)


Bounding box: 
[[ 424.38336  145.58006]
 [1179.3613   166.10962]
 [1132.81    1878.0354 ]
 [ 377.83197 1857.5059 ]]

Output width: 600
 Output height: 1410
 Output size: (600, 1410)

Destination points: 
[[  50.   50.]
 [ 549.   50.]
 [ 549. 1359.]
 [  50. 1359.]]

Perspective transformation matrix: 
[[ 6.60458079e-01  1.79594529e-02 -2.32901958e+02]
 [-2.07768200e-02  7.64071106e-01 -5.24161827e+01]
 [-1.69086738e-11  9.35972163e-11  1.00000000e+00]]

Real image: (2021, 1476, 3)
Warped image: (1410, 600, 3)
Successfully processed and saved image: 20230529crop985.jpg
