Correcting perspective for image: photos/20230512crop1022.jpg

Number of components: 2
Component 0: 1052478
Component 1: 1267630

Area of each component: [1052478, 1267630]
Largest component: 1


Number of contours: 1
Contour 0: 779 points, area: 1265235.0
Largest contour: 779 points, area: 1265235.0


Rectangle: ((552.0733642578125, 1012.90625), (759.2465209960938, 1732.3707275390625), 1.2358341217041016)


Bounding box: 
[[ 191.22006  138.73479]
 [ 950.2899   155.10999]
 [ 912.92664 1887.0778 ]
 [ 153.85678 1870.7025 ]]

Output width: 600
 Output height: 1410
 Output size: (600, 1410)

Destination points: 
[[  50.   50.]
 [ 549.   50.]
 [ 549. 1359.]
 [  50. 1359.]]

Perspective transformation matrix: 
[[ 6.57077734e-01  1.41749640e-02 -7.76130055e+01]
 [-1.62968087e-02  7.55436194e-01 -5.16890024e+01]
 [ 3.47707063e-11  1.50089680e-12  1.00000000e+00]]

Real image: (2021, 1148, 3)
Warped image: (1410, 600, 3)
Successfully processed and saved image: 20230512crop1022.jpg
