Correcting perspective for image: photos/20230522crop1013.jpg

Number of components: 2
Component 0: 1057563
Component 1: 1262545

Area of each component: [1057563, 1262545]
Largest component: 1


Number of contours: 1
Contour 0: 969 points, area: 1260272.5
Largest contour: 969 points, area: 1260272.5


Rectangle: ((589.2366943359375, 1043.2449951171875), (753.5617065429688, 1722.6549072265625), 2.0576460361480713)


Bounding box: 
[[ 243.62476  168.94463]
 [ 996.70056  196.00122]
 [ 934.84863 1917.5454 ]
 [ 181.77283 1890.4888 ]]

Output width: 600
 Output height: 1410
 Output size: (600, 1410)

Destination points: 
[[  50.   50.]
 [ 549.   50.]
 [ 549. 1359.]
 [  50. 1359.]]

Perspective transformation matrix: 
[[ 6.61761699e-01  2.37758861e-02 -1.15238340e+02]
 [-2.72832225e-02  7.59383661e-01 -7.16469197e+01]
 [ 3.51724840e-11  2.53063303e-12  1.00000000e+00]]

Real image: (2021, 1148, 3)
Warped image: (1410, 600, 3)
Successfully processed and saved image: 20230522crop1013.jpg
