Correcting perspective for image: photos/20230526crop985.jpg

Number of components: 2
Component 0: 1639547
Component 1: 1343449

Area of each component: [1639547, 1343449]
Largest component: 1


Number of contours: 1
Contour 0: 941 points, area: 1353053.5
Largest contour: 941 points, area: 1353053.5


Rectangle: ((724.2032470703125, 1030.631591796875), (784.9241333007812, 1810.4617919921875), 1.9795845746994019)


Bounding box: 
[[ 363.24518  112.38399]
 [1147.7009   139.49792]
 [1085.1614  1948.8792 ]
 [ 300.70563 1921.7653 ]]

Output width: 600
 Output height: 1410
 Output size: (600, 1410)

Destination points: 
[[  50.   50.]
 [ 549.   50.]
 [ 549. 1359.]
 [  50. 1359.]]

Perspective transformation matrix: 
[[ 6.35350752e-01  2.19602972e-02 -1.83256083e+02]
 [-2.49755572e-02  7.22588457e-01 -2.21351220e+01]
 [-3.21356131e-11 -2.22413033e-12  1.00000000e+00]]

Real image: (2021, 1476, 3)
Warped image: (1410, 600, 3)
Successfully processed and saved image: 20230526crop985.jpg
