Correcting perspective for image: photos/20230426crop1000.jpg

Number of components: 2
Component 0: 1049404
Component 1: 1270704

Area of each component: [1049404, 1270704]
Largest component: 1


Number of contours: 1
Contour 0: 654 points, area: 1268296.5
Largest contour: 654 points, area: 1268296.5


Rectangle: ((529.7467651367188, 1080.3507080078125), (761.582763671875, 1733.13623046875), 0.9568343758583069)


Bounding box: 
[[ 163.47942  207.54453]
 [ 924.956    220.26233]
 [ 896.0141  1953.1569 ]
 [ 134.53752 1940.4391 ]]

Output width: 600
 Output height: 1410
 Output size: (600, 1410)

Destination points: 
[[  50.   50.]
 [ 549.   50.]
 [ 549. 1359.]
 [  50. 1359.]]

Perspective transformation matrix: 
[[ 6.55123021e-01  1.09415205e-02 -5.93699817e+01]
 [-1.26125238e-02  7.55172872e-01 -1.04670107e+02]
 [-2.31077669e-11 -7.72082737e-13  1.00000000e+00]]

Real image: (2021, 1148, 3)
Warped image: (1410, 600, 3)
Successfully processed and saved image: 20230426crop1000.jpg
