Correcting perspective for image: photos/20230508crop1001.jpg

Number of components: 2
Component 0: 1007294
Component 1: 1312814

Area of each component: [1007294, 1312814]
Largest component: 1


Number of contours: 1
Contour 0: 833 points, area: 1310372.0
Largest contour: 833 points, area: 1310372.0


Rectangle: ((570.3941040039062, 1046.52880859375), (767.0869750976562, 1775.0660400390625), 1.327932357788086)


Bounding box: 
[[ 207.52193  150.34566]
 [ 974.4029   168.12268]
 [ 933.2663  1942.7119 ]
 [ 166.38533 1924.9349 ]]

Output width: 600
 Output height: 1410
 Output size: (600, 1410)

Destination points: 
[[  50.   50.]
 [ 549.   50.]
 [ 549. 1359.]
 [  50. 1359.]]

Perspective transformation matrix: 
[[ 6.50338198e-01  1.50754321e-02 -8.72259622e+01]
 [-1.70899034e-02  7.37239306e-01 -5.72941987e+01]
 [-3.35826890e-11 -1.55779211e-12  1.00000000e+00]]

Real image: (2021, 1148, 3)
Warped image: (1410, 600, 3)
Successfully processed and saved image: 20230508crop1001.jpg
