Correcting perspective for image: photos/20230515crop1015.jpg

Number of components: 2
Component 0: 1012012
Component 1: 1308096

Area of each component: [1012012, 1308096]
Largest component: 1


Number of contours: 1
Contour 0: 889 points, area: 1305661.5
Largest contour: 889 points, area: 1305661.5


Rectangle: ((578.4563598632812, 1055.04833984375), (764.0555419921875, 1757.684814453125), 1.4766855239868164)


Bounding box: 
[[ 219.20341  166.6529 ]
 [ 983.0052   186.34277]
 [ 937.7093  1943.4438 ]
 [ 173.90752 1923.7539 ]]

Output width: 600
 Output height: 1410
 Output size: (600, 1410)

Destination points: 
[[  50.   50.]
 [ 549.   50.]
 [ 549. 1359.]
 [  50. 1359.]]

Perspective transformation matrix: 
[[ 6.52877034e-01  1.68303653e-02 -9.59177040e+01]
 [-1.91918471e-02  7.44482357e-01 -6.98632198e+01]
 [ 4.53875729e-11  2.34162861e-12  1.00000000e+00]]

Real image: (2021, 1148, 3)
Warped image: (1410, 600, 3)
Successfully processed and saved image: 20230515crop1015.jpg
