Correcting perspective for image: photos/20230512crop1001.jpg

Number of components: 2
Component 0: 1050835
Component 1: 1269273

Area of each component: [1050835, 1269273]
Largest component: 1


Number of contours: 1
Contour 0: 787 points, area: 1266873.0
Largest contour: 787 points, area: 1266873.0


Rectangle: ((557.7630615234375, 1001.95458984375), (750.2150268554688, 1743.70263671875), 1.1196447610855103)


Bounding box: 
[[ 199.76335   122.940025]
 [ 949.83514   137.59949 ]
 [ 915.76276  1880.9691  ]
 [ 165.69096  1866.3097  ]]

Output width: 600
 Output height: 1410
 Output size: (600, 1410)

Destination points: 
[[  50.   50.]
 [ 549.   50.]
 [ 549. 1359.]
 [  50. 1359.]]

Perspective transformation matrix: 
[[ 6.65015616e-01  1.29970541e-02 -8.44436067e+01]
 [-1.46689674e-02  7.50558077e-01 -3.93433072e+01]
 [-2.91386956e-11 -1.13940782e-12  1.00000000e+00]]

Real image: (2021, 1148, 3)
Warped image: (1410, 600, 3)
Successfully processed and saved image: 20230512crop1001.jpg
