Correcting perspective for image: photos/20230505crop997.jpg

Number of components: 2
Component 0: 1072273
Component 1: 1247835

Area of each component: [1072273, 1247835]
Largest component: 1


Number of contours: 1
Contour 0: 805 points, area: 1245469.0
Largest contour: 805 points, area: 1245469.0


Rectangle: ((534.314208984375, 1083.212890625), (757.6419067382812, 1713.4317626953125), 0.904315173625946)


Bounding box: 
[[ 169.06169  220.62494]
 [ 926.6092   232.58252]
 [ 899.5667  1945.8008 ]
 [ 142.01921 1933.8433 ]]

Output width: 600
 Output height: 1410
 Output size: (600, 1410)

Destination points: 
[[  50.   50.]
 [ 549.   50.]
 [ 549. 1359.]
 [  50. 1359.]]

Perspective transformation matrix: 
[[ 6.58540460e-01  1.03948033e-02 -6.36273172e+01]
 [-1.20573612e-02  7.63868743e-01 -1.16490057e+02]
 [-4.69929694e-11 -1.48390047e-12  1.00000000e+00]]

Real image: (2021, 1148, 3)
Warped image: (1410, 600, 3)
Successfully processed and saved image: 20230505crop997.jpg
