Correcting perspective for image: photos/20230510crop1012.jpg

Number of components: 2
Component 0: 1070993
Component 1: 1249115

Area of each component: [1070993, 1249115]
Largest component: 1


Number of contours: 1
Contour 0: 996 points, area: 1246884.0
Largest contour: 996 points, area: 1246884.0


Rectangle: ((501.6413269042969, 1053.85205078125), (1736.4266357421875, 746.47607421875), 87.67454528808594)


Bounding box: 
[[  93.482315  201.49817 ]
 [ 839.3436    171.20935 ]
 [ 909.80035  1906.2059  ]
 [ 163.93903  1936.4948  ]]

Output width: 600
 Output height: 1410
 Output size: (600, 1410)

Destination points: 
[[  50.   50.]
 [ 549.   50.]
 [ 549. 1359.]
 [  50. 1359.]]

Perspective transformation matrix: 
[[ 6.67923708e-01 -2.71238036e-02 -6.97365760e+00]
 [ 3.05879010e-02  7.53226215e-01 -1.04633131e+02]
 [ 9.54522996e-13  1.17331698e-11  1.00000000e+00]]

Real image: (2021, 1148, 3)
Warped image: (1410, 600, 3)
Successfully processed and saved image: 20230510crop1012.jpg
