Correcting perspective for image: photos/20230510crop1009.jpg

Number of components: 2
Component 0: 1060667
Component 1: 1259441

Area of each component: [1060667, 1259441]
Largest component: 1


Number of contours: 1
Contour 0: 905 points, area: 1260310.5
Largest contour: 905 points, area: 1260310.5


Rectangle: ((511.4780578613281, 1045.7642822265625), (1745.9498291015625, 753.4866943359375), 89.19684600830078)


Bounding box: 
[[ 122.53503  178.156  ]
 [ 875.9477   167.59424]
 [ 900.4211  1913.3726 ]
 [ 147.00842 1923.9343 ]]

Output width: 600
 Output height: 1410
 Output size: (600, 1410)

Destination points: 
[[  50.   50.]
 [ 549.   50.]
 [ 549. 1359.]
 [  50. 1359.]]

Perspective transformation matrix: 
[[ 6.62189497e-01 -9.28298073e-03 -2.94875889e+01]
 [ 1.05091816e-02  7.49661497e-01 -8.48444410e+01]
 [-1.62566758e-13 -5.79711676e-12  1.00000000e+00]]

Real image: (2021, 1148, 3)
Warped image: (1410, 600, 3)
Successfully processed and saved image: 20230510crop1009.jpg
