Correcting perspective for image: photos/20230505crop1012.jpg

Number of components: 3
Component 0: 1079389
Component 1: 1240667
Component 2: 52

Area of each component: [1079389, 1240667, 52]
Largest component: 1


Number of contours: 1
Contour 0: 956 points, area: 1238250.5
Largest contour: 956 points, area: 1238250.5


Rectangle: ((440.01116943359375, 1045.30859375), (750.83642578125, 1737.7374267578125), 0.5354589819908142)


Bounding box: 
[[  72.72926   172.96942 ]
 [ 823.5329    179.9862  ]
 [ 807.2931   1917.6477  ]
 [  56.489456 1910.631   ]]

Output width: 600
 Output height: 1410
 Output size: (600, 1410)

Destination points: 
[[  50.   50.]
 [ 549.   50.]
 [ 549. 1359.]
 [  50. 1359.]]

Perspective transformation matrix: 
[[ 6.64563110e-01  6.21086231e-03  5.92525129e-01]
 [-7.03960752e-03  7.53245455e-01 -7.97764452e+01]
 [-4.67707927e-11 -8.74295809e-13  1.00000000e+00]]

Real image: (2021, 1148, 3)
Warped image: (1410, 600, 3)
Successfully processed and saved image: 20230505crop1012.jpg
