Correcting perspective for image: photos/20230515crop975.jpg

Number of components: 2
Component 0: 1026468
Component 1: 1293640

Area of each component: [1026468, 1293640]
Largest component: 1


Number of contours: 1
Contour 0: 1034 points, area: 1291217.0
Largest contour: 1034 points, area: 1291217.0


Rectangle: ((552.65771484375, 1047.886474609375), (767.7896118164062, 1751.3836669921875), 0.9166542887687683)


Bounding box: 
[[ 182.82132  166.16518]
 [ 950.5127   178.44824]
 [ 922.49414 1929.6078 ]
 [ 154.80276 1917.3247 ]]

Output width: 600
 Output height: 1410
 Output size: (600, 1410)

Destination points: 
[[  50.   50.]
 [ 549.   50.]
 [ 549. 1359.]
 [  50. 1359.]]

Perspective transformation matrix: 
[[ 6.49834439e-01  1.03973518e-02 -7.05312673e+01]
 [-1.19570175e-02  7.47313401e-01 -7.19914653e+01]
 [ 1.13415962e-11  3.63024036e-13  1.00000000e+00]]

Real image: (2021, 1148, 3)
Warped image: (1410, 600, 3)
Successfully processed and saved image: 20230515crop975.jpg
