Correcting perspective for image: photos/20230501crop1018.jpg

Number of components: 2
Component 0: 1012745
Component 1: 1307363

Area of each component: [1012745, 1307363]
Largest component: 1


Number of contours: 1
Contour 0: 830 points, area: 1305018.5
Largest contour: 830 points, area: 1305018.5


Rectangle: ((516.3760986328125, 1078.0299072265625), (763.4087524414062, 1766.98486328125), 1.9547284841537476)


Bounding box: 
[[ 165.02965  182.03174]
 [ 927.99414  208.07153]
 [ 867.72253 1974.0281 ]
 [ 104.75807 1947.9883 ]]

Output width: 600
 Output height: 1410
 Output size: (600, 1410)

Destination points: 
[[  50.   50.]
 [ 549.   50.]
 [ 549. 1359.]
 [  50. 1359.]]

Perspective transformation matrix: 
[[ 6.53266862e-01  2.22958042e-02 -6.18669444e+01]
 [-2.52689536e-02  7.40378888e-01 -8.06023296e+01]
 [ 1.54247763e-12 -2.25708746e-11  1.00000000e+00]]

Real image: (2021, 1148, 3)
Warped image: (1410, 600, 3)
Successfully processed and saved image: 20230501crop1018.jpg
