Correcting perspective for image: photos/20230522crop995.jpg

Number of components: 2
Component 0: 1071226
Component 1: 1248882

Area of each component: [1071226, 1248882]
Largest component: 1


Number of contours: 1
Contour 0: 894 points, area: 1246472.0
Largest contour: 894 points, area: 1246472.0


Rectangle: ((524.6268920898438, 1022.0189208984375), (753.118408203125, 1726.5660400390625), 2.793717384338379)


Bounding box: 
[[ 190.59183  141.40834]
 [ 942.8152   178.1156 ]
 [ 858.662   1902.6295 ]
 [ 106.43861 1865.9222 ]]

Output width: 600
 Output height: 1410
 Output size: (600, 1410)

Destination points: 
[[  50.   50.]
 [ 549.   50.]
 [ 549. 1359.]
 [  50. 1359.]]

Perspective transformation matrix: 
[[ 6.61790901e-01  3.22942237e-02 -8.06986096e+01]
 [-3.69526141e-02  7.57251285e-01 -5.00387810e+01]
 [ 9.96516063e-12  1.86610317e-11  1.00000000e+00]]

Real image: (2021, 1148, 3)
Warped image: (1410, 600, 3)
Successfully processed and saved image: 20230522crop995.jpg
