Correcting perspective for image: photos/20230602crop994.jpg

Number of components: 2
Component 0: 1796098
Component 1: 1186898

Area of each component: [1796098, 1186898]
Largest component: 1


Number of contours: 1
Contour 0: 1059 points, area: 1197847.5
Largest contour: 1059 points, area: 1197847.5


Rectangle: ((723.7282104492188, 1058.423095703125), (1753.6795654296875, 760.6541137695312), 89.74815368652344)


Bounding box: 
[[ 339.55063  183.26353]
 [1100.1975   179.92003]
 [1107.9058  1933.5826 ]
 [ 347.2589  1936.9261 ]]

Output width: 600
 Output height: 1410
 Output size: (600, 1410)

Destination points: 
[[  50.   50.]
 [ 549.   50.]
 [ 549. 1359.]
 [  50. 1359.]]

Perspective transformation matrix: 
[[ 6.56007892e-01 -2.88350570e-03 -1.72219451e+02]
 [ 3.28098460e-03  7.46423308e-01 -8.79062343e+01]
 [-2.01123205e-13 -2.28768251e-11  1.00000000e+00]]

Real image: (2021, 1476, 3)
Warped image: (1410, 600, 3)
Successfully processed and saved image: 20230602crop994.jpg
