Correcting perspective for image: photos/20230517crop1018.jpg

Number of components: 2
Component 0: 1021617
Component 1: 1298491

Area of each component: [1021617, 1298491]
Largest component: 1


Number of contours: 1
Contour 0: 741 points, area: 1296050.5
Largest contour: 741 points, area: 1296050.5


Rectangle: ((511.72821044921875, 1036.8492431640625), (760.4673461914062, 1761.65185546875), 0.9426243901252747)


Bounding box: 
[[ 146.03659  149.8872 ]
 [ 906.40106  162.3977 ]
 [ 877.4198  1923.8113 ]
 [ 117.05538 1911.3008 ]]

Output width: 600
 Output height: 1410
 Output size: (600, 1410)

Destination points: 
[[  50.   50.]
 [ 549.   50.]
 [ 549. 1359.]
 [  50. 1359.]]

Perspective transformation matrix: 
[[ 6.56086610e-01  1.07948410e-02 -4.74306605e+01]
 [-1.22240046e-02  7.42951939e-01 -5.95738395e+01]
 [ 1.31145218e-12 -3.98430225e-11  1.00000000e+00]]

Real image: (2021, 1148, 3)
Warped image: (1410, 600, 3)
Successfully processed and saved image: 20230517crop1018.jpg
