Correcting perspective for image: photos/20230605crop1011.jpg

Number of components: 2
Component 0: 1655606
Component 1: 1327390

Area of each component: [1655606, 1327390]
Largest component: 1


Number of contours: 1
Contour 0: 916 points, area: 1329014.0
Largest contour: 916 points, area: 1329014.0


Rectangle: ((704.880126953125, 1027.4569091796875), (1771.5389404296875, 777.180908203125), 89.3291244506836)


Bounding box: 
[[ 305.9451   146.29808]
 [1083.0728   137.19823]
 [1103.8152  1908.6157 ]
 [ 326.6875  1917.7156 ]]

Output width: 600
 Output height: 1410
 Output size: (600, 1410)

Destination points: 
[[  50.   50.]
 [ 549.   50.]
 [ 549. 1359.]
 [  50. 1359.]]

Perspective transformation matrix: 
[[ 6.42020122e-01 -7.51772914e-03 -1.45323080e+02]
 [ 8.65169559e-03  7.38854959e-01 -6.07400059e+01]
 [ 5.19027635e-13  2.21594063e-11  1.00000000e+00]]

Real image: (2021, 1476, 3)
Warped image: (1410, 600, 3)
Successfully processed and saved image: 20230605crop1011.jpg
