Correcting perspective for image: photos/20230424crop980.jpg

Number of components: 2
Component 0: 1049649
Component 1: 1270459

Area of each component: [1049649, 1270459]
Largest component: 1


Number of contours: 1
Contour 0: 799 points, area: 1268027.5
Largest contour: 799 points, area: 1268027.5


Rectangle: ((488.2684020996094, 1057.053955078125), (1741.446044921875, 762.3193969726562), 88.42082214355469)


Bounding box: 
[[  83.25777  197.16579]
 [ 845.2876   176.15749]
 [ 893.27905 1916.9421 ]
 [ 131.2492  1937.9504 ]]

Output width: 600
 Output height: 1410
 Output size: (600, 1410)

Destination points: 
[[  50.   50.]
 [ 549.   50.]
 [ 549. 1359.]
 [  50. 1359.]]

Perspective transformation matrix: 
[[ 6.54332689e-01 -1.80392025e-02 -9.21564703e-01]
 [ 2.07149364e-02  7.51388685e-01 -9.98728204e+01]
 [ 6.33277298e-13  1.14765914e-11  1.00000000e+00]]

Real image: (2021, 1148, 3)
Warped image: (1410, 600, 3)
Successfully processed and saved image: 20230424crop980.jpg
