Correcting perspective for image: photos/20230426crop1021.jpg

Number of components: 2
Component 0: 1038314
Component 1: 1281794

Area of each component: [1038314, 1281794]
Largest component: 1


Number of contours: 1
Contour 0: 684 points, area: 1279378.5
Largest contour: 684 points, area: 1279378.5


Rectangle: ((507.37982177734375, 1075.983154296875), (1745.9381103515625, 759.96484375), 89.95237731933594)


Bounding box: 
[[ 126.67195  203.3302 ]
 [ 886.63654  202.69861]
 [ 888.0877  1948.6361 ]
 [ 128.12311 1949.2677 ]]

Output width: 600
 Output height: 1410
 Output size: (600, 1410)

Destination points: 
[[  50.   50.]
 [ 549.   50.]
 [ 549. 1359.]
 [  50. 1359.]]

Perspective transformation matrix: 
[[ 6.56609093e-01 -5.45747844e-04 -3.30629879e+01]
 [ 6.23094318e-04  7.49739968e-01 -1.02523706e+02]
 [ 1.91137301e-14  1.14999807e-11  1.00000000e+00]]

Real image: (2021, 1148, 3)
Warped image: (1410, 600, 3)
Successfully processed and saved image: 20230426crop1021.jpg
