Correcting perspective for image: photos/20230424crop1016.jpg

Number of components: 2
Component 0: 1027667
Component 1: 1292441

Area of each component: [1027667, 1292441]
Largest component: 1


Number of contours: 1
Contour 0: 884 points, area: 1290711.5
Largest contour: 884 points, area: 1290711.5


Rectangle: ((461.7510681152344, 1049.095703125), (1766.0770263671875, 763.5477905273438), 88.95520782470703)


Bounding box: 
[[  63.939262  173.16528 ]
 [ 827.3601    159.24268 ]
 [ 859.56287  1925.0261  ]
 [  96.14203  1938.9487  ]]

Output width: 600
 Output height: 1410
 Output size: (600, 1410)

Destination points: 
[[  50.   50.]
 [ 549.   50.]
 [ 549. 1359.]
 [  50. 1359.]]

Perspective transformation matrix: 
[[ 6.53419532e-01 -1.19164766e-02  1.02843571e+01]
 [ 1.35149469e-02  7.41067524e-01 -7.91913034e+01]
 [-2.06293763e-13 -5.65399340e-12  1.00000000e+00]]

Real image: (2021, 1148, 3)
Warped image: (1410, 600, 3)
Successfully processed and saved image: 20230424crop1016.jpg
