Correcting perspective for image: photos/20230524crop1013.jpg

Number of components: 3
Component 0: 1689847
Component 1: 1293084
Component 2: 65

Area of each component: [1689847, 1293084, 65]
Largest component: 1


Number of contours: 1
Contour 0: 858 points, area: 1299768.5
Largest contour: 858 points, area: 1299768.5


Rectangle: ((791.9554443359375, 1040.5814208984375), (764.1520385742188, 1763.89501953125), 2.1386826038360596)


Bounding box: 
[[ 443.0584   144.98982]
 [1206.6782   173.50671]
 [1140.8525  1936.173  ]
 [ 377.23273 1907.6561 ]]

Output width: 600
 Output height: 1410
 Output size: (600, 1410)

Destination points: 
[[  50.   50.]
 [ 549.   50.]
 [ 549. 1359.]
 [  50. 1359.]]

Perspective transformation matrix: 
[[ 6.52556459e-01  2.43693175e-02 -2.42653932e+02]
 [-2.76942311e-02  7.41590726e-01 -4.52529464e+01]
 [-3.38670555e-11 -2.53302164e-12  1.00000000e+00]]

Real image: (2021, 1476, 3)
Warped image: (1410, 600, 3)
Successfully processed and saved image: 20230524crop1013.jpg
