Correcting perspective for image: photos/20230519crop1013.jpg

Number of components: 2
Component 0: 1056039
Component 1: 1264069

Area of each component: [1056039, 1264069]
Largest component: 1


Number of contours: 1
Contour 0: 952 points, area: 1261680.0
Largest contour: 952 points, area: 1261680.0


Rectangle: ((546.4224243164062, 1042.072021484375), (754.0134887695312, 1728.5662841796875), 2.095846652984619)


Bounding box: 
[[ 201.27579  164.57942]
 [ 954.7849   192.15466]
 [ 891.5691  1919.5646 ]
 [ 138.05997 1891.9894 ]]

Output width: 600
 Output height: 1410
 Output size: (600, 1410)

Destination points: 
[[  50.   50.]
 [ 549.   50.]
 [ 549. 1359.]
 [  50. 1359.]]

Perspective transformation matrix: 
[[ 6.61349112e-01  2.42025504e-02 -8.70968054e+01]
 [-2.76945182e-02  7.56768392e-01 -6.89742689e+01]
 [-3.50278033e-11 -2.56717308e-12  1.00000000e+00]]

Real image: (2021, 1148, 3)
Warped image: (1410, 600, 3)
Successfully processed and saved image: 20230519crop1013.jpg
