Correcting perspective for image: photos/20230522crop1011.jpg

Number of components: 2
Component 0: 1043602
Component 1: 1276506

Area of each component: [1043602, 1276506]
Largest component: 1


Number of contours: 1
Contour 0: 1021 points, area: 1274110.5
Largest contour: 1021 points, area: 1274110.5


Rectangle: ((572.455810546875, 1026.7767333984375), (1732.2738037109375, 765.424072265625), 87.28445434570312)


Bounding box: 
[[ 149.13817  179.74442]
 [ 913.7027   143.4805 ]
 [ 995.77344 1873.8091 ]
 [ 231.20892 1910.073  ]]

Output width: 600
 Output height: 1410
 Output size: (600, 1410)

Destination points: 
[[  50.   50.]
 [ 549.   50.]
 [ 549. 1359.]
 [  50. 1359.]]

Perspective transformation matrix: 
[[ 6.51194124e-01 -3.08866160e-02 -4.15662023e+01]
 [ 3.58010433e-02  7.54805627e-01 -9.10113983e+01]
 [-1.08922204e-12 -1.14563787e-11  1.00000000e+00]]

Real image: (2021, 1148, 3)
Warped image: (1410, 600, 3)
Successfully processed and saved image: 20230522crop1011.jpg
