Correcting perspective for image: photos/20230424crop1020.jpg

Number of components: 2
Component 0: 1028772
Component 1: 1291336

Area of each component: [1028772, 1291336]
Largest component: 1


Number of contours: 1
Contour 0: 718 points, area: 1288952.0
Largest contour: 718 points, area: 1288952.0


Rectangle: ((502.72222900390625, 1068.0733642578125), (764.6668090820312, 1745.7520751953125), 1.1306910514831543)


Bounding box: 
[[ 137.68776   187.82271 ]
 [ 902.2056    202.91187 ]
 [ 867.7567   1948.324   ]
 [ 103.238815 1933.2349  ]]

Output width: 600
 Output height: 1410
 Output size: (600, 1410)

Destination points: 
[[  50.   50.]
 [ 549.   50.]
 [ 549. 1359.]
 [  50. 1359.]]

Perspective transformation matrix: 
[[ 6.52444762e-01  1.28772078e-02 -4.22522896e+01]
 [-1.47961905e-02  7.49674130e-01 -8.87685710e+01]
 [-3.51668513e-11  2.14901148e-11  1.00000000e+00]]

Real image: (2021, 1148, 3)
Warped image: (1410, 600, 3)
Successfully processed and saved image: 20230424crop1020.jpg
