Correcting perspective for image: photos/20230505crop995.jpg

Number of components: 2
Component 0: 1093021
Component 1: 1227087

Area of each component: [1093021, 1227087]
Largest component: 1


Number of contours: 1
Contour 0: 802 points, area: 1224736.0
Largest contour: 802 points, area: 1224736.0


Rectangle: ((508.73095703125, 1055.4307861328125), (1708.3502197265625, 745.7991333007812), 89.06388092041016)


Bounding box: 
[[ 121.92595  207.46196]
 [ 867.62555  195.27739]
 [ 895.53595 1903.3997 ]
 [ 149.83636 1915.5842 ]]

Output width: 600
 Output height: 1410
 Output size: (600, 1410)

Destination points: 
[[  50.   50.]
 [ 549.   50.]
 [ 549. 1359.]
 [  50. 1359.]]

Perspective transformation matrix: 
[[ 6.68991651e-01 -1.09312058e-02 -2.92996327e+01]
 [ 1.25184642e-02  7.66134016e-01 -1.10469990e+02]
 [-3.91273750e-13 -1.19698678e-11  1.00000000e+00]]

Real image: (2021, 1148, 3)
Warped image: (1410, 600, 3)
Successfully processed and saved image: 20230505crop995.jpg
