Correcting perspective for image: photos/20230531crop1001.jpg

Number of components: 2
Component 0: 1688569
Component 1: 1294427

Area of each component: [1688569, 1294427]
Largest component: 1


Number of contours: 1
Contour 0: 924 points, area: 1299159.0
Largest contour: 924 points, area: 1299159.0


Rectangle: ((744.9716796875, 1028.779296875), (762.92138671875, 1768.191162109375), 1.5747450590133667)


Bounding box: 
[[ 387.9509   134.53467]
 [1150.5841   155.50049]
 [1101.9924  1923.0239 ]
 [ 339.35922 1902.0581 ]]

Output width: 600
 Output height: 1410
 Output size: (600, 1410)

Destination points: 
[[  50.   50.]
 [ 549.   50.]
 [ 549. 1359.]
 [  50. 1359.]]

Perspective transformation matrix: 
[[ 6.53817781e-01  1.79743591e-02 -2.06067369e+02]
 [-2.03442885e-02  7.40024946e-01 -4.16664255e+01]
 [-1.16466826e-19 -3.54262054e-20  1.00000000e+00]]

Real image: (2021, 1476, 3)
Warped image: (1410, 600, 3)
Successfully processed and saved image: 20230531crop1001.jpg
