Correcting perspective for image: photos/20230519crop1002.jpg

Number of components: 2
Component 0: 1063016
Component 1: 1257092

Area of each component: [1063016, 1257092]
Largest component: 1


Number of contours: 1
Contour 0: 822 points, area: 1254888.0
Largest contour: 822 points, area: 1254888.0


Rectangle: ((542.9175415039062, 1039.46826171875), (762.758544921875, 1721.717041015625), 0.7029804587364197)


Bounding box: 
[[ 172.12888  173.99539]
 [ 934.82996  183.35376]
 [ 913.7062  1904.9412 ]
 [ 151.0051  1895.5828 ]]

Output width: 600
 Output height: 1410
 Output size: (600, 1410)

Destination points: 
[[  50.   50.]
 [ 549.   50.]
 [ 549. 1359.]
 [  50. 1359.]]

Perspective transformation matrix: 
[[ 6.54155226e-01  8.02644749e-03 -6.39955682e+01]
 [-9.32805076e-03  7.60230345e-01 -8.06709497e+01]
 [ 2.32311372e-11  5.70175770e-13  1.00000000e+00]]

Real image: (2021, 1148, 3)
Warped image: (1410, 600, 3)
Successfully processed and saved image: 20230519crop1002.jpg
