Correcting perspective for image: photos/20230508crop978.jpg

Number of components: 2
Component 0: 993495
Component 1: 1326613

Area of each component: [993495, 1326613]
Largest component: 1


Number of contours: 1
Contour 0: 900 points, area: 1324143.0
Largest contour: 900 points, area: 1324143.0


Rectangle: ((574.4476928710938, 1079.1605224609375), (775.6598510742188, 1786.38671875), 2.2993600368499756)


Bounding box: 
[[ 222.76553  171.12633]
 [ 997.8009   202.24622]
 [ 926.1299  1987.1947 ]
 [ 151.09451 1956.0748 ]]

Output width: 600
 Output height: 1410
 Output size: (600, 1410)

Destination points: 
[[  50.   50.]
 [ 549.   50.]
 [ 549. 1359.]
 [  50. 1359.]]

Perspective transformation matrix: 
[[ 6.42805209e-01  2.58105515e-02 -9.76117102e+01]
 [-2.93988836e-02  7.32174035e-01 -6.87451959e+01]
 [-1.09767266e-11 -8.82920130e-13  1.00000000e+00]]

Real image: (2021, 1148, 3)
Warped image: (1410, 600, 3)
Successfully processed and saved image: 20230508crop978.jpg
