Correcting perspective for image: photos/20230426crop986.jpg

Number of components: 2
Component 0: 1031580
Component 1: 1288528

Area of each component: [1031580, 1288528]
Largest component: 1


Number of contours: 1
Contour 0: 690 points, area: 1286095.5
Largest contour: 690 points, area: 1286095.5


Rectangle: ((546.7306518554688, 1039.299560546875), (766.4277954101562, 1735.2015380859375), 1.6616194248199463)


Bounding box: 
[[ 188.83543  160.9517 ]
 [ 954.9409   183.17554]
 [ 904.62585 1917.6475 ]
 [ 138.52037 1895.4236 ]]

Output width: 600
 Output height: 1410
 Output size: (600, 1410)

Destination points: 
[[  50.   50.]
 [ 549.   50.]
 [ 549. 1359.]
 [  50. 1359.]]

Perspective transformation matrix: 
[[ 6.50798703e-01  1.88789329e-02 -7.59324517e+01]
 [-2.18744630e-02  7.54062036e-01 -6.72368971e+01]
 [ 3.43628575e-11  1.99533401e-12  1.00000000e+00]]

Real image: (2021, 1148, 3)
Warped image: (1410, 600, 3)
Successfully processed and saved image: 20230426crop986.jpg
