Correcting perspective for image: photos/20230529crop987.jpg

Number of components: 3
Component 0: 1731825
Component 1: 1251057
Component 2: 114

Area of each component: [1731825, 1251057, 114]
Largest component: 1


Number of contours: 1
Contour 0: 1051 points, area: 1256366.0
Largest contour: 1051 points, area: 1256366.0


Rectangle: ((817.3563232421875, 1019.6697998046875), (765.0302124023438, 1709.90625), 2.472599983215332)


Bounding box: 
[[ 472.0814   149.01033]
 [1236.3993   182.01501]
 [1162.6312  1890.3292 ]
 [ 398.31332 1857.3246 ]]

Output width: 600
 Output height: 1410
 Output size: (600, 1410)

Destination points: 
[[  50.   50.]
 [ 549.   50.]
 [ 549. 1359.]
 [  50. 1359.]]

Perspective transformation matrix: 
[[ 6.51654550e-01  2.81396095e-02 -2.61827079e+02]
 [-3.30266396e-02  7.64826295e-01 -4.83757577e+01]
 [-3.48634858e-11 -3.01655859e-12  1.00000000e+00]]

Real image: (2021, 1476, 3)
Warped image: (1410, 600, 3)
Successfully processed and saved image: 20230529crop987.jpg
