Correcting perspective for image: photos/20230515crop998.jpg

Number of components: 2
Component 0: 1008848
Component 1: 1311260

Area of each component: [1008848, 1311260]
Largest component: 1


Number of contours: 1
Contour 0: 1015 points, area: 1308781.0
Largest contour: 1015 points, area: 1308781.0


Rectangle: ((568.301513671875, 1013.2186889648438), (776.032470703125, 1780.821533203125), 0.3322833180427551)


Bounding box: 
[[ 185.45567   120.572624]
 [ 961.4751    125.07312 ]
 [ 951.14734  1905.8647  ]
 [ 175.12791  1901.3643  ]]

Output width: 600
 Output height: 1410
 Output size: (600, 1410)

Destination points: 
[[  50.   50.]
 [ 549.   50.]
 [ 549. 1359.]
 [  50. 1359.]]

Perspective transformation matrix: 
[[ 6.43003511e-01  3.72911970e-03 -6.96982787e+01]
 [-4.26284695e-03  7.35041623e-01 -3.78353283e+01]
 [-5.52027278e-12 -6.40320994e-14  1.00000000e+00]]

Real image: (2021, 1148, 3)
Warped image: (1410, 600, 3)
Successfully processed and saved image: 20230515crop998.jpg
