Correcting perspective for image: photos/20230503crop1003.jpg

Number of components: 2
Component 0: 1029255
Component 1: 1290853

Area of each component: [1029255, 1290853]
Largest component: 1


Number of contours: 1
Contour 0: 851 points, area: 1288507.0
Largest contour: 851 points, area: 1288507.0


Rectangle: ((522.5601196289062, 1076.333251953125), (755.3673095703125, 1773.1451416015625), 1.5547200441360474)


Bounding box: 
[[ 169.0697   179.83987]
 [ 924.15894  200.33423]
 [ 876.05054 1972.8267 ]
 [ 120.96133 1952.3323 ]]

Output width: 600
 Output height: 1410
 Output size: (600, 1410)

Destination points: 
[[  50.   50.]
 [ 549.   50.]
 [ 549. 1359.]
 [  50. 1359.]]

Perspective transformation matrix: 
[[ 6.60362592e-01  1.79233322e-02 -6.48706364e+01]
 [-2.00295584e-02  7.37964446e-01 -7.93290416e+01]
 [ 2.36783304e-11 -1.58276031e-11  1.00000000e+00]]

Real image: (2021, 1148, 3)
Warped image: (1410, 600, 3)
Successfully processed and saved image: 20230503crop1003.jpg
