Correcting perspective for image: photos/20230501crop986.jpg

Number of components: 2
Component 0: 1039132
Component 1: 1280976

Area of each component: [1039132, 1280976]
Largest component: 1


Number of contours: 1
Contour 0: 811 points, area: 1278568.0
Largest contour: 811 points, area: 1278568.0


Rectangle: ((584.15283203125, 1030.6065673828125), (762.7376098632812, 1737.2169189453125), 1.6862332820892334)


Bounding box: 
[[ 228.50893  151.15205]
 [ 990.91626  173.59644]
 [ 939.79675 1910.061  ]
 [ 177.38942 1887.6167 ]]

Output width: 600
 Output height: 1410
 Output size: (600, 1410)

Destination points: 
[[  50.   50.]
 [ 549.   50.]
 [ 549. 1359.]
 [  50. 1359.]]

Perspective transformation matrix: 
[[ 6.53939014e-01  1.92512067e-02 -1.02340762e+02]
 [-2.21726752e-02  7.53177748e-01 -5.87777097e+01]
 [-3.44873121e-11 -2.03229375e-12  1.00000000e+00]]

Real image: (2021, 1148, 3)
Warped image: (1410, 600, 3)
Successfully processed and saved image: 20230501crop986.jpg
