Correcting perspective for image: photos/20230510crop1013.jpg

Number of components: 2
Component 0: 1062776
Component 1: 1257332

Area of each component: [1062776, 1257332]
Largest component: 1


Number of contours: 1
Contour 0: 826 points, area: 1255022.5
Largest contour: 826 points, area: 1255022.5


Rectangle: ((552.4688110351562, 1065.435302734375), (749.3292846679688, 1724.443603515625), 2.0117580890655518)


Bounding box: 
[[ 208.30304  190.5925 ]
 [ 957.1705   216.89746]
 [ 896.6346  1940.2781 ]
 [ 147.76715 1913.9731 ]]

Output width: 600
 Output height: 1410
 Output size: (600, 1410)

Destination points: 
[[  50.   50.]
 [ 549.   50.]
 [ 549. 1359.]
 [  50. 1359.]]

Perspective transformation matrix: 
[[ 6.65518397e-01  2.33771614e-02 -9.30850167e+01]
 [-2.66474504e-02  7.58617585e-01 -8.90360766e+01]
 [-2.35589906e-11 -1.65712199e-12  1.00000000e+00]]

Real image: (2021, 1148, 3)
Warped image: (1410, 600, 3)
Successfully processed and saved image: 20230510crop1013.jpg
