Correcting perspective for image: photos/20230426crop1014.jpg

Number of components: 2
Component 0: 1034748
Component 1: 1285360

Area of each component: [1034748, 1285360]
Largest component: 1


Number of contours: 1
Contour 0: 568 points, area: 1283055.0
Largest contour: 568 points, area: 1283055.0


Rectangle: ((530.2125854492188, 1084.7818603515625), (756.7210083007812, 1740.6754150390625), 1.4544631242752075)


Bounding box: 
[[ 174.06528  205.12083]
 [ 930.5425   224.32825]
 [ 886.35986 1964.4429 ]
 [ 129.88266 1945.2355 ]]

Output width: 600
 Output height: 1410
 Output size: (600, 1410)

Destination points: 
[[  50.   50.]
 [ 549.   50.]
 [ 549. 1359.]
 [  50. 1359.]]

Perspective transformation matrix: 
[[ 6.59211543e-01  1.67378002e-02 -6.81791115e+01]
 [-1.90877584e-02  7.51764637e-01 -1.00880074e+02]
 [-1.15692855e-11 -5.87881975e-13  1.00000000e+00]]

Real image: (2021, 1148, 3)
Warped image: (1410, 600, 3)
Successfully processed and saved image: 20230426crop1014.jpg
