Correcting perspective for image: photos/20230526crop992.jpg

Number of components: 3
Component 0: 1644647
Component 1: 1338303
Component 2: 46

Area of each component: [1644647, 1338303, 46]
Largest component: 1


Number of contours: 1
Contour 0: 1098 points, area: 1345687.0
Largest contour: 1098 points, area: 1345687.0


Rectangle: ((681.2723388671875, 1044.1690673828125), (786.7206420898438, 1787.500244140625), 2.875453472137451)


Bounding box: 
[[ 333.2423   131.81131]
 [1118.9724   171.27722]
 [1029.3024  1956.5269 ]
 [ 243.57227 1917.0609 ]]

Output width: 600
 Output height: 1410
 Output size: (600, 1410)

Destination points: 
[[  50.   50.]
 [ 549.   50.]
 [ 549. 1359.]
 [  50. 1359.]]

Perspective transformation matrix: 
[[ 6.33479945e-01  3.18186177e-02 -1.65296373e+02]
 [-3.67362776e-02  7.31385609e-01 -3.41628128e+01]
 [ 2.15919618e-11  2.17454145e-12  1.00000000e+00]]

Real image: (2021, 1476, 3)
Warped image: (1410, 600, 3)
Successfully processed and saved image: 20230526crop992.jpg
