Correcting perspective for image: photos/20230426crop998.jpg

Number of components: 2
Component 0: 1034351
Component 1: 1285757

Area of each component: [1034351, 1285757]
Largest component: 1


Number of contours: 1
Contour 0: 616 points, area: 1283355.0
Largest contour: 616 points, area: 1283355.0


Rectangle: ((539.3340454101562, 1046.5093994140625), (760.4300537109375, 1755.2811279296875), 0.5630853772163391)


Bounding box: 
[[ 167.76244  165.17464]
 [ 928.15576  172.64783]
 [ 910.90564 1927.8441 ]
 [ 150.51231 1920.371  ]]

Output width: 600
 Output height: 1410
 Output size: (600, 1410)

Destination points: 
[[  50.   50.]
 [ 549.   50.]
 [ 549. 1359.]
 [  50. 1359.]]

Perspective transformation matrix: 
[[ 6.56175918e-01  6.44891653e-03 -6.11468682e+01]
 [-7.32891763e-03  7.45713480e-01 -7.19434365e+01]
 [-3.42887367e-11 -6.74046355e-13  1.00000000e+00]]

Real image: (2021, 1148, 3)
Warped image: (1410, 600, 3)
Successfully processed and saved image: 20230426crop998.jpg
