Correcting perspective for image: photos/20230522crop994.jpg

Number of components: 2
Component 0: 1059360
Component 1: 1260748

Area of each component: [1059360, 1260748]
Largest component: 1


Number of contours: 1
Contour 0: 854 points, area: 1258342.5
Largest contour: 854 points, area: 1258342.5


Rectangle: ((608.450439453125, 1022.39111328125), (752.4276733398438, 1740.9444580078125), 0.24911051988601685)


Bounding box: 
[[ 236.02478  150.29144]
 [ 988.4453   153.56287]
 [ 980.8761  1894.4907 ]
 [ 228.45557 1891.2194 ]]

Output width: 600
 Output height: 1410
 Output size: (600, 1410)

Destination points: 
[[  50.   50.]
 [ 549.   50.]
 [ 549. 1359.]
 [  50. 1359.]]

Perspective transformation matrix: 
[[ 6.63180391e-01  2.88337854e-03 -1.06960354e+02]
 [-3.26909139e-03  7.51883652e-01 -6.22300929e+01]
 [-4.65922836e-11 -4.05155988e-13  1.00000000e+00]]

Real image: (2021, 1148, 3)
Warped image: (1410, 600, 3)
Successfully processed and saved image: 20230522crop994.jpg
