Correcting perspective for image: photos/20230605crop985.jpg

Number of components: 2
Component 0: 1694551
Component 1: 1288445

Area of each component: [1694551, 1288445]
Largest component: 1


Number of contours: 1
Contour 0: 905 points, area: 1292049.0
Largest contour: 905 points, area: 1292049.0


Rectangle: ((700.703125, 1029.2724609375), (769.262451171875, 1749.35595703125), 1.4116134643554688)


Bounding box: 
[[ 337.73618  145.38464]
 [1106.7651   164.33533]
 [1063.67    1913.1603 ]
 [ 294.64108 1894.2096 ]]

Output width: 600
 Output height: 1410
 Output size: (600, 1410)

Destination points: 
[[  50.   50.]
 [ 549.   50.]
 [ 549. 1359.]
 [  50. 1359.]]

Perspective transformation matrix: 
[[ 6.48476448e-01  1.59799599e-02 -1.71337196e+02]
 [-1.84336717e-02  7.48048339e-01 -5.25290233e+01]
 [ 3.52707101e-20  8.69151130e-22  1.00000000e+00]]

Real image: (2021, 1476, 3)
Warped image: (1410, 600, 3)
Successfully processed and saved image: 20230605crop985.jpg
