Correcting perspective for image: photos/20230524crop987.jpg

Number of components: 4
Component 0: 1674984
Component 1: 1307962
Component 2: 25
Component 3: 25

Area of each component: [1674984, 1307962, 25, 25]
Largest component: 1


Number of contours: 1
Contour 0: 883 points, area: 1311976.0
Largest contour: 883 points, area: 1311976.0


Rectangle: ((811.3041381835938, 1021.8465576171875), (783.0633544921875, 1747.82373046875), 0.6661999821662903)


Bounding box: 
[[ 429.96     143.44138]
 [1212.9705   152.54614]
 [1192.6483  1900.2517 ]
 [ 409.63785 1891.147  ]]

Output width: 600
 Output height: 1410
 Output size: (600, 1410)

Destination points: 
[[  50.   50.]
 [ 549.   50.]
 [ 549. 1359.]
 [  50. 1359.]]

Perspective transformation matrix: 
[[ 6.37197773e-01  7.40927111e-03 -2.25032345e+02]
 [-8.70791068e-03  7.48880719e-01 -5.36764278e+01]
 [-2.22914376e-11 -5.18475710e-13  1.00000000e+00]]

Real image: (2021, 1476, 3)
Warped image: (1410, 600, 3)
Successfully processed and saved image: 20230524crop987.jpg
