Correcting perspective for image: photos/20230526crop988.jpg

Number of components: 2
Component 0: 1646343
Component 1: 1336653

Area of each component: [1646343, 1336653]
Largest component: 1


Number of contours: 1
Contour 0: 1250 points, area: 1348237.0
Largest contour: 1250 points, area: 1348237.0


Rectangle: ((653.497802734375, 1010.7865600585938), (1794.7569580078125, 789.60302734375), 89.40319061279297)


Bounding box: 
[[ 249.37053  117.56906]
 [1038.9308   109.34445]
 [1057.6251  1904.004  ]
 [ 268.06482 1912.2286 ]]

Output width: 600
 Output height: 1410
 Output size: (600, 1410)

Destination points: 
[[  50.   50.]
 [ 549.   50.]
 [ 549. 1359.]
 [  50. 1359.]]

Perspective transformation matrix: 
[[ 6.31928797e-01 -6.58256170e-03 -1.06810513e+02]
 [ 7.59697110e-03  7.29307152e-01 -3.76384177e+01]
 [ 6.72883201e-13  3.22948006e-11  1.00000000e+00]]

Real image: (2021, 1476, 3)
Warped image: (1410, 600, 3)
Successfully processed and saved image: 20230526crop988.jpg
