Correcting perspective for image: photos/20230519crop985.jpg

Number of components: 2
Component 0: 1048702
Component 1: 1271406

Area of each component: [1048702, 1271406]
Largest component: 1


Number of contours: 1
Contour 0: 779 points, area: 1269081.5
Largest contour: 779 points, area: 1269081.5


Rectangle: ((560.6878662109375, 1037.6361083984375), (766.7589721679688, 1726.4659423828125), 1.9078556299209595)


Bounding box: 
[[ 206.25984  162.1181 ]
 [ 972.5938   187.64514]
 [ 915.1159  1913.154  ]
 [ 148.78194 1887.6271 ]]

Output width: 600
 Output height: 1410
 Output size: (600, 1410)

Destination points: 
[[  50.   50.]
 [ 549.   50.]
 [ 549. 1359.]
 [  50. 1359.]]

Perspective transformation matrix: 
[[ 6.50430386e-01  2.16662890e-02 -8.76701668e+01]
 [-2.52419668e-02  7.57775908e-01 -6.76427891e+01]
 [-4.60043989e-11 -3.06828178e-12  1.00000000e+00]]

Real image: (2021, 1148, 3)
Warped image: (1410, 600, 3)
Successfully processed and saved image: 20230519crop985.jpg
