Correcting perspective for image: photos/20230531crop990.jpg

Number of components: 2
Component 0: 1718080
Component 1: 1264916

Area of each component: [1718080, 1264916]
Largest component: 1


Number of contours: 1
Contour 0: 947 points, area: 1275063.5
Largest contour: 947 points, area: 1275063.5


Rectangle: ((728.0, 1055.0), (1742.0, 760.0), 90.0)


Bounding box: 
[[ 348.  184.]
 [1108.  184.]
 [1108. 1926.]
 [ 348. 1926.]]

Output width: 600
 Output height: 1410
 Output size: (600, 1410)

Destination points: 
[[  50.   50.]
 [ 549.   50.]
 [ 549. 1359.]
 [  50. 1359.]]

Perspective transformation matrix: 
[[ 6.56578947e-01 -8.73889472e-18 -1.78489474e+02]
 [ 2.19749035e-17  7.51435132e-01 -8.82640643e+01]
 [ 1.85699320e-19 -1.63482588e-20  1.00000000e+00]]

Real image: (2021, 1476, 3)
Warped image: (1410, 600, 3)
Successfully processed and saved image: 20230531crop990.jpg
