Correcting perspective for image: photos/20230529crop996.jpg

Number of components: 2
Component 0: 1749246
Component 1: 1233750

Area of each component: [1749246, 1233750]
Largest component: 1


Number of contours: 1
Contour 0: 875 points, area: 1240070.0
Largest contour: 875 points, area: 1240070.0


Rectangle: ((785.2853393554688, 1027.04541015625), (748.5984497070312, 1717.579833984375), 0.9934688210487366)


Bounding box: 
[[ 425.93246  161.89482]
 [1174.4183   174.87439]
 [1144.6382  1892.196  ]
 [ 396.1523  1879.2164 ]]

Output width: 600
 Output height: 1410
 Output size: (600, 1410)

Destination points: 
[[  50.   50.]
 [ 549.   50.]
 [ 549. 1359.]
 [  50. 1359.]]

Perspective transformation matrix: 
[[ 6.66478863e-01  1.15574400e-02 -2.35746074e+02]
 [-1.32139917e-02  7.62004333e-01 -6.77362863e+01]
 [ 3.55806880e-11  1.23438411e-12  1.00000000e+00]]

Real image: (2021, 1476, 3)
Warped image: (1410, 600, 3)
Successfully processed and saved image: 20230529crop996.jpg
