Correcting perspective for image: photos/20230424crop987.jpg

Number of components: 2
Component 0: 1033686
Component 1: 1286422

Area of each component: [1033686, 1286422]
Largest component: 1


Number of contours: 1
Contour 0: 780 points, area: 1283995.5
Largest contour: 780 points, area: 1283995.5


Rectangle: ((550.6026611328125, 1040.5333251953125), (763.6022338867188, 1755.8740234375), 0.9093804955482483)


Bounding box: 
[[ 182.7834   156.64731]
 [ 946.2895   168.76648]
 [ 918.42194 1924.4193 ]
 [ 154.91585 1912.3002 ]]

Output width: 600
 Output height: 1410
 Output size: (600, 1410)

Destination points: 
[[  50.   50.]
 [ 549.   50.]
 [ 549. 1359.]
 [  50. 1359.]]

Perspective transformation matrix: 
[[ 6.53399237e-01  1.03714343e-02 -7.10551925e+01]
 [-1.18318333e-02  7.45403774e-01 -6.46028323e+01]
 [-2.27494381e-11 -7.22387424e-13  1.00000000e+00]]

Real image: (2021, 1148, 3)
Warped image: (1410, 600, 3)
Successfully processed and saved image: 20230424crop987.jpg
