Correcting perspective for image: photos/20230426crop991.jpg

Number of components: 2
Component 0: 1072102
Component 1: 1248006

Area of each component: [1072102, 1248006]
Largest component: 1


Number of contours: 1
Contour 0: 926 points, area: 1245569.5
Largest contour: 926 points, area: 1245569.5


Rectangle: ((487.92486572265625, 1056.88818359375), (1725.2603759765625, 764.99609375), 88.03634643554688)


Bounding box: 
[[  76.092964  207.871   ]
 [ 840.63983   181.65811 ]
 [ 899.7568   1905.9054  ]
 [ 135.2099   1932.1183  ]]

Output width: 600
 Output height: 1410
 Output size: (600, 1410)

Destination points: 
[[  50.   50.]
 [ 549.   50.]
 [ 549. 1359.]
 [  50. 1359.]]

Perspective transformation matrix: 
[[ 6.51907863e-01 -2.23510833e-02  5.04054052e+00]
 [ 2.59980449e-02  7.58280499e-01 -1.09602795e+02]
 [ 3.95919156e-13  5.76706926e-12  1.00000000e+00]]

Real image: (2021, 1148, 3)
Warped image: (1410, 600, 3)
Successfully processed and saved image: 20230426crop991.jpg
