Correcting perspective for image: photos/20230519crop990.jpg

Number of components: 2
Component 0: 1075679
Component 1: 1244429

Area of each component: [1075679, 1244429]
Largest component: 1


Number of contours: 1
Contour 0: 852 points, area: 1242228.0
Largest contour: 852 points, area: 1242228.0


Rectangle: ((546.765380859375, 1059.5538330078125), (750.3184814453125, 1719.7412109375), 0.733893871307373)


Bounding box: 
[[ 182.65057  194.94852]
 [ 932.90753  204.55896]
 [ 910.8802  1924.1592 ]
 [ 160.62323 1914.5487 ]]

Output width: 600
 Output height: 1410
 Output size: (600, 1410)

Destination points: 
[[  50.   50.]
 [ 549.   50.]
 [ 549. 1359.]
 [  50. 1359.]]

Perspective transformation matrix: 
[[ 6.64996361e-01  8.51831929e-03 -7.31226004e+01]
 [-9.74931802e-03  7.61098576e-01 -9.65943198e+01]
 [ 2.36427939e-11  6.05808111e-13  1.00000000e+00]]

Real image: (2021, 1148, 3)
Warped image: (1410, 600, 3)
Successfully processed and saved image: 20230519crop990.jpg
