Correcting perspective for image: photos/20230426crop997.jpg

Number of components: 2
Component 0: 1046607
Component 1: 1273501

Area of each component: [1046607, 1273501]
Largest component: 1


Number of contours: 1
Contour 0: 748 points, area: 1271097.5
Largest contour: 748 points, area: 1271097.5


Rectangle: ((513.9205932617188, 1084.8507080078125), (762.9102172851562, 1740.482421875), 1.1617324352264404)


Bounding box: 
[[ 150.18776  207.05452]
 [ 912.94116  222.52234]
 [ 877.65344 1962.6469 ]
 [ 114.90004 1947.1791 ]]

Output width: 600
 Output height: 1410
 Output size: (600, 1410)

Destination points: 
[[  50.   50.]
 [ 549.   50.]
 [ 549. 1359.]
 [  50. 1359.]]

Perspective transformation matrix: 
[[ 6.53939871e-01  1.32611466e-02 -5.09595446e+01]
 [-1.52484511e-02  7.51935775e-01 -1.03401570e+02]
 [-3.44461820e-11 -1.39763157e-12  1.00000000e+00]]

Real image: (2021, 1148, 3)
Warped image: (1410, 600, 3)
Successfully processed and saved image: 20230426crop997.jpg
