Correcting perspective for image: photos/20230510crop986.jpg

Number of components: 2
Component 0: 1064200
Component 1: 1255908

Area of each component: [1064200, 1255908]
Largest component: 1


Number of contours: 1
Contour 0: 818 points, area: 1253529.5
Largest contour: 818 points, area: 1253529.5


Rectangle: ((574.25048828125, 1031.69580078125), (756.9254150390625, 1719.33544921875), 1.9429819583892822)


Bounding box: 
[[ 225.15234  159.69058]
 [ 981.6426   185.35413]
 [ 923.34863 1903.701  ]
 [ 166.8584  1878.0375 ]]

Output width: 600
 Output height: 1410
 Output size: (600, 1410)

Destination points: 
[[  50.   50.]
 [ 549.   50.]
 [ 549. 1359.]
 [  50. 1359.]]

Perspective transformation matrix: 
[[ 6.58866918e-01  2.23516871e-02 -1.01914784e+02]
 [-2.58132423e-02  7.60902969e-01 -6.56971259e+01]
 [ 2.33957384e-11  1.58920244e-12  1.00000000e+00]]

Real image: (2021, 1148, 3)
Warped image: (1410, 600, 3)
Successfully processed and saved image: 20230510crop986.jpg
