Correcting perspective for image: photos/20230424crop986.jpg

Number of components: 2
Component 0: 1034343
Component 1: 1285765

Area of each component: [1034343, 1285765]
Largest component: 1


Number of contours: 1
Contour 0: 794 points, area: 1283361.5
Largest contour: 794 points, area: 1283361.5


Rectangle: ((547.0667114257812, 1034.6038818359375), (766.8297119140625, 1737.127685546875), 1.5108914375305176)


Bounding box: 
[[ 186.68658  156.23253]
 [ 953.2497   176.45154]
 [ 907.44684 1912.9752 ]
 [ 140.88373 1892.7562 ]]

Output width: 600
 Output height: 1410
 Output size: (600, 1410)

Destination points: 
[[  50.   50.]
 [ 549.   50.]
 [ 549. 1359.]
 [  50. 1359.]]

Perspective transformation matrix: 
[[ 6.50504926e-01  1.71578331e-02 -7.41211547e+01]
 [-1.98686732e-02  7.53280797e-01 -6.39777491e+01]
 [-1.14389228e-11 -6.03850390e-13  1.00000000e+00]]

Real image: (2021, 1148, 3)
Warped image: (1410, 600, 3)
Successfully processed and saved image: 20230424crop986.jpg
