Correcting perspective for image: photos/20230426crop993.jpg

Number of components: 2
Component 0: 1053253
Component 1: 1266855

Area of each component: [1053253, 1266855]
Largest component: 1


Number of contours: 1
Contour 0: 695 points, area: 1264430.0
Largest contour: 695 points, area: 1264430.0


Rectangle: ((520.3270263671875, 1072.0447998046875), (757.8209228515625, 1738.104736328125), 0.5470468401908875)


Bounding box: 
[[ 149.7312   199.41437]
 [ 907.5176   206.64978]
 [ 890.92285 1944.6753 ]
 [ 133.13647 1937.4398 ]]

Output width: 600
 Output height: 1410
 Output size: (600, 1410)

Destination points: 
[[  50.   50.]
 [ 549.   50.]
 [ 549. 1359.]
 [  50. 1359.]]

Perspective transformation matrix: 
[[ 6.58436930e-01  6.28677839e-03 -4.98422260e+01]
 [-7.19051995e-03  7.53084878e-01 -9.90992993e+01]
 [ 4.63295813e-11  8.84793247e-13  1.00000000e+00]]

Real image: (2021, 1148, 3)
Warped image: (1410, 600, 3)
Successfully processed and saved image: 20230426crop993.jpg
