Correcting perspective for image: photos/20230515crop996.jpg

Number of components: 2
Component 0: 1008748
Component 1: 1311360

Area of each component: [1008748, 1311360]
Largest component: 1


Number of contours: 1
Contour 0: 807 points, area: 1308884.5
Largest contour: 807 points, area: 1308884.5


Rectangle: ((565.0726318359375, 1030.63525390625), (766.0631713867188, 1771.3018798828125), 0.15783922374248505)


Bounding box: 
[[ 184.48233  143.93251]
 [ 950.5426   146.04285]
 [ 945.66296 1917.338  ]
 [ 179.60269 1915.2277 ]]

Output width: 600
 Output height: 1410
 Output size: (600, 1410)

Destination points: 
[[  50.   50.]
 [ 549.   50.]
 [ 549. 1359.]
 [  50. 1359.]]

Perspective transformation matrix: 
[[ 6.51379842e-01  1.79444869e-03 -7.04263505e+01]
 [-2.03579493e-03  7.39001667e-01 -5.59907968e+01]
 [ 1.12449180e-11  6.19561967e-14  1.00000000e+00]]

Real image: (2021, 1148, 3)
Warped image: (1410, 600, 3)
Successfully processed and saved image: 20230515crop996.jpg
