Correcting perspective for image: photos/20230524crop1003.jpg

Number of components: 3
Component 0: 1673008
Component 1: 1309831
Component 2: 157

Area of each component: [1673008, 1309831, 157]
Largest component: 1


Number of contours: 1
Contour 0: 806 points, area: 1313629.0
Largest contour: 806 points, area: 1313629.0


Rectangle: ((801.4273681640625, 1030.1634521484375), (764.3472900390625, 1772.303466796875), 0.769024670124054)


Bounding box: 
[[ 431.1817   138.96214]
 [1195.4602   149.22095]
 [1171.6731  1921.3647 ]
 [ 407.3946  1911.106  ]]

Output width: 600
 Output height: 1410
 Output size: (600, 1410)

Destination points: 
[[  50.   50.]
 [ 549.   50.]
 [ 549. 1359.]
 [  50. 1359.]]

Perspective transformation matrix: 
[[ 6.52785733e-01  8.76220400e-03 -2.32686878e+02]
 [-9.91305616e-03  7.38520305e-01 -4.83520360e+01]
 [-1.12599047e-11 -3.02333107e-13  1.00000000e+00]]

Real image: (2021, 1476, 3)
Warped image: (1410, 600, 3)
Successfully processed and saved image: 20230524crop1003.jpg
