Correcting perspective for image: photos/20230515crop999.jpg

Number of components: 2
Component 0: 1009303
Component 1: 1310805

Area of each component: [1009303, 1310805]
Largest component: 1


Number of contours: 1
Contour 0: 845 points, area: 1308285.0
Largest contour: 845 points, area: 1308285.0


Rectangle: ((599.6673583984375, 1007.39404296875), (770.3779907226562, 1768.6190185546875), 0.7920570373535156)


Bounding box: 
[[ 226.73947   117.844345]
 [ 997.0438    128.49377 ]
 [ 972.5952   1896.9437  ]
 [ 202.29086  1886.2943  ]]

Output width: 600
 Output height: 1410
 Output size: (600, 1410)

Destination points: 
[[  50.   50.]
 [ 549.   50.]
 [ 549. 1359.]
 [  50. 1359.]]

Perspective transformation matrix: 
[[ 6.47672103e-01  8.95398903e-03 -9.79080073e+01]
 [-1.02312307e-02  7.40054783e-01 -3.48914476e+01]
 [-1.11947898e-11 -3.09592759e-13  1.00000000e+00]]

Real image: (2021, 1148, 3)
Warped image: (1410, 600, 3)
Successfully processed and saved image: 20230515crop999.jpg
