Correcting perspective for image: photos/20230510crop1022.jpg

Number of components: 2
Component 0: 1063442
Component 1: 1256666

Area of each component: [1063442, 1256666]
Largest component: 1


Number of contours: 1
Contour 0: 822 points, area: 1254268.5
Largest contour: 822 points, area: 1254268.5


Rectangle: ((518.616943359375, 1051.2884521484375), (1719.119384765625, 756.0858154296875), 87.96620178222656)


Bounding box: 
[[ 110.30726  205.68663]
 [ 865.91675  178.85387]
 [ 926.92664 1896.8903 ]
 [ 171.31714 1923.723  ]]

Output width: 600
 Output height: 1410
 Output size: (600, 1410)

Destination points: 
[[  50.   50.]
 [ 549.   50.]
 [ 549. 1359.]
 [  50. 1359.]]

Perspective transformation matrix: 
[[ 6.59562289e-01 -2.34219809e-02 -1.79369196e+01]
 [ 2.70226520e-02  7.60956737e-01 -1.09499422e+02]
 [ 4.16354855e-13  5.85487519e-12  1.00000000e+00]]

Real image: (2021, 1148, 3)
Warped image: (1410, 600, 3)
Successfully processed and saved image: 20230510crop1022.jpg
