Correcting perspective for image: photos/20230508crop985.jpg

Number of components: 2
Component 0: 985272
Component 1: 1334836

Area of each component: [985272, 1334836]
Largest component: 1


Number of contours: 1
Contour 0: 808 points, area: 1332362.0
Largest contour: 808 points, area: 1332362.0


Rectangle: ((577.1925048828125, 1057.5926513671875), (786.005859375, 1771.512451171875), 1.6120262145996094)


Bounding box: 
[[ 209.26273  161.13124]
 [ 994.9575   183.2428 ]
 [ 945.1223  1954.0541 ]
 [ 159.42752 1931.9425 ]]

Output width: 600
 Output height: 1410
 Output size: (600, 1410)

Destination points: 
[[  50.   50.]
 [ 549.   50.]
 [ 549. 1359.]
 [  50. 1359.]]

Perspective transformation matrix: 
[[ 6.34604061e-01  1.78593982e-02 -8.56766825e+01]
 [-2.07868643e-02  7.38624219e-01 -6.46655209e+01]
 [ 1.09411293e-11  6.16311417e-13  1.00000000e+00]]

Real image: (2021, 1148, 3)
Warped image: (1410, 600, 3)
Successfully processed and saved image: 20230508crop985.jpg
