Correcting perspective for image: photos/20230522crop1005.jpg

Number of components: 2
Component 0: 1058930
Component 1: 1261178

Area of each component: [1058930, 1261178]
Largest component: 1


Number of contours: 1
Contour 0: 929 points, area: 1258771.0
Largest contour: 929 points, area: 1258771.0


Rectangle: ((597.40576171875, 1049.031982421875), (750.0855712890625, 1736.371337890625), 0.9010390043258667)


Bounding box: 
[[ 236.06195  175.05597]
 [ 986.05475  186.85144]
 [ 958.7496  1923.008  ]
 [ 208.75677 1911.2125 ]]

Output width: 600
 Output height: 1410
 Output size: (600, 1410)

Destination points: 
[[  50.   50.]
 [ 549.   50.]
 [ 549. 1359.]
 [  50. 1359.]]

Perspective transformation matrix: 
[[ 6.65175224e-01  1.04614566e-02 -1.08853901e+02]
 [-1.18549977e-02  7.53777826e-01 -7.91547935e+01]
 [ 4.68394570e-11  1.47368866e-12  1.00000000e+00]]

Real image: (2021, 1148, 3)
Warped image: (1410, 600, 3)
Successfully processed and saved image: 20230522crop1005.jpg
