Correcting perspective for image: photos/20230505crop996.jpg

Number of components: 2
Component 0: 1083071
Component 1: 1237037

Area of each component: [1083071, 1237037]
Largest component: 1


Number of contours: 1
Contour 0: 833 points, area: 1234689.5
Largest contour: 833 points, area: 1234689.5


Rectangle: ((538.8923950195312, 1059.318115234375), (745.4352416992188, 1715.275390625), 0.2535194754600525)


Bounding box: 
[[ 169.97322  200.03963]
 [ 915.4012   203.33801]
 [ 907.8116  1918.5966 ]
 [ 162.38362 1915.2982 ]]

Output width: 600
 Output height: 1410
 Output size: (600, 1410)

Destination points: 
[[  50.   50.]
 [ 549.   50.]
 [ 549. 1359.]
 [  50. 1359.]]

Perspective transformation matrix: 
[[ 6.69400985e-01  2.96193557e-03 -6.43727462e+01]
 [-3.37673917e-03  7.63135291e-01 -1.02083344e+02]
 [-3.57997920e-11 -3.16816717e-13  1.00000000e+00]]

Real image: (2021, 1148, 3)
Warped image: (1410, 600, 3)
Successfully processed and saved image: 20230505crop996.jpg
