Correcting perspective for image: photos/20230512crop990.jpg

Number of components: 2
Component 0: 1057471
Component 1: 1262637

Area of each component: [1057471, 1262637]
Largest component: 1


Number of contours: 1
Contour 0: 953 points, area: 1260241.0
Largest contour: 953 points, area: 1260241.0


Rectangle: ((551.4989013671875, 1051.17529296875), (754.7021484375, 1741.496337890625), 1.0845345258712769)


Bounding box: 
[[ 190.69658  173.4408 ]
 [ 945.2635   187.72546]
 [ 912.3012  1928.9098 ]
 [ 157.7343  1914.6251 ]]

Output width: 600
 Output height: 1410
 Output size: (600, 1410)

Destination points: 
[[  50.   50.]
 [ 549.   50.]
 [ 549. 1359.]
 [  50. 1359.]]

Perspective transformation matrix: 
[[ 6.61069582e-01  1.25146778e-02 -7.82342635e+01]
 [-1.42269458e-02  7.51517819e-01 -7.76308188e+01]
 [ 1.25838982e-19  7.35915992e-20  1.00000000e+00]]

Real image: (2021, 1148, 3)
Warped image: (1410, 600, 3)
Successfully processed and saved image: 20230512crop990.jpg
