Correcting perspective for image: photos/20230607crop980.jpg

Number of components: 2
Component 0: 1698077
Component 1: 1284919

Area of each component: [1698077, 1284919]
Largest component: 1


Number of contours: 1
Contour 0: 1336 points, area: 1281854.0
Largest contour: 1336 points, area: 1281854.0


Rectangle: ((604.9642333984375, 1049.92529296875), (773.5651245117188, 1752.0291748046875), 0.5011164546012878)


Bounding box: 
[[ 225.8581   170.56142]
 [ 999.3936   177.32703]
 [ 984.0704  1929.2892 ]
 [ 210.53485 1922.5236 ]]

Output width: 600
 Output height: 1410
 Output size: (600, 1410)

Destination points: 
[[  50.   50.]
 [ 549.   50.]
 [ 549. 1359.]
 [  50. 1359.]]

Perspective transformation matrix: 
[[ 6.45040624e-01  5.64173932e-03 -9.66499084e+01]
 [-6.53443966e-03  7.47105113e-01 -7.59514502e+01]
 [ 1.12568124e-11  1.96927183e-13  1.00000000e+00]]

Real image: (2021, 1476, 3)
Warped image: (1410, 600, 3)
Successfully processed and saved image: 20230607crop980.jpg
