Correcting perspective for image: photos/20230501crop981.jpg

Number of components: 2
Component 0: 1061525
Component 1: 1258583

Area of each component: [1061525, 1258583]
Largest component: 1


Number of contours: 1
Contour 0: 850 points, area: 1256188.0
Largest contour: 850 points, area: 1256188.0


Rectangle: ((576.6895141601562, 1046.896484375), (751.2240600585938, 1733.730712890625), 1.396285057067871)


Bounding box: 
[[ 222.31226  171.13586]
 [ 973.31323  189.44128]
 [ 931.0668  1922.6571 ]
 [ 180.0658  1904.3517 ]]

Output width: 600
 Output height: 1410
 Output size: (600, 1410)

Destination points: 
[[  50.   50.]
 [ 549.   50.]
 [ 549. 1359.]
 [  50. 1359.]]

Perspective transformation matrix: 
[[ 6.64052010e-01  1.61860089e-02 -1.00396907e+02]
 [-1.83978998e-02  7.54795069e-01 -7.50824278e+01]
 [ 1.91071812e-19  7.24018873e-20  1.00000000e+00]]

Real image: (2021, 1148, 3)
Warped image: (1410, 600, 3)
Successfully processed and saved image: 20230501crop981.jpg
