Correcting perspective for image: photos/20230426crop1011.jpg

Number of components: 2
Component 0: 1039090
Component 1: 1281018

Area of each component: [1039090, 1281018]
Largest component: 1


Number of contours: 1
Contour 0: 941 points, area: 1278963.5
Largest contour: 941 points, area: 1278963.5


Rectangle: ((491.8023681640625, 1054.905517578125), (1738.5126953125, 763.9219360351562), 86.69812774658203)


Bounding box: 
[[  60.409218  209.09181 ]
 [ 823.06305   165.09254 ]
 [ 923.1955   1900.7192  ]
 [ 160.54169  1944.7185  ]]

Output width: 600
 Output height: 1410
 Output size: (600, 1410)

Destination points: 
[[  50.   50.]
 [ 549.   50.]
 [ 549. 1359.]
 [  50. 1359.]]

Perspective transformation matrix: 
[[ 6.52123691e-01 -3.76225816e-02  1.84722915e+01]
 [ 4.33668813e-02  7.51692473e-01 -1.09792501e+02]
 [-1.98193461e-12 -1.71195918e-11  1.00000000e+00]]

Real image: (2021, 1148, 3)
Warped image: (1410, 600, 3)
Successfully processed and saved image: 20230426crop1011.jpg
