Correcting perspective for image: photos/20230424crop1009.jpg

Number of components: 2
Component 0: 1012760
Component 1: 1307348

Area of each component: [1012760, 1307348]
Largest component: 1


Number of contours: 1
Contour 0: 792 points, area: 1304950.5
Largest contour: 792 points, area: 1304950.5


Rectangle: ((522.5545043945312, 1068.8433837890625), (767.8765258789062, 1766.5618896484375), 2.095252513885498)


Bounding box: 
[[ 171.16652  172.11586]
 [ 938.5296   200.19006]
 [ 873.9425  1965.5709 ]
 [ 106.57939 1937.4967 ]]

Output width: 600
 Output height: 1410
 Output size: (600, 1410)

Destination points: 
[[  50.   50.]
 [ 549.   50.]
 [ 549. 1359.]
 [  50. 1359.]]

Perspective transformation matrix: 
[[ 6.49409655e-01  2.37588997e-02 -6.52464733e+01]
 [-2.70911151e-02  7.40491962e-01 -7.28133187e+01]
 [ 9.57462175e-12  2.32590995e-11  1.00000000e+00]]

Real image: (2021, 1148, 3)
Warped image: (1410, 600, 3)
Successfully processed and saved image: 20230424crop1009.jpg
