Correcting perspective for image: photos/20230424crop989.jpg

Number of components: 2
Component 0: 1035243
Component 1: 1284865

Area of each component: [1035243, 1284865]
Largest component: 1


Number of contours: 1
Contour 0: 647 points, area: 1282447.5
Largest contour: 647 points, area: 1282447.5


Rectangle: ((475.82659912109375, 1043.40478515625), (1755.1312255859375, 757.5835571289062), 89.2090835571289)


Bounding box: 
[[  84.95728  171.15152]
 [ 842.4687   160.694  ]
 [ 866.6959  1915.6581 ]
 [ 109.18451 1926.1156 ]]

Output width: 600
 Output height: 1410
 Output size: (600, 1410)

Destination points: 
[[  50.   50.]
 [ 549.   50.]
 [ 549. 1359.]
 [  50. 1359.]]

Perspective transformation matrix: 
[[ 6.58610439e-01 -9.09209698e-03 -4.39762721e+00]
 [ 1.02950431e-02  7.45742097e-01 -7.85095322e+01]
 [ 1.58393314e-13  5.73567310e-12  1.00000000e+00]]

Real image: (2021, 1148, 3)
Warped image: (1410, 600, 3)
Successfully processed and saved image: 20230424crop989.jpg
