Correcting perspective for image: photos/20230508crop999.jpg

Number of components: 2
Component 0: 995006
Component 1: 1325102

Area of each component: [995006, 1325102]
Largest component: 1


Number of contours: 1
Contour 0: 883 points, area: 1322627.0
Largest contour: 883 points, area: 1322627.0


Rectangle: ((588.9912109375, 1047.131591796875), (778.2875366210938, 1772.7735595703125), 1.0995193719863892)


Bounding box: 
[[ 216.92801  153.44072]
 [ 995.07227  168.37524]
 [ 961.05444 1940.8225 ]
 [ 182.91019 1925.888  ]]

Output width: 600
 Output height: 1410
 Output size: (600, 1410)

Destination points: 
[[  50.   50.]
 [ 549.   50.]
 [ 549. 1359.]
 [  50. 1359.]]

Perspective transformation matrix: 
[[ 6.41033167e-01  1.23030757e-02 -9.09458411e+01]
 [-1.41689487e-02  7.38254996e-01 -6.02047356e+01]
 [ 3.31533944e-11  1.27306805e-12  1.00000000e+00]]

Real image: (2021, 1148, 3)
Warped image: (1410, 600, 3)
Successfully processed and saved image: 20230508crop999.jpg
