Correcting perspective for image: photos/20230508crop977.jpg

Number of components: 2
Component 0: 999372
Component 1: 1320736

Area of each component: [999372, 1320736]
Largest component: 1


Number of contours: 1
Contour 0: 942 points, area: 1318597.0
Largest contour: 942 points, area: 1318597.0


Rectangle: ((568.2814331054688, 1031.0604248046875), (779.6161499023438, 1769.5670166015625), 0.6420484781265259)


Bounding box: 
[[ 188.41237  141.9644 ]
 [ 967.9796   150.70044]
 [ 948.1505  1920.1565 ]
 [ 168.58327 1911.4204 ]]

Output width: 600
 Output height: 1410
 Output size: (600, 1410)

Destination points: 
[[  50.   50.]
 [ 549.   50.]
 [ 549. 1359.]
 [  50. 1359.]]

Perspective transformation matrix: 
[[ 6.40018373e-01  7.17225480e-03 -7.16055823e+01]
 [-8.28907747e-03  7.39682500e-01 -5.34468182e+01]
 [ 3.31729714e-11  7.43588048e-13  1.00000000e+00]]

Real image: (2021, 1148, 3)
Warped image: (1410, 600, 3)
Successfully processed and saved image: 20230508crop977.jpg
