Correcting perspective for image: photos/20230426crop1002.jpg

Number of components: 2
Component 0: 1040893
Component 1: 1279215

Area of each component: [1040893, 1279215]
Largest component: 1


Number of contours: 1
Contour 0: 840 points, area: 1277899.0
Largest contour: 840 points, area: 1277899.0


Rectangle: ((541.1893920898438, 1063.705078125), (765.233154296875, 1740.8548583984375), 1.005086064338684)


Bounding box: 
[[ 173.9      186.70003]
 [ 939.0154   200.12305]
 [ 908.47876 1940.7101 ]
 [ 143.36337 1927.2871 ]]

Output width: 600
 Output height: 1410
 Output size: (600, 1410)

Destination points: 
[[  50.   50.]
 [ 549.   50.]
 [ 549. 1359.]
 [  50. 1359.]]

Perspective transformation matrix: 
[[ 6.51988515e-01  1.14383971e-02 -6.55163481e+01]
 [-1.31896593e-02  7.51813705e-01 -8.80699580e+01]
 [-3.43413725e-11 -1.20533103e-12  1.00000000e+00]]

Real image: (2021, 1148, 3)
Warped image: (1410, 600, 3)
Successfully processed and saved image: 20230426crop1002.jpg
