Correcting perspective for image: photos/20230526crop1016.jpg

Number of components: 11
Component 0: 1685028
Component 1: 1270317
Component 2: 108
Component 3: 86
Component 4: 35
Component 5: 86
Component 6: 182
Component 7: 113
Component 8: 11969
Component 9: 4330
Component 10: 10742

Area of each component: [1685028, 1270317, 108, 86, 35, 86, 182, 113, 11969, 4330, 10742]
Largest component: 1


Number of contours: 1
Contour 0: 1150 points, area: 1279218.0
Largest contour: 1150 points, area: 1279218.0


Rectangle: ((710.106689453125, 1046.101806640625), (783.1746826171875, 1815.5811767578125), 0.9548412561416626)


Bounding box: 
[[ 333.70148  131.91174]
 [1116.7673   144.96277]
 [1086.512   1960.2919 ]
 [ 303.44598 1947.2408 ]]

Output width: 600
 Output height: 1410
 Output size: (600, 1410)

Destination points: 
[[  50.   50.]
 [ 549.   50.]
 [ 549. 1359.]
 [  50. 1359.]]

Perspective transformation matrix: 
[[ 6.37061913e-01  1.06177057e-02 -1.63989101e+02]
 [-1.20146211e-02  7.20881253e-01 -4.10834053e+01]
 [-2.86083902e-12  8.58014253e-11  1.00000000e+00]]

Real image: (2021, 1476, 3)
Warped image: (1410, 600, 3)
Successfully processed and saved image: 20230526crop1016.jpg
