Correcting perspective for image: photos/20230505crop977.jpg

Number of components: 2
Component 0: 1081401
Component 1: 1238707

Area of each component: [1081401, 1238707]
Largest component: 1


Number of contours: 1
Contour 0: 814 points, area: 1236335.0
Largest contour: 814 points, area: 1236335.0


Rectangle: ((546.2774658203125, 1035.7822265625), (752.345947265625, 1713.854736328125), 1.5597448348999023)


Bounding box: 
[[ 193.56882  168.93318]
 [ 945.636    189.4115 ]
 [ 898.9861  1902.6312 ]
 [ 146.91891 1882.153  ]]

Output width: 600
 Output height: 1410
 Output size: (600, 1410)

Destination points: 
[[  50.   50.]
 [ 549.   50.]
 [ 549. 1359.]
 [  50. 1359.]]

Perspective transformation matrix: 
[[ 6.63012957e-01  1.80534279e-02 -8.13884573e+01]
 [-2.07894191e-02  7.63492335e-01 -7.49550065e+01]
 [-3.54491408e-11 -1.93194769e-12  1.00000000e+00]]

Real image: (2021, 1148, 3)
Warped image: (1410, 600, 3)
Successfully processed and saved image: 20230505crop977.jpg
