Correcting perspective for image: photos/20230524crop978.jpg

Number of components: 2
Component 0: 1668318
Component 1: 1314678

Area of each component: [1668318, 1314678]
Largest component: 1


Number of contours: 1
Contour 0: 891 points, area: 1315329.0
Largest contour: 891 points, area: 1315329.0


Rectangle: ((795.7874755859375, 1006.7049560546875), (764.2871704101562, 1844.0015869140625), 1.2439414262771606)


Bounding box: 
[[ 433.74982    76.625435]
 [1197.8569     93.21753 ]
 [1157.8252   1936.7844  ]
 [ 393.71808  1920.1924  ]]

Output width: 600
 Output height: 1410
 Output size: (600, 1410)

Destination points: 
[[  50.   50.]
 [ 549.   50.]
 [ 549. 1359.]
 [  50. 1359.]]

Perspective transformation matrix: 
[[ 6.52741993e-01  1.41738257e-02 -2.34212796e+02]
 [-1.54107231e-02  7.09701950e-01  2.30317694e+00]
 [-3.78582602e-11 -1.64490385e-12  1.00000000e+00]]

Real image: (2021, 1476, 3)
Warped image: (1410, 600, 3)
Successfully processed and saved image: 20230524crop978.jpg
