Correcting perspective for image: photos/20230424crop991.jpg

Number of components: 2
Component 0: 1051731
Component 1: 1268377

Area of each component: [1051731, 1268377]
Largest component: 1


Number of contours: 1
Contour 0: 827 points, area: 1266047.0
Largest contour: 827 points, area: 1266047.0


Rectangle: ((504.4232177734375, 1039.4591064453125), (767.4303588867188, 1739.5191650390625), 0.568999707698822)


Bounding box: 
[[ 129.36435  165.93182]
 [ 896.75684  173.55298]
 [ 879.48206 1912.9863 ]
 [ 112.08959 1905.3652 ]]

Output width: 600
 Output height: 1410
 Output size: (600, 1410)

Destination points: 
[[  50.   50.]
 [ 549.   50.]
 [ 549. 1359.]
 [  50. 1359.]]

Perspective transformation matrix: 
[[ 6.50189797e-01  6.45720003e-03 -3.51828355e+01]
 [-7.47295489e-03  7.52469652e-01 -7.38919282e+01]
 [-4.53710616e-11 -1.80498777e-11  1.00000000e+00]]

Real image: (2021, 1148, 3)
Warped image: (1410, 600, 3)
Successfully processed and saved image: 20230424crop991.jpg
