Correcting perspective for image: photos/20230524crop991.jpg

Number of components: 2
Component 0: 1710314
Component 1: 1272682

Area of each component: [1710314, 1272682]
Largest component: 1


Number of contours: 1
Contour 0: 912 points, area: 1279378.0
Largest contour: 912 points, area: 1279378.0


Rectangle: ((797.543212890625, 1011.43603515625), (764.556884765625, 1826.663330078125), 1.6235953569412231)


Bounding box: 
[[ 441.29593    87.63986 ]
 [1205.5459    109.302246]
 [1153.7905   1935.2322  ]
 [ 389.54056  1913.5698  ]]

Output width: 600
 Output height: 1410
 Output size: (600, 1410)

Destination points: 
[[  50.   50.]
 [ 549.   50.]
 [ 549. 1359.]
 [  50. 1359.]]

Perspective transformation matrix: 
[[ 6.52403561e-01  1.84921596e-02 -2.39523686e+02]
 [-2.03038123e-02  7.16319454e-01 -3.81814895e+00]
 [-2.18164399e-11 -1.23775336e-12  1.00000000e+00]]

Real image: (2021, 1476, 3)
Warped image: (1410, 600, 3)
Successfully processed and saved image: 20230524crop991.jpg
