Correcting perspective for image: photos/20230505crop1015.jpg

Number of components: 2
Component 0: 1079017
Component 1: 1241091

Area of each component: [1079017, 1241091]
Largest component: 1


Number of contours: 1
Contour 0: 862 points, area: 1238872.5
Largest contour: 862 points, area: 1238872.5


Rectangle: ((533.4082641601562, 1072.869140625), (745.1441040039062, 1727.072021484375), 2.618772029876709)


Bounding box: 
[[ 200.6805   193.21204]
 [ 945.04645  227.25793]
 [ 866.13605 1952.5262 ]
 [ 121.7701  1918.4803 ]]

Output width: 600
 Output height: 1410
 Output size: (600, 1410)

Destination points: 
[[  50.   50.]
 [ 549.   50.]
 [ 549. 1359.]
 [  50. 1359.]]

Perspective transformation matrix: 
[[ 6.68969724e-01  3.05973644e-02 -9.01609552e+01]
 [-3.46300974e-02  7.57138645e-01 -8.93387141e+01]
 [ 5.41178535e-13 -5.90367302e-12  1.00000000e+00]]

Real image: (2021, 1148, 3)
Warped image: (1410, 600, 3)
Successfully processed and saved image: 20230505crop1015.jpg
