Correcting perspective for image: photos/20230512crop978.jpg

Number of components: 2
Component 0: 1042925
Component 1: 1277183

Area of each component: [1042925, 1277183]
Largest component: 1


Number of contours: 1
Contour 0: 862 points, area: 1274766.0
Largest contour: 862 points, area: 1274766.0


Rectangle: ((555.5618896484375, 1049.176513671875), (757.0177612304688, 1760.536376953125), 2.3208913803100586)


Bounding box: 
[[ 213.01096  154.30225]
 [ 969.4077   184.9585 ]
 [ 898.1128  1944.0508 ]
 [ 141.71603 1913.3945 ]]

Output width: 600
 Output height: 1410
 Output size: (600, 1410)

Destination points: 
[[  50.   50.]
 [ 549.   50.]
 [ 549. 1359.]
 [  50. 1359.]]

Perspective transformation matrix: 
[[ 6.58624811e-01  2.66936561e-02 -9.44131916e+01]
 [-3.01097808e-02  7.42913454e-01 -5.82195014e+01]
 [-2.15912283e-19 -4.23464234e-20  1.00000000e+00]]

Real image: (2021, 1148, 3)
Warped image: (1410, 600, 3)
Successfully processed and saved image: 20230512crop978.jpg
