Correcting perspective for image: photos/20230529crop1022.jpg

Number of components: 3
Component 0: 1737990
Component 1: 1244818
Component 2: 188

Area of each component: [1737990, 1244818, 188]
Largest component: 1


Number of contours: 1
Contour 0: 782 points, area: 1250361.0
Largest contour: 782 points, area: 1250361.0


Rectangle: ((775.49658203125, 1006.3840942382812), (1715.3294677734375, 748.9991455078125), 89.67213439941406)


Bounding box: 
[[ 396.09534  150.87642]
 [1145.0822   146.59041]
 [1154.8978  1861.8917 ]
 [ 405.911   1866.1777 ]]

Output width: 600
 Output height: 1410
 Output size: (600, 1410)

Destination points: 
[[  50.   50.]
 [ 549.   50.]
 [ 549. 1359.]
 [  50. 1359.]]

Perspective transformation matrix: 
[[ 6.66211540e-01 -3.81234196e-03 -2.13308092e+02]
 [ 4.36680789e-03  7.63106240e-01 -6.68644091e+01]
 [ 2.35484198e-20 -8.46568065e-20  1.00000000e+00]]

Real image: (2021, 1476, 3)
Warped image: (1410, 600, 3)
Successfully processed and saved image: 20230529crop1022.jpg
