Correcting perspective for image: photos/20230512crop1018.jpg

Number of components: 2
Component 0: 1033041
Component 1: 1287067

Area of each component: [1033041, 1287067]
Largest component: 1


Number of contours: 1
Contour 0: 938 points, area: 1284859.0
Largest contour: 938 points, area: 1284859.0


Rectangle: ((538.49755859375, 1046.9638671875), (763.224609375, 1743.296630859375), 1.9838498830795288)


Bounding box: 
[[ 187.28854  162.62743]
 [ 950.05566  189.04858]
 [ 889.70654 1931.3003 ]
 [ 126.93945 1904.8792 ]]

Output width: 600
 Output height: 1410
 Output size: (600, 1410)

Destination points: 
[[  50.   50.]
 [ 549.   50.]
 [ 549. 1359.]
 [  50. 1359.]]

Perspective transformation matrix: 
[[ 6.53413056e-01  2.26332861e-02 -7.60575730e+01]
 [-2.59936846e-02  7.50426143e-01 -6.71715531e+01]
 [-9.85367801e-12 -2.36750220e-11  1.00000000e+00]]

Real image: (2021, 1148, 3)
Warped image: (1410, 600, 3)
Successfully processed and saved image: 20230512crop1018.jpg
