Correcting perspective for image: photos/20230510crop980.jpg

Number of components: 2
Component 0: 1075365
Component 1: 1244743

Area of each component: [1075365, 1244743]
Largest component: 1


Number of contours: 1
Contour 0: 918 points, area: 1242368.0
Largest contour: 918 points, area: 1242368.0


Rectangle: ((507.9913024902344, 1058.0045166015625), (1725.1351318359375, 752.0459594726562), 88.73260498046875)


Bounding box: 
[[ 112.981674  203.96497 ]
 [ 864.8437    187.33093 ]
 [ 903.0009   1912.0441  ]
 [ 151.13892  1928.6781  ]]

Output width: 600
 Output height: 1410
 Output size: (600, 1410)

Destination points: 
[[  50.   50.]
 [ 549.   50.]
 [ 549. 1359.]
 [  50. 1359.]]

Perspective transformation matrix: 
[[ 6.63360918e-01 -1.46760777e-02 -2.19542215e+01]
 [ 1.67830028e-02  7.58595473e-01 -1.06623072e+02]
 [-5.20149142e-13 -1.17497158e-11  1.00000000e+00]]

Real image: (2021, 1148, 3)
Warped image: (1410, 600, 3)
Successfully processed and saved image: 20230510crop980.jpg
