Correcting perspective for image: photos/20230519crop1012.jpg

Number of components: 2
Component 0: 1067837
Component 1: 1252271

Area of each component: [1067837, 1252271]
Largest component: 1


Number of contours: 1
Contour 0: 1002 points, area: 1250417.5
Largest contour: 1002 points, area: 1250417.5


Rectangle: ((492.9104919433594, 1030.04833984375), (1743.1697998046875, 746.990478515625), 88.26429748535156)


Bounding box: 
[[  93.18711  170.17622]
 [ 839.83484  147.55055]
 [ 892.63385 1889.9204 ]
 [ 145.98615 1912.5461 ]]

Output width: 600
 Output height: 1410
 Output size: (600, 1410)

Destination points: 
[[  50.   50.]
 [ 549.   50.]
 [ 549. 1359.]
 [  50. 1359.]]

Perspective transformation matrix: 
[[ 6.67707355e-01 -2.02335362e-02 -8.77845293e+00]
 [ 2.27450204e-02  7.50586327e-01 -7.98514898e+01]
 [-4.78516006e-11 -1.47070318e-11  1.00000000e+00]]

Real image: (2021, 1148, 3)
Warped image: (1410, 600, 3)
Successfully processed and saved image: 20230519crop1012.jpg
