Correcting perspective for image: photos/20230424crop988.jpg

Number of components: 2
Component 0: 1030893
Component 1: 1289215

Area of each component: [1030893, 1289215]
Largest component: 1


Number of contours: 1
Contour 0: 770 points, area: 1286792.5
Largest contour: 770 points, area: 1286792.5


Rectangle: ((521.0, 1044.0), (1738.0, 760.0), 90.0)


Bounding box: 
[[ 141.  175.]
 [ 901.  175.]
 [ 901. 1913.]
 [ 141. 1913.]]

Output width: 600
 Output height: 1410
 Output size: (600, 1410)

Destination points: 
[[  50.   50.]
 [ 549.   50.]
 [ 549. 1359.]
 [  50. 1359.]]

Perspective transformation matrix: 
[[ 6.56578947e-01 -4.93567273e-20 -4.25776316e+01]
 [ 2.50166382e-17  7.53164557e-01 -8.18037975e+01]
 [ 1.85654716e-19 -3.95527101e-21  1.00000000e+00]]

Real image: (2021, 1148, 3)
Warped image: (1410, 600, 3)
Successfully processed and saved image: 20230424crop988.jpg
