Correcting perspective for image: photos/20230510crop997.jpg

Number of components: 2
Component 0: 1055602
Component 1: 1264506

Area of each component: [1055602, 1264506]
Largest component: 1


Number of contours: 1
Contour 0: 809 points, area: 1262119.5
Largest contour: 809 points, area: 1262119.5


Rectangle: ((534.2821655273438, 1078.3043212890625), (756.4258422851562, 1728.615234375), 0.2650109529495239)


Bounding box: 
[[ 160.07095  212.25658]
 [ 916.4888   215.75537]
 [ 908.4934  1944.352  ]
 [ 152.07559 1940.8533 ]]

Output width: 600
 Output height: 1410
 Output size: (600, 1410)

Destination points: 
[[  50.   50.]
 [ 549.   50.]
 [ 549. 1359.]
 [  50. 1359.]]

Perspective transformation matrix: 
[[ 6.59674201e-01  3.05122277e-03 -5.62423205e+01]
 [-3.50262337e-03  7.57245456e-01 -1.10169660e+02]
 [-1.16690846e-11 -1.07949653e-13  1.00000000e+00]]

Real image: (2021, 1148, 3)
Warped image: (1410, 600, 3)
Successfully processed and saved image: 20230510crop997.jpg
