Mask image paths: ['20230522crop1001.png', '20230426crop993.png', '20230510crop1016.png', '20230503crop985.png', '20230426crop977.png', '20230517crop975.png', '20230510crop1005.png', '20230519crop998.png', '20230510crop997.png', '20230517crop1005.png', '20230510crop985.png', '20230426crop979.png', '20230522crop977.png', '20230605crop1005.png', '20230512crop1000.png', '20230517crop998.png', '20230503crop1009.png', '20230508crop1002.png', '20230505crop1017.png', '20230519crop1017.png', '20230519crop1013.png', '20230426crop999.png', '20230524crop991.png', '20230602crop980.png', '20230510crop1011.png', '20230426crop1013.png', '20230424crop999.png', '20230508crop1008.png', '20230505crop1019.png', '20230512crop992.png', '20230529crop1015.png', '20230529crop985.png', '20230531crop992.png', '20230510crop995.png', '20230510crop975.png', '20230503crop1006.png', '20230501crop994.png', '20230501crop993.png', '20230522crop1016.png', '20230426crop1017.png', '20230510crop1000.png', '20230531crop1001.png', '20230503crop1012.png', '20230519crop1001.png', '20230605crop994.png', '20230526crop1016.png', '20230531crop1011.png', '20230526crop999.png', '20230508crop994.png', '20230607crop1022.png', '20230522crop975.png', '20230522crop980.png', '20230605crop975.png', '20230426crop986.png', '20230522crop1002.png', '20230524crop985.png', '20230524crop995.png', '20230505crop992.png', '20230531crop977.png', '20230510crop977.png', '20230503crop975.png', '20230522crop985.png', '20230510crop1008.png', '20230522crop1022.png', '20230524crop1016.png', '20230512crop1012.png', '20230607crop1000.png', '20230602crop1022.png', '20230424crop1006.png', '20230501crop977.png', '20230531crop1000.png', '20230519crop993.png', '20230529crop1003.png', '20230522crop987.png', '20230605crop1015.png', '20230508crop1005.png', '20230512crop990.png', '20230512crop1011.png', '20230517crop1009.png', '20230508crop1011.png', '20230426crop989.png', '20230510crop988.png', '20230503crop978.png', '20230522crop986.png', '20230503crop997.png', '20230515crop1005.png', '20230501crop1015.png', '20230501crop1011.png', '20230519crop980.png', '20230519crop995.png', '20230508crop1006.png', '20230531crop1017.png', '20230602crop975.png', '20230607crop1003.png', '20230531crop1002.png', '20230510crop1012.png', '20230503crop981.png', '20230517crop1018.png', '20230424crop1019.png', '20230503crop995.png', '20230526crop996.png', '20230515crop999.png', '20230519crop996.png', '20230426crop992.png', '20230424crop1003.png', '20230424crop996.png', '20230522crop1012.png', '20230424crop987.png', '20230607crop995.png', '20230510crop1009.png', '20230512crop975.png', '20230505crop1009.png', '20230602crop977.png', '20230519crop1008.png', '20230607crop994.png', '20230531crop975.png', '20230519crop979.png', '20230517crop986.png', '20230524crop1003.png', '20230519crop978.png', '20230512crop1015.png', '20230503crop1000.png', '20230607crop996.png', '20230508crop987.png', '20230519crop985.png', '20230515crop975.png', '20230602crop1002.png', '20230524crop990.png', '20230508crop1013.png', '20230605crop1008.png', '20230426crop995.png', '20230602crop996.png', '20230512crop1017.png', '20230607crop1009.png', '20230526crop994.png', '20230424crop1001.png', '20230503crop1016.png', '20230503crop1003.png', '20230505crop1013.png', '20230515crop1015.png', '20230522crop988.png', '20230505crop998.png', '20230501crop1000.png', '20230505crop987.png', '20230510crop991.png', '20230424crop1022.png', '20230605crop998.png', '20230426crop1001.png', '20230605crop1002.png', '20230607crop992.png', '20230510crop993.png', '20230424crop984.png', '20230503crop987.png', '20230524crop1015.png', '20230424crop1018.png', '20230512crop986.png', '20230526crop987.png', '20230607crop977.png', '20230426crop1019.png', '20230501crop990.png', '20230508crop985.png', '20230503crop991.png', '20230424crop1008.png', '20230529crop999.png', '20230517crop990.png', '20230602crop999.png', '20230426crop1014.png', '20230517crop979.png', '20230426crop1006.png', '20230501crop985.png', '20230505crop1015.png', '20230519crop1003.png', '20230522crop1017.png', '20230522crop1003.png', '20230512crop1008.png', '20230522crop1015.png', '20230529crop1013.png', '20230526crop981.png', '20230522crop1000.png', '20230515crop978.png', '20230607crop1002.png', '20230510crop1015.png', '20230522crop994.png', '20230503crop977.png', '20230501crop1005.png', '20230529crop992.png', '20230524crop986.png', '20230510crop979.png', '20230602crop988.png', '20230508crop977.png', '20230505crop1011.png', '20230515crop1002.png', '20230531crop980.png', '20230501crop975.png', '20230607crop980.png', '20230529crop1000.png', '20230519crop1002.png', '20230517crop977.png', '20230517crop1012.png', '20230503crop979.png', '20230426crop988.png', '20230501crop979.png', '20230524crop1009.png', '20230426crop975.png', '20230602crop998.png', '20230524crop1017.png', '20230508crop1015.png', '20230529crop1017.png', '20230529crop980.png', '20230531crop1022.png', '20230515crop979.png', '20230602crop1011.png', '20230531crop1009.png', '20230515crop990.png', '20230508crop990.png', '20230426crop1012.png', '20230501crop1012.png', '20230517crop980.png', '20230424crop979.png', '20230519crop1015.png', '20230512crop991.png', '20230517crop992.png', '20230503crop1015.png', '20230515crop987.png', '20230510crop1013.png', '20230531crop1012.png', '20230505crop1018.png', '20230508crop1003.png', '20230519crop981.png', '20230529crop1008.png', '20230517crop1016.png', '20230501crop1001.png', '20230529crop1002.png', '20230524crop1018.png', '20230605crop1012.png', '20230426crop1022.png', '20230519crop1000.png', '20230508crop991.png', '20230524crop1022.png', '20230512crop977.png', '20230605crop986.png', '20230524crop1005.png', '20230501crop978.png', '20230424crop1014.png', '20230505crop1003.png', '20230524crop975.png', '20230505crop993.png', '20230426crop1008.png', '20230602crop1013.png', '20230526crop975.png', '20230505crop1008.png', '20230531crop1016.png', '20230515crop1022.png', '20230522crop996.png', '20230607crop1008.png', '20230519crop1022.png', '20230607crop1016.png', '20230522crop999.png', '20230508crop1016.png', '20230505crop1016.png', '20230508crop1012.png', '20230424crop1020.png', '20230605crop1022.png', '20230512crop998.png', '20230515crop980.png', '20230515crop985.png', '20230501crop1008.png', '20230501crop997.png', '20230517crop985.png', '20230501crop995.png', '20230424crop993.png', '20230529crop977.png', '20230519crop1016.png', '20230503crop996.png', '20230503crop980.png', '20230602crop1018.png', '20230605crop1000.png', '20230510crop999.png', '20230605crop995.png', '20230424crop1021.png', '20230526crop1012.png', '20230529crop993.png', '20230605crop999.png', '20230531crop990.png', '20230515crop1008.png', '20230512crop1013.png', '20230526crop977.png', '20230501crop987.png', '20230424crop1012.png', '20230508crop1000.png', '20230503crop1002.png', '20230426crop997.png', '20230602crop995.png', '20230522crop1008.png', '20230607crop1001.png', '20230512crop980.png', '20230424crop1017.png', '20230519crop990.png', '20230526crop1013.png', '20230529crop994.png', '20230505crop980.png', '20230424crop977.png', '20230531crop1005.png', '20230505crop979.png', '20230503crop1001.png', '20230519crop1011.png', '20230519crop977.png', '20230602crop1005.png', '20230531crop999.png', '20230505crop985.png', '20230501crop981.png', '20230501crop999.png', '20230503crop994.png', '20230508crop998.png', '20230515crop1009.png', '20230607crop993.png', '20230515crop991.png', '20230607crop991.png', '20230526crop1022.png', '20230605crop993.png', '20230508crop1022.png', '20230505crop988.png', '20230501crop996.png', '20230512crop995.png', '20230505crop990.png', '20230426crop1003.png', '20230508crop988.png', '20230605crop1003.png', '20230424crop1016.png', '20230508crop975.png', '20230526crop990.png', '20230524crop1011.png', '20230505crop986.png', '20230526crop985.png', '20230515crop1003.png', '20230515crop1018.png', '20230605crop987.png', '20230517crop996.png', '20230524crop1013.png', '20230503crop998.png', '20230512crop1006.png', '20230426crop1018.png', '20230605crop1011.png', '20230503crop1005.png', '20230602crop981.png', '20230424crop1011.png', '20230529crop1005.png', '20230524crop1008.png', '20230607crop1012.png', '20230508crop1009.png', '20230503crop999.png', '20230605crop1016.png', '20230531crop1008.png', '20230505crop1006.png', '20230508crop980.png', '20230508crop978.png', '20230524crop999.png', '20230517crop1022.png', '20230505crop978.png', '20230515crop995.png', '20230526crop1000.png', '20230501crop988.png', '20230424crop1013.png', '20230508crop999.png', '20230426crop998.png', '20230424crop986.png', '20230602crop985.png', '20230424crop988.png', '20230519crop999.png', '20230501crop1019.png', '20230517crop1013.png', '20230505crop977.png', '20230607crop1015.png', '20230426crop1016.png', '20230529crop1011.png', '20230517crop1001.png', '20230529crop1016.png', '20230426crop1020.png', '20230517crop1015.png', '20230605crop1001.png', '20230424crop981.png', '20230503crop1022.png', '20230515crop1000.png', '20230605crop981.png', '20230522crop1005.png', '20230503crop1013.png', '20230605crop1018.png', '20230426crop994.png', '20230426crop976.png', '20230501crop986.png', '20230517crop978.png', '20230515crop998.png', '20230529crop986.png', '20230607crop975.png', '20230519crop975.png', '20230524crop980.png', '20230512crop987.png', '20230501crop998.png', '20230605crop985.png', '20230531crop998.png', '20230510crop986.png', '20230529crop981.png', '20230515crop1016.png', '20230426crop985.png', '20230602crop990.png', '20230505crop975.png', '20230508crop996.png', '20230501crop991.png', '20230607crop1017.png', '20230517crop993.png', '20230508crop1017.png', '20230503crop1018.png', '20230512crop1005.png', '20230531crop1018.png', '20230501crop1006.png', '20230501crop980.png', '20230508crop1018.png', '20230501crop1022.png', '20230607crop1005.png', '20230515crop1011.png', '20230426crop1015.png', '20230522crop995.png', '20230426crop1011.png', '20230524crop992.png', '20230512crop1022.png', '20230529crop998.png', '20230508crop981.png', '20230531crop985.png', '20230510crop1002.png', '20230503crop1011.png', '20230426crop990.png', '20230526crop988.png', '20230512crop988.png', '20230501crop1017.png', '20230517crop1003.png', '20230508crop995.png', '20230510crop992.png', '20230512crop1009.png', '20230505crop994.png', '20230424crop992.png', '20230531crop981.png', '20230607crop1011.png', '20230607crop999.png', '20230505crop1001.png', '20230531crop1013.png', '20230531crop993.png', '20230526crop995.png', '20230531crop994.png', '20230524crop993.png', '20230512crop979.png', '20230426crop981.png', '20230524crop998.png', '20230526crop986.png', '20230607crop1018.png', '20230508crop979.png', '20230602crop1008.png', '20230424crop998.png', '20230510crop1003.png', '20230510crop998.png', '20230522crop992.png', '20230512crop993.png', '20230526crop1001.png', '20230505crop991.png', '20230605crop1017.png', '20230517crop991.png', '20230515crop1006.png', '20230510crop980.png', '20230505crop1002.png', '20230602crop1015.png', '20230529crop1001.png', '20230501crop1002.png', '20230501crop992.png', '20230515crop1012.png', '20230512crop981.png', '20230512crop1002.png', '20230512crop996.png', '20230424crop985.png', '20230424crop980.png', '20230524crop1002.png', '20230501crop1016.png', '20230531crop986.png', '20230529crop1012.png', '20230529crop996.png', '20230529crop990.png', '20230524crop977.png', '20230508crop1019.png', '20230602crop1001.png', '20230522crop1009.png', '20230421crop1002.png', '20230517crop994.png', '20230519crop992.png', '20230517crop988.png', '20230512crop978.png', '20230510crop978.png', '20230426crop1000.png', '20230510crop1001.png', '20230503crop988.png', '20230515crop1017.png', '20230517crop987.png', '20230526crop998.png', '20230426crop984.png', '20230515crop996.png', '20230602crop1009.png', '20230602crop1000.png', '20230605crop980.png', '20230426crop1007.png', '20230424crop1000.png', '20230522crop1018.png', '20230517crop999.png', '20230531crop991.png', '20230529crop991.png', '20230526crop980.png', '20230505crop995.png', '20230515crop986.png', '20230426crop1002.png', '20230522crop998.png', '20230424crop989.png', '20230424crop991.png', '20230501crop1003.png', '20230503crop1017.png', '20230426crop1005.png', '20230526crop1003.png', '20230524crop996.png', '20230519crop1009.png', '20230508crop992.png', '20230602crop1012.png', '20230526crop992.png', '20230424crop1009.png', '20230515crop1013.png', '20230602crop993.png', '20230424crop994.png', '20230517crop1008.png', '20230503crop986.png', '20230524crop981.png', '20230424crop1002.png', '20230503crop1008.png', '20230505crop997.png', '20230526crop1008.png', '20230517crop1011.png', '20230605crop977.png', '20230503crop993.png', '20230424crop1005.png', '20230519crop988.png', '20230605crop1009.png', '20230424crop1015.png', '20230607crop987.png', '20230505crop981.png', '20230503crop990.png', '20230526crop991.png', '20230602crop994.png', '20230519crop1018.png', '20230505crop1005.png', '20230510crop1018.png', '20230605crop990.png', '20230515crop992.png', '20230522crop1013.png', '20230519crop994.png', '20230519crop987.png', '20230602crop986.png', '20230605crop988.png', '20230508crop993.png', '20230515crop988.png', '20230602crop991.png', '20230517crop1002.png', '20230522crop993.png', '20230607crop1013.png', '20230524crop987.png', '20230426crop987.png', '20230531crop996.png', '20230505crop996.png', '20230517crop995.png', '20230524crop994.png', '20230426crop991.png', '20230424crop1007.png', '20230424crop975.png', '20230519crop1005.png', '20230529crop987.png', '20230529crop975.png', '20230602crop1003.png', '20230426crop1021.png', '20230529crop995.png', '20230510crop1022.png', '20230424crop978.png', '20230510crop996.png', '20230426crop978.png', '20230515crop977.png', '20230519crop991.png', '20230508crop986.png', '20230517crop1017.png', '20230526crop1011.png', '20230605crop992.png', '20230526crop1015.png', '20230526crop1018.png', '20230424crop976.png', '20230512crop999.png', '20230515crop994.png', '20230529crop1009.png', '20230510crop990.png', '20230524crop1012.png', '20230605crop1013.png', '20230526crop1002.png', '20230524crop978.png', '20230512crop994.png', '20230426crop980.png', '20230424crop990.png', '20230512crop1016.png', '20230602crop1016.png', '20230505crop1022.png', '20230517crop981.png', '20230607crop981.png', '20230531crop987.png', '20230426crop996.png', '20230505crop1012.png', '20230607crop986.png', '20230519crop1012.png', '20230522crop978.png', '20230512crop985.png', '20230524crop1001.png', '20230526crop1017.png', '20230605crop996.png', '20230524crop1000.png', '20230522crop981.png', '20230519crop986.png', '20230510crop1017.png', '20230529crop1018.png', '20230515crop981.png', '20230607crop988.png', '20230607crop998.png', '20230505crop1000.png', '20230531crop995.png', '20230424crop997.png', '20230526crop1005.png', '20230501crop1009.png', '20230510crop981.png', '20230424crop995.png', '20230426crop1009.png', '20230508crop997.png', '20230505crop999.png', '20230510crop1006.png', '20230510crop987.png', '20230522crop991.png', '20230605crop991.png', '20230501crop1018.png', '20230607crop985.png', '20230501crop1013.png', '20230531crop988.png', '20230503crop1019.png', '20230517crop1000.png', '20230602crop992.png', '20230522crop1011.png', '20230526crop1009.png', '20230602crop1017.png', '20230529crop1022.png', '20230512crop1003.png', '20230531crop1015.png', '20230510crop994.png', '20230512crop1001.png', '20230524crop988.png', '20230508crop1001.png', '20230503crop992.png', '20230529crop988.png', '20230522crop990.png', '20230602crop987.png', '20230531crop1003.png', '20230512crop1018.png', '20230515crop993.png', '20230607crop990.png', '20230526crop993.png', '20230515crop1001.png']
Processing 669 images
Processing mask: 20230522crop1001.png
Correcting image: 20230522crop1001.jpg
Processing mask: 20230426crop993.png
Correcting image: 20230426crop993.jpg
Processing mask: 20230510crop1016.png
Correcting image: 20230510crop1016.jpg
Processing mask: 20230503crop985.png
Correcting image: 20230503crop985.jpg
Processing mask: 20230426crop977.png
Correcting image: 20230426crop977.jpg
Processing mask: 20230517crop975.png
Correcting image: 20230517crop975.jpg
Processing mask: 20230510crop1005.png
Correcting image: 20230510crop1005.jpg
Processing mask: 20230519crop998.png
Correcting image: 20230519crop998.jpg
Processing mask: 20230510crop997.png
Correcting image: 20230510crop997.jpg
Processing mask: 20230517crop1005.png
Correcting image: 20230517crop1005.jpg
Processing mask: 20230510crop985.png
Correcting image: 20230510crop985.jpg
Processing mask: 20230426crop979.png
Correcting image: 20230426crop979.jpg
Processing mask: 20230522crop977.png
Correcting image: 20230522crop977.jpg
Processing mask: 20230605crop1005.png
Correcting image: 20230605crop1005.jpg
Processing mask: 20230512crop1000.png
Correcting image: 20230512crop1000.jpg
Processing mask: 20230517crop998.png
Correcting image: 20230517crop998.jpg
Processing mask: 20230503crop1009.png
Correcting image: 20230503crop1009.jpg
Processing mask: 20230508crop1002.png
Correcting image: 20230508crop1002.jpg
Processing mask: 20230505crop1017.png
Correcting image: 20230505crop1017.jpg
Processing mask: 20230519crop1017.png
Correcting image: 20230519crop1017.jpg
Processing mask: 20230519crop1013.png
Correcting image: 20230519crop1013.jpg
Processing mask: 20230426crop999.png
Correcting image: 20230426crop999.jpg
Processing mask: 20230524crop991.png
Correcting image: 20230524crop991.jpg
Processing mask: 20230602crop980.png
Correcting image: 20230602crop980.jpg
Processing mask: 20230510crop1011.png
Correcting image: 20230510crop1011.jpg
Processing mask: 20230426crop1013.png
Correcting image: 20230426crop1013.jpg
Processing mask: 20230424crop999.png
Correcting image: 20230424crop999.jpg
Processing mask: 20230508crop1008.png
Correcting image: 20230508crop1008.jpg
Processing mask: 20230505crop1019.png
Correcting image: 20230505crop1019.jpg
Processing mask: 20230512crop992.png
Correcting image: 20230512crop992.jpg
Processing mask: 20230529crop1015.png
Correcting image: 20230529crop1015.jpg
Processing mask: 20230529crop985.png
Correcting image: 20230529crop985.jpg
Processing mask: 20230531crop992.png
Correcting image: 20230531crop992.jpg
Processing mask: 20230510crop995.png
Correcting image: 20230510crop995.jpg
Processing mask: 20230510crop975.png
Correcting image: 20230510crop975.jpg
Processing mask: 20230503crop1006.png
Correcting image: 20230503crop1006.jpg
Processing mask: 20230501crop994.png
Correcting image: 20230501crop994.jpg
Processing mask: 20230501crop993.png
Correcting image: 20230501crop993.jpg
Processing mask: 20230522crop1016.png
Correcting image: 20230522crop1016.jpg
Processing mask: 20230426crop1017.png
Correcting image: 20230426crop1017.jpg
Processing mask: 20230510crop1000.png
Correcting image: 20230510crop1000.jpg
Processing mask: 20230531crop1001.png
Correcting image: 20230531crop1001.jpg
Processing mask: 20230503crop1012.png
Correcting image: 20230503crop1012.jpg
Processing mask: 20230519crop1001.png
Correcting image: 20230519crop1001.jpg
Processing mask: 20230605crop994.png
Correcting image: 20230605crop994.jpg
Processing mask: 20230526crop1016.png
Correcting image: 20230526crop1016.jpg
Processing mask: 20230531crop1011.png
Correcting image: 20230531crop1011.jpg
Processing mask: 20230526crop999.png
Correcting image: 20230526crop999.jpg
Processing mask: 20230508crop994.png
Correcting image: 20230508crop994.jpg
Processing mask: 20230607crop1022.png
Correcting image: 20230607crop1022.jpg
Processing mask: 20230522crop975.png
Correcting image: 20230522crop975.jpg
Processing mask: 20230522crop980.png
Correcting image: 20230522crop980.jpg
Processing mask: 20230605crop975.png
Correcting image: 20230605crop975.jpg
Processing mask: 20230426crop986.png
Correcting image: 20230426crop986.jpg
Processing mask: 20230522crop1002.png
Correcting image: 20230522crop1002.jpg
Processing mask: 20230524crop985.png
Correcting image: 20230524crop985.jpg
Processing mask: 20230524crop995.png
Correcting image: 20230524crop995.jpg
Processing mask: 20230505crop992.png
Correcting image: 20230505crop992.jpg
Processing mask: 20230531crop977.png
Correcting image: 20230531crop977.jpg
Processing mask: 20230510crop977.png
Correcting image: 20230510crop977.jpg
Processing mask: 20230503crop975.png
Correcting image: 20230503crop975.jpg
Processing mask: 20230522crop985.png
Correcting image: 20230522crop985.jpg
Processing mask: 20230510crop1008.png
Correcting image: 20230510crop1008.jpg
Processing mask: 20230522crop1022.png
Correcting image: 20230522crop1022.jpg
Processing mask: 20230524crop1016.png
Correcting image: 20230524crop1016.jpg
Processing mask: 20230512crop1012.png
Correcting image: 20230512crop1012.jpg
Processing mask: 20230607crop1000.png
Correcting image: 20230607crop1000.jpg
Processing mask: 20230602crop1022.png
Correcting image: 20230602crop1022.jpg
Processing mask: 20230424crop1006.png
Correcting image: 20230424crop1006.jpg
Processing mask: 20230501crop977.png
Correcting image: 20230501crop977.jpg
Processing mask: 20230531crop1000.png
Correcting image: 20230531crop1000.jpg
Processing mask: 20230519crop993.png
Correcting image: 20230519crop993.jpg
Processing mask: 20230529crop1003.png
Correcting image: 20230529crop1003.jpg
Processing mask: 20230522crop987.png
Correcting image: 20230522crop987.jpg
Processing mask: 20230605crop1015.png
Correcting image: 20230605crop1015.jpg
Processing mask: 20230508crop1005.png
Correcting image: 20230508crop1005.jpg
Processing mask: 20230512crop990.png
Correcting image: 20230512crop990.jpg
Processing mask: 20230512crop1011.png
Correcting image: 20230512crop1011.jpg
Processing mask: 20230517crop1009.png
Correcting image: 20230517crop1009.jpg
Processing mask: 20230508crop1011.png
Correcting image: 20230508crop1011.jpg
Processing mask: 20230426crop989.png
Correcting image: 20230426crop989.jpg
Processing mask: 20230510crop988.png
Correcting image: 20230510crop988.jpg
Processing mask: 20230503crop978.png
Correcting image: 20230503crop978.jpg
Processing mask: 20230522crop986.png
Correcting image: 20230522crop986.jpg
Processing mask: 20230503crop997.png
Correcting image: 20230503crop997.jpg
Processing mask: 20230515crop1005.png
Correcting image: 20230515crop1005.jpg
Processing mask: 20230501crop1015.png
Correcting image: 20230501crop1015.jpg
Processing mask: 20230501crop1011.png
Correcting image: 20230501crop1011.jpg
Processing mask: 20230519crop980.png
Correcting image: 20230519crop980.jpg
Processing mask: 20230519crop995.png
Correcting image: 20230519crop995.jpg
Processing mask: 20230508crop1006.png
Correcting image: 20230508crop1006.jpg
Processing mask: 20230531crop1017.png
Correcting image: 20230531crop1017.jpg
Processing mask: 20230602crop975.png
Correcting image: 20230602crop975.jpg
Processing mask: 20230607crop1003.png
Correcting image: 20230607crop1003.jpg
Processing mask: 20230531crop1002.png
Correcting image: 20230531crop1002.jpg
Processing mask: 20230510crop1012.png
Correcting image: 20230510crop1012.jpg
Processing mask: 20230503crop981.png
Correcting image: 20230503crop981.jpg
Processing mask: 20230517crop1018.png
Correcting image: 20230517crop1018.jpg
Processing mask: 20230424crop1019.png
Correcting image: 20230424crop1019.jpg
Processing mask: 20230503crop995.png
Correcting image: 20230503crop995.jpg
Processing mask: 20230526crop996.png
Correcting image: 20230526crop996.jpg
Processing mask: 20230515crop999.png
Correcting image: 20230515crop999.jpg
Processing mask: 20230519crop996.png
Correcting image: 20230519crop996.jpg
Processing mask: 20230426crop992.png
Correcting image: 20230426crop992.jpg
Processing mask: 20230424crop1003.png
Correcting image: 20230424crop1003.jpg
Processing mask: 20230424crop996.png
Correcting image: 20230424crop996.jpg
Processing mask: 20230522crop1012.png
Correcting image: 20230522crop1012.jpg
Processing mask: 20230424crop987.png
Correcting image: 20230424crop987.jpg
Processing mask: 20230607crop995.png
Correcting image: 20230607crop995.jpg
Processing mask: 20230510crop1009.png
Correcting image: 20230510crop1009.jpg
Processing mask: 20230512crop975.png
Correcting image: 20230512crop975.jpg
Processing mask: 20230505crop1009.png
Correcting image: 20230505crop1009.jpg
Processing mask: 20230602crop977.png
Correcting image: 20230602crop977.jpg
Processing mask: 20230519crop1008.png
Correcting image: 20230519crop1008.jpg
Processing mask: 20230607crop994.png
Correcting image: 20230607crop994.jpg
Processing mask: 20230531crop975.png
Correcting image: 20230531crop975.jpg
Processing mask: 20230519crop979.png
Correcting image: 20230519crop979.jpg
Processing mask: 20230517crop986.png
Correcting image: 20230517crop986.jpg
Processing mask: 20230524crop1003.png
Correcting image: 20230524crop1003.jpg
Processing mask: 20230519crop978.png
Correcting image: 20230519crop978.jpg
Processing mask: 20230512crop1015.png
Correcting image: 20230512crop1015.jpg
Processing mask: 20230503crop1000.png
Correcting image: 20230503crop1000.jpg
Processing mask: 20230607crop996.png
Correcting image: 20230607crop996.jpg
Processing mask: 20230508crop987.png
Correcting image: 20230508crop987.jpg
Processing mask: 20230519crop985.png
Correcting image: 20230519crop985.jpg
Processing mask: 20230515crop975.png
Correcting image: 20230515crop975.jpg
Processing mask: 20230602crop1002.png
Correcting image: 20230602crop1002.jpg
Processing mask: 20230524crop990.png
Correcting image: 20230524crop990.jpg
Processing mask: 20230508crop1013.png
Correcting image: 20230508crop1013.jpg
Processing mask: 20230605crop1008.png
Correcting image: 20230605crop1008.jpg
Processing mask: 20230426crop995.png
Correcting image: 20230426crop995.jpg
Processing mask: 20230602crop996.png
Correcting image: 20230602crop996.jpg
Processing mask: 20230512crop1017.png
Correcting image: 20230512crop1017.jpg
Processing mask: 20230607crop1009.png
Correcting image: 20230607crop1009.jpg
Processing mask: 20230526crop994.png
Correcting image: 20230526crop994.jpg
Processing mask: 20230424crop1001.png
Correcting image: 20230424crop1001.jpg
Processing mask: 20230503crop1016.png
Correcting image: 20230503crop1016.jpg
Processing mask: 20230503crop1003.png
Correcting image: 20230503crop1003.jpg
Processing mask: 20230505crop1013.png
Correcting image: 20230505crop1013.jpg
Processing mask: 20230515crop1015.png
Correcting image: 20230515crop1015.jpg
Processing mask: 20230522crop988.png
Correcting image: 20230522crop988.jpg
Processing mask: 20230505crop998.png
Correcting image: 20230505crop998.jpg
Processing mask: 20230501crop1000.png
Correcting image: 20230501crop1000.jpg
Processing mask: 20230505crop987.png
Correcting image: 20230505crop987.jpg
Processing mask: 20230510crop991.png
Correcting image: 20230510crop991.jpg
Processing mask: 20230424crop1022.png
Correcting image: 20230424crop1022.jpg
Processing mask: 20230605crop998.png
Correcting image: 20230605crop998.jpg
Processing mask: 20230426crop1001.png
Correcting image: 20230426crop1001.jpg
Processing mask: 20230605crop1002.png
Correcting image: 20230605crop1002.jpg
Processing mask: 20230607crop992.png
Correcting image: 20230607crop992.jpg
Processing mask: 20230510crop993.png
Correcting image: 20230510crop993.jpg
Processing mask: 20230424crop984.png
Correcting image: 20230424crop984.jpg
Processing mask: 20230503crop987.png
Correcting image: 20230503crop987.jpg
Processing mask: 20230524crop1015.png
Correcting image: 20230524crop1015.jpg
Processing mask: 20230424crop1018.png
Correcting image: 20230424crop1018.jpg
Processing mask: 20230512crop986.png
Correcting image: 20230512crop986.jpg
Processing mask: 20230526crop987.png
Correcting image: 20230526crop987.jpg
Processing mask: 20230607crop977.png
Correcting image: 20230607crop977.jpg
Processing mask: 20230426crop1019.png
Correcting image: 20230426crop1019.jpg
Processing mask: 20230501crop990.png
Correcting image: 20230501crop990.jpg
Processing mask: 20230508crop985.png
Correcting image: 20230508crop985.jpg
Processing mask: 20230503crop991.png
Correcting image: 20230503crop991.jpg
Processing mask: 20230424crop1008.png
Correcting image: 20230424crop1008.jpg
Processing mask: 20230529crop999.png
Correcting image: 20230529crop999.jpg
Processing mask: 20230517crop990.png
Correcting image: 20230517crop990.jpg
Processing mask: 20230602crop999.png
Correcting image: 20230602crop999.jpg
Processing mask: 20230426crop1014.png
Correcting image: 20230426crop1014.jpg
Processing mask: 20230517crop979.png
Correcting image: 20230517crop979.jpg
Processing mask: 20230426crop1006.png
Correcting image: 20230426crop1006.jpg
Processing mask: 20230501crop985.png
Correcting image: 20230501crop985.jpg
Processing mask: 20230505crop1015.png
Correcting image: 20230505crop1015.jpg
Processing mask: 20230519crop1003.png
Correcting image: 20230519crop1003.jpg
Processing mask: 20230522crop1017.png
Correcting image: 20230522crop1017.jpg
Processing mask: 20230522crop1003.png
Correcting image: 20230522crop1003.jpg
Processing mask: 20230512crop1008.png
Correcting image: 20230512crop1008.jpg
Processing mask: 20230522crop1015.png
Correcting image: 20230522crop1015.jpg
Processing mask: 20230529crop1013.png
Correcting image: 20230529crop1013.jpg
Processing mask: 20230526crop981.png
Correcting image: 20230526crop981.jpg
Processing mask: 20230522crop1000.png
Correcting image: 20230522crop1000.jpg
Processing mask: 20230515crop978.png
Correcting image: 20230515crop978.jpg
Processing mask: 20230607crop1002.png
Correcting image: 20230607crop1002.jpg
Processing mask: 20230510crop1015.png
Correcting image: 20230510crop1015.jpg
Processing mask: 20230522crop994.png
Correcting image: 20230522crop994.jpg
Processing mask: 20230503crop977.png
Correcting image: 20230503crop977.jpg
Processing mask: 20230501crop1005.png
Correcting image: 20230501crop1005.jpg
Processing mask: 20230529crop992.png
Correcting image: 20230529crop992.jpg
Processing mask: 20230524crop986.png
Correcting image: 20230524crop986.jpg
Processing mask: 20230510crop979.png
Correcting image: 20230510crop979.jpg
Processing mask: 20230602crop988.png
Correcting image: 20230602crop988.jpg
Processing mask: 20230508crop977.png
Correcting image: 20230508crop977.jpg
Processing mask: 20230505crop1011.png
Correcting image: 20230505crop1011.jpg
Processing mask: 20230515crop1002.png
Correcting image: 20230515crop1002.jpg
Processing mask: 20230531crop980.png
Correcting image: 20230531crop980.jpg
Processing mask: 20230501crop975.png
Correcting image: 20230501crop975.jpg
Processing mask: 20230607crop980.png
Correcting image: 20230607crop980.jpg
Processing mask: 20230529crop1000.png
Correcting image: 20230529crop1000.jpg
Processing mask: 20230519crop1002.png
Correcting image: 20230519crop1002.jpg
Processing mask: 20230517crop977.png
Correcting image: 20230517crop977.jpg
Processing mask: 20230517crop1012.png
Correcting image: 20230517crop1012.jpg
Processing mask: 20230503crop979.png
Correcting image: 20230503crop979.jpg
Processing mask: 20230426crop988.png
Correcting image: 20230426crop988.jpg
Processing mask: 20230501crop979.png
Correcting image: 20230501crop979.jpg
Processing mask: 20230524crop1009.png
Correcting image: 20230524crop1009.jpg
Processing mask: 20230426crop975.png
Correcting image: 20230426crop975.jpg
Processing mask: 20230602crop998.png
Correcting image: 20230602crop998.jpg
Processing mask: 20230524crop1017.png
Correcting image: 20230524crop1017.jpg
Processing mask: 20230508crop1015.png
Correcting image: 20230508crop1015.jpg
Processing mask: 20230529crop1017.png
Correcting image: 20230529crop1017.jpg
Processing mask: 20230529crop980.png
Correcting image: 20230529crop980.jpg
Processing mask: 20230531crop1022.png
Correcting image: 20230531crop1022.jpg
Processing mask: 20230515crop979.png
Correcting image: 20230515crop979.jpg
Processing mask: 20230602crop1011.png
Correcting image: 20230602crop1011.jpg
Processing mask: 20230531crop1009.png
Correcting image: 20230531crop1009.jpg
Processing mask: 20230515crop990.png
Correcting image: 20230515crop990.jpg
Processing mask: 20230508crop990.png
Correcting image: 20230508crop990.jpg
Processing mask: 20230426crop1012.png
Correcting image: 20230426crop1012.jpg
Processing mask: 20230501crop1012.png
Correcting image: 20230501crop1012.jpg
Processing mask: 20230517crop980.png
Correcting image: 20230517crop980.jpg
Processing mask: 20230424crop979.png
Correcting image: 20230424crop979.jpg
Processing mask: 20230519crop1015.png
Correcting image: 20230519crop1015.jpg
Processing mask: 20230512crop991.png
Correcting image: 20230512crop991.jpg
Processing mask: 20230517crop992.png
Correcting image: 20230517crop992.jpg
Processing mask: 20230503crop1015.png
Correcting image: 20230503crop1015.jpg
Processing mask: 20230515crop987.png
Correcting image: 20230515crop987.jpg
Processing mask: 20230510crop1013.png
Correcting image: 20230510crop1013.jpg
Processing mask: 20230531crop1012.png
Correcting image: 20230531crop1012.jpg
Processing mask: 20230505crop1018.png
Correcting image: 20230505crop1018.jpg
Processing mask: 20230508crop1003.png
Correcting image: 20230508crop1003.jpg
Processing mask: 20230519crop981.png
Correcting image: 20230519crop981.jpg
Processing mask: 20230529crop1008.png
Correcting image: 20230529crop1008.jpg
Processing mask: 20230517crop1016.png
Correcting image: 20230517crop1016.jpg
Processing mask: 20230501crop1001.png
Correcting image: 20230501crop1001.jpg
Processing mask: 20230529crop1002.png
Correcting image: 20230529crop1002.jpg
Processing mask: 20230524crop1018.png
Correcting image: 20230524crop1018.jpg
Processing mask: 20230605crop1012.png
Correcting image: 20230605crop1012.jpg
Processing mask: 20230426crop1022.png
Correcting image: 20230426crop1022.jpg
Processing mask: 20230519crop1000.png
Correcting image: 20230519crop1000.jpg
Processing mask: 20230508crop991.png
Correcting image: 20230508crop991.jpg
Processing mask: 20230524crop1022.png
Correcting image: 20230524crop1022.jpg
Processing mask: 20230512crop977.png
Correcting image: 20230512crop977.jpg
Processing mask: 20230605crop986.png
Correcting image: 20230605crop986.jpg
Processing mask: 20230524crop1005.png
Correcting image: 20230524crop1005.jpg
Processing mask: 20230501crop978.png
Correcting image: 20230501crop978.jpg
Processing mask: 20230424crop1014.png
Correcting image: 20230424crop1014.jpg
Processing mask: 20230505crop1003.png
Correcting image: 20230505crop1003.jpg
Processing mask: 20230524crop975.png
Correcting image: 20230524crop975.jpg
Processing mask: 20230505crop993.png
Correcting image: 20230505crop993.jpg
Processing mask: 20230426crop1008.png
Correcting image: 20230426crop1008.jpg
Processing mask: 20230602crop1013.png
Correcting image: 20230602crop1013.jpg
Processing mask: 20230526crop975.png
Correcting image: 20230526crop975.jpg
Processing mask: 20230505crop1008.png
Correcting image: 20230505crop1008.jpg
Processing mask: 20230531crop1016.png
Correcting image: 20230531crop1016.jpg
Processing mask: 20230515crop1022.png
Correcting image: 20230515crop1022.jpg
Processing mask: 20230522crop996.png
Correcting image: 20230522crop996.jpg
Processing mask: 20230607crop1008.png
Correcting image: 20230607crop1008.jpg
Processing mask: 20230519crop1022.png
Correcting image: 20230519crop1022.jpg
Processing mask: 20230607crop1016.png
Correcting image: 20230607crop1016.jpg
Processing mask: 20230522crop999.png
Correcting image: 20230522crop999.jpg
Processing mask: 20230508crop1016.png
Correcting image: 20230508crop1016.jpg
Processing mask: 20230505crop1016.png
Correcting image: 20230505crop1016.jpg
Processing mask: 20230508crop1012.png
Correcting image: 20230508crop1012.jpg
Processing mask: 20230424crop1020.png
Correcting image: 20230424crop1020.jpg
Processing mask: 20230605crop1022.png
Correcting image: 20230605crop1022.jpg
Processing mask: 20230512crop998.png
Correcting image: 20230512crop998.jpg
Processing mask: 20230515crop980.png
Correcting image: 20230515crop980.jpg
Processing mask: 20230515crop985.png
Correcting image: 20230515crop985.jpg
Processing mask: 20230501crop1008.png
Correcting image: 20230501crop1008.jpg
Processing mask: 20230501crop997.png
Correcting image: 20230501crop997.jpg
Processing mask: 20230517crop985.png
Correcting image: 20230517crop985.jpg
Processing mask: 20230501crop995.png
Correcting image: 20230501crop995.jpg
Processing mask: 20230424crop993.png
Correcting image: 20230424crop993.jpg
Processing mask: 20230529crop977.png
Correcting image: 20230529crop977.jpg
Processing mask: 20230519crop1016.png
Correcting image: 20230519crop1016.jpg
Processing mask: 20230503crop996.png
Correcting image: 20230503crop996.jpg
Processing mask: 20230503crop980.png
Correcting image: 20230503crop980.jpg
Processing mask: 20230602crop1018.png
Correcting image: 20230602crop1018.jpg
Processing mask: 20230605crop1000.png
Correcting image: 20230605crop1000.jpg
Processing mask: 20230510crop999.png
Correcting image: 20230510crop999.jpg
Processing mask: 20230605crop995.png
Correcting image: 20230605crop995.jpg
Processing mask: 20230424crop1021.png
Correcting image: 20230424crop1021.jpg
Processing mask: 20230526crop1012.png
Correcting image: 20230526crop1012.jpg
Processing mask: 20230529crop993.png
Correcting image: 20230529crop993.jpg
Processing mask: 20230605crop999.png
Correcting image: 20230605crop999.jpg
Processing mask: 20230531crop990.png
Correcting image: 20230531crop990.jpg
Processing mask: 20230515crop1008.png
Correcting image: 20230515crop1008.jpg
Processing mask: 20230512crop1013.png
Correcting image: 20230512crop1013.jpg
Processing mask: 20230526crop977.png
Correcting image: 20230526crop977.jpg
Processing mask: 20230501crop987.png
Correcting image: 20230501crop987.jpg
Processing mask: 20230424crop1012.png
Correcting image: 20230424crop1012.jpg
Processing mask: 20230508crop1000.png
Correcting image: 20230508crop1000.jpg
Processing mask: 20230503crop1002.png
Correcting image: 20230503crop1002.jpg
Processing mask: 20230426crop997.png
Correcting image: 20230426crop997.jpg
Processing mask: 20230602crop995.png
Correcting image: 20230602crop995.jpg
Processing mask: 20230522crop1008.png
Correcting image: 20230522crop1008.jpg
Processing mask: 20230607crop1001.png
Correcting image: 20230607crop1001.jpg
Processing mask: 20230512crop980.png
Correcting image: 20230512crop980.jpg
Processing mask: 20230424crop1017.png
Correcting image: 20230424crop1017.jpg
Processing mask: 20230519crop990.png
Correcting image: 20230519crop990.jpg
Processing mask: 20230526crop1013.png
Correcting image: 20230526crop1013.jpg
Processing mask: 20230529crop994.png
Correcting image: 20230529crop994.jpg
Processing mask: 20230505crop980.png
Correcting image: 20230505crop980.jpg
Processing mask: 20230424crop977.png
Correcting image: 20230424crop977.jpg
Processing mask: 20230531crop1005.png
Correcting image: 20230531crop1005.jpg
Processing mask: 20230505crop979.png
Correcting image: 20230505crop979.jpg
Processing mask: 20230503crop1001.png
Correcting image: 20230503crop1001.jpg
Processing mask: 20230519crop1011.png
Correcting image: 20230519crop1011.jpg
Processing mask: 20230519crop977.png
Correcting image: 20230519crop977.jpg
Processing mask: 20230602crop1005.png
Correcting image: 20230602crop1005.jpg
Processing mask: 20230531crop999.png
Correcting image: 20230531crop999.jpg
Processing mask: 20230505crop985.png
Correcting image: 20230505crop985.jpg
Processing mask: 20230501crop981.png
Correcting image: 20230501crop981.jpg
Processing mask: 20230501crop999.png
Correcting image: 20230501crop999.jpg
Processing mask: 20230503crop994.png
Correcting image: 20230503crop994.jpg
Processing mask: 20230508crop998.png
Correcting image: 20230508crop998.jpg
Processing mask: 20230515crop1009.png
Correcting image: 20230515crop1009.jpg
Processing mask: 20230607crop993.png
Correcting image: 20230607crop993.jpg
Processing mask: 20230515crop991.png
Correcting image: 20230515crop991.jpg
Processing mask: 20230607crop991.png
Correcting image: 20230607crop991.jpg
Processing mask: 20230526crop1022.png
Correcting image: 20230526crop1022.jpg
Processing mask: 20230605crop993.png
Correcting image: 20230605crop993.jpg
Processing mask: 20230508crop1022.png
Correcting image: 20230508crop1022.jpg
Processing mask: 20230505crop988.png
Correcting image: 20230505crop988.jpg
Processing mask: 20230501crop996.png
Correcting image: 20230501crop996.jpg
Processing mask: 20230512crop995.png
Correcting image: 20230512crop995.jpg
Processing mask: 20230505crop990.png
Correcting image: 20230505crop990.jpg
Processing mask: 20230426crop1003.png
Correcting image: 20230426crop1003.jpg
Processing mask: 20230508crop988.png
Correcting image: 20230508crop988.jpg
Processing mask: 20230605crop1003.png
Correcting image: 20230605crop1003.jpg
Processing mask: 20230424crop1016.png
Correcting image: 20230424crop1016.jpg
Processing mask: 20230508crop975.png
Correcting image: 20230508crop975.jpg
Processing mask: 20230526crop990.png
Correcting image: 20230526crop990.jpg
Processing mask: 20230524crop1011.png
Correcting image: 20230524crop1011.jpg
Processing mask: 20230505crop986.png
Correcting image: 20230505crop986.jpg
Processing mask: 20230526crop985.png
Correcting image: 20230526crop985.jpg
Processing mask: 20230515crop1003.png
Correcting image: 20230515crop1003.jpg
Processing mask: 20230515crop1018.png
Correcting image: 20230515crop1018.jpg
Processing mask: 20230605crop987.png
Correcting image: 20230605crop987.jpg
Processing mask: 20230517crop996.png
Correcting image: 20230517crop996.jpg
Processing mask: 20230524crop1013.png
Correcting image: 20230524crop1013.jpg
Processing mask: 20230503crop998.png
Correcting image: 20230503crop998.jpg
Processing mask: 20230512crop1006.png
Correcting image: 20230512crop1006.jpg
Processing mask: 20230426crop1018.png
Correcting image: 20230426crop1018.jpg
Processing mask: 20230605crop1011.png
Correcting image: 20230605crop1011.jpg
Processing mask: 20230503crop1005.png
Correcting image: 20230503crop1005.jpg
Processing mask: 20230602crop981.png
Correcting image: 20230602crop981.jpg
Processing mask: 20230424crop1011.png
Correcting image: 20230424crop1011.jpg
Processing mask: 20230529crop1005.png
Correcting image: 20230529crop1005.jpg
Processing mask: 20230524crop1008.png
Correcting image: 20230524crop1008.jpg
Processing mask: 20230607crop1012.png
Correcting image: 20230607crop1012.jpg
Processing mask: 20230508crop1009.png
Correcting image: 20230508crop1009.jpg
Processing mask: 20230503crop999.png
Correcting image: 20230503crop999.jpg
Processing mask: 20230605crop1016.png
Correcting image: 20230605crop1016.jpg
Processing mask: 20230531crop1008.png
Correcting image: 20230531crop1008.jpg
Processing mask: 20230505crop1006.png
Correcting image: 20230505crop1006.jpg
Processing mask: 20230508crop980.png
Correcting image: 20230508crop980.jpg
Processing mask: 20230508crop978.png
Correcting image: 20230508crop978.jpg
Processing mask: 20230524crop999.png
Correcting image: 20230524crop999.jpg
Processing mask: 20230517crop1022.png
Correcting image: 20230517crop1022.jpg
Processing mask: 20230505crop978.png
Correcting image: 20230505crop978.jpg
Processing mask: 20230515crop995.png
Correcting image: 20230515crop995.jpg
Processing mask: 20230526crop1000.png
Correcting image: 20230526crop1000.jpg
Processing mask: 20230501crop988.png
Correcting image: 20230501crop988.jpg
Processing mask: 20230424crop1013.png
Correcting image: 20230424crop1013.jpg
Processing mask: 20230508crop999.png
Correcting image: 20230508crop999.jpg
Processing mask: 20230426crop998.png
Correcting image: 20230426crop998.jpg
Processing mask: 20230424crop986.png
Correcting image: 20230424crop986.jpg
Processing mask: 20230602crop985.png
Correcting image: 20230602crop985.jpg
Processing mask: 20230424crop988.png
Correcting image: 20230424crop988.jpg
Processing mask: 20230519crop999.png
Correcting image: 20230519crop999.jpg
Processing mask: 20230501crop1019.png
Correcting image: 20230501crop1019.jpg
Processing mask: 20230517crop1013.png
Correcting image: 20230517crop1013.jpg
Processing mask: 20230505crop977.png
Correcting image: 20230505crop977.jpg
Processing mask: 20230607crop1015.png
Correcting image: 20230607crop1015.jpg
Processing mask: 20230426crop1016.png
Correcting image: 20230426crop1016.jpg
Processing mask: 20230529crop1011.png
Correcting image: 20230529crop1011.jpg
Processing mask: 20230517crop1001.png
Correcting image: 20230517crop1001.jpg
Processing mask: 20230529crop1016.png
Correcting image: 20230529crop1016.jpg
Processing mask: 20230426crop1020.png
Correcting image: 20230426crop1020.jpg
Processing mask: 20230517crop1015.png
Correcting image: 20230517crop1015.jpg
Processing mask: 20230605crop1001.png
Correcting image: 20230605crop1001.jpg
Processing mask: 20230424crop981.png
Correcting image: 20230424crop981.jpg
Processing mask: 20230503crop1022.png
Correcting image: 20230503crop1022.jpg
Processing mask: 20230515crop1000.png
Correcting image: 20230515crop1000.jpg
Processing mask: 20230605crop981.png
Correcting image: 20230605crop981.jpg
Processing mask: 20230522crop1005.png
Correcting image: 20230522crop1005.jpg
Processing mask: 20230503crop1013.png
Correcting image: 20230503crop1013.jpg
Processing mask: 20230605crop1018.png
Correcting image: 20230605crop1018.jpg
Processing mask: 20230426crop994.png
Correcting image: 20230426crop994.jpg
Processing mask: 20230426crop976.png
Correcting image: 20230426crop976.jpg
Processing mask: 20230501crop986.png
Correcting image: 20230501crop986.jpg
Processing mask: 20230517crop978.png
Correcting image: 20230517crop978.jpg
Processing mask: 20230515crop998.png
Correcting image: 20230515crop998.jpg
Processing mask: 20230529crop986.png
Correcting image: 20230529crop986.jpg
Processing mask: 20230607crop975.png
Correcting image: 20230607crop975.jpg
Processing mask: 20230519crop975.png
Correcting image: 20230519crop975.jpg
Processing mask: 20230524crop980.png
Correcting image: 20230524crop980.jpg
Processing mask: 20230512crop987.png
Correcting image: 20230512crop987.jpg
Processing mask: 20230501crop998.png
Correcting image: 20230501crop998.jpg
Processing mask: 20230605crop985.png
Correcting image: 20230605crop985.jpg
Processing mask: 20230531crop998.png
Correcting image: 20230531crop998.jpg
Processing mask: 20230510crop986.png
Correcting image: 20230510crop986.jpg
Processing mask: 20230529crop981.png
Correcting image: 20230529crop981.jpg
Processing mask: 20230515crop1016.png
Correcting image: 20230515crop1016.jpg
Processing mask: 20230426crop985.png
Correcting image: 20230426crop985.jpg
Processing mask: 20230602crop990.png
Correcting image: 20230602crop990.jpg
Processing mask: 20230505crop975.png
Correcting image: 20230505crop975.jpg
Processing mask: 20230508crop996.png
Correcting image: 20230508crop996.jpg
Processing mask: 20230501crop991.png
Correcting image: 20230501crop991.jpg
Processing mask: 20230607crop1017.png
Correcting image: 20230607crop1017.jpg
Processing mask: 20230517crop993.png
Correcting image: 20230517crop993.jpg
Processing mask: 20230508crop1017.png
Correcting image: 20230508crop1017.jpg
Processing mask: 20230503crop1018.png
Correcting image: 20230503crop1018.jpg
Processing mask: 20230512crop1005.png
Correcting image: 20230512crop1005.jpg
Processing mask: 20230531crop1018.png
Correcting image: 20230531crop1018.jpg
Processing mask: 20230501crop1006.png
Correcting image: 20230501crop1006.jpg
Processing mask: 20230501crop980.png
Correcting image: 20230501crop980.jpg
Processing mask: 20230508crop1018.png
Correcting image: 20230508crop1018.jpg
Processing mask: 20230501crop1022.png
Correcting image: 20230501crop1022.jpg
Processing mask: 20230607crop1005.png
Correcting image: 20230607crop1005.jpg
Processing mask: 20230515crop1011.png
Correcting image: 20230515crop1011.jpg
Processing mask: 20230426crop1015.png
Correcting image: 20230426crop1015.jpg
Processing mask: 20230522crop995.png
Correcting image: 20230522crop995.jpg
Processing mask: 20230426crop1011.png
Correcting image: 20230426crop1011.jpg
Processing mask: 20230524crop992.png
Correcting image: 20230524crop992.jpg
Processing mask: 20230512crop1022.png
Correcting image: 20230512crop1022.jpg
Processing mask: 20230529crop998.png
Correcting image: 20230529crop998.jpg
Processing mask: 20230508crop981.png
Correcting image: 20230508crop981.jpg
Processing mask: 20230531crop985.png
Correcting image: 20230531crop985.jpg
Processing mask: 20230510crop1002.png
Correcting image: 20230510crop1002.jpg
Processing mask: 20230503crop1011.png
Correcting image: 20230503crop1011.jpg
Processing mask: 20230426crop990.png
Correcting image: 20230426crop990.jpg
Processing mask: 20230526crop988.png
Correcting image: 20230526crop988.jpg
Processing mask: 20230512crop988.png
Correcting image: 20230512crop988.jpg
Processing mask: 20230501crop1017.png
Correcting image: 20230501crop1017.jpg
Processing mask: 20230517crop1003.png
Correcting image: 20230517crop1003.jpg
Processing mask: 20230508crop995.png
Correcting image: 20230508crop995.jpg
Processing mask: 20230510crop992.png
Correcting image: 20230510crop992.jpg
Processing mask: 20230512crop1009.png
Correcting image: 20230512crop1009.jpg
Processing mask: 20230505crop994.png
Correcting image: 20230505crop994.jpg
Processing mask: 20230424crop992.png
Correcting image: 20230424crop992.jpg
Processing mask: 20230531crop981.png
Correcting image: 20230531crop981.jpg
Processing mask: 20230607crop1011.png
Correcting image: 20230607crop1011.jpg
Processing mask: 20230607crop999.png
Correcting image: 20230607crop999.jpg
Processing mask: 20230505crop1001.png
Correcting image: 20230505crop1001.jpg
Processing mask: 20230531crop1013.png
Correcting image: 20230531crop1013.jpg
Processing mask: 20230531crop993.png
Correcting image: 20230531crop993.jpg
Processing mask: 20230526crop995.png
Correcting image: 20230526crop995.jpg
Processing mask: 20230531crop994.png
Correcting image: 20230531crop994.jpg
Processing mask: 20230524crop993.png
Correcting image: 20230524crop993.jpg
Processing mask: 20230512crop979.png
Correcting image: 20230512crop979.jpg
Processing mask: 20230426crop981.png
Correcting image: 20230426crop981.jpg
Processing mask: 20230524crop998.png
Correcting image: 20230524crop998.jpg
Processing mask: 20230526crop986.png
Correcting image: 20230526crop986.jpg
Processing mask: 20230607crop1018.png
Correcting image: 20230607crop1018.jpg
Processing mask: 20230508crop979.png
Correcting image: 20230508crop979.jpg
Processing mask: 20230602crop1008.png
Correcting image: 20230602crop1008.jpg
Processing mask: 20230424crop998.png
Correcting image: 20230424crop998.jpg
Processing mask: 20230510crop1003.png
Correcting image: 20230510crop1003.jpg
Processing mask: 20230510crop998.png
Correcting image: 20230510crop998.jpg
Processing mask: 20230522crop992.png
Correcting image: 20230522crop992.jpg
Processing mask: 20230512crop993.png
Correcting image: 20230512crop993.jpg
Processing mask: 20230526crop1001.png
Correcting image: 20230526crop1001.jpg
Processing mask: 20230505crop991.png
Correcting image: 20230505crop991.jpg
Processing mask: 20230605crop1017.png
Correcting image: 20230605crop1017.jpg
Processing mask: 20230517crop991.png
Correcting image: 20230517crop991.jpg
Processing mask: 20230515crop1006.png
Correcting image: 20230515crop1006.jpg
Processing mask: 20230510crop980.png
Correcting image: 20230510crop980.jpg
Processing mask: 20230505crop1002.png
Correcting image: 20230505crop1002.jpg
Processing mask: 20230602crop1015.png
Correcting image: 20230602crop1015.jpg
Processing mask: 20230529crop1001.png
Correcting image: 20230529crop1001.jpg
Processing mask: 20230501crop1002.png
Correcting image: 20230501crop1002.jpg
Processing mask: 20230501crop992.png
Correcting image: 20230501crop992.jpg
Processing mask: 20230515crop1012.png
Correcting image: 20230515crop1012.jpg
Processing mask: 20230512crop981.png
Correcting image: 20230512crop981.jpg
Processing mask: 20230512crop1002.png
Correcting image: 20230512crop1002.jpg
Processing mask: 20230512crop996.png
Correcting image: 20230512crop996.jpg
Processing mask: 20230424crop985.png
Correcting image: 20230424crop985.jpg
Processing mask: 20230424crop980.png
Correcting image: 20230424crop980.jpg
Processing mask: 20230524crop1002.png
Correcting image: 20230524crop1002.jpg
Processing mask: 20230501crop1016.png
Correcting image: 20230501crop1016.jpg
Processing mask: 20230531crop986.png
Correcting image: 20230531crop986.jpg
Processing mask: 20230529crop1012.png
Correcting image: 20230529crop1012.jpg
Processing mask: 20230529crop996.png
Correcting image: 20230529crop996.jpg
Processing mask: 20230529crop990.png
Correcting image: 20230529crop990.jpg
Processing mask: 20230524crop977.png
Correcting image: 20230524crop977.jpg
Processing mask: 20230508crop1019.png
Correcting image: 20230508crop1019.jpg
Processing mask: 20230602crop1001.png
Correcting image: 20230602crop1001.jpg
Processing mask: 20230522crop1009.png
Correcting image: 20230522crop1009.jpg
Processing mask: 20230421crop1002.png
Correcting image: 20230421crop1002.jpg
Processing mask: 20230517crop994.png
Correcting image: 20230517crop994.jpg
Processing mask: 20230519crop992.png
Correcting image: 20230519crop992.jpg
Processing mask: 20230517crop988.png
Correcting image: 20230517crop988.jpg
Processing mask: 20230512crop978.png
Correcting image: 20230512crop978.jpg
Processing mask: 20230510crop978.png
Correcting image: 20230510crop978.jpg
Processing mask: 20230426crop1000.png
Correcting image: 20230426crop1000.jpg
Processing mask: 20230510crop1001.png
Correcting image: 20230510crop1001.jpg
Processing mask: 20230503crop988.png
Correcting image: 20230503crop988.jpg
Processing mask: 20230515crop1017.png
Correcting image: 20230515crop1017.jpg
Processing mask: 20230517crop987.png
Correcting image: 20230517crop987.jpg
Processing mask: 20230526crop998.png
Correcting image: 20230526crop998.jpg
Processing mask: 20230426crop984.png
Correcting image: 20230426crop984.jpg
Processing mask: 20230515crop996.png
Correcting image: 20230515crop996.jpg
Processing mask: 20230602crop1009.png
Correcting image: 20230602crop1009.jpg
Processing mask: 20230602crop1000.png
Correcting image: 20230602crop1000.jpg
Processing mask: 20230605crop980.png
Correcting image: 20230605crop980.jpg
Processing mask: 20230426crop1007.png
Correcting image: 20230426crop1007.jpg
Processing mask: 20230424crop1000.png
Correcting image: 20230424crop1000.jpg
Processing mask: 20230522crop1018.png
Correcting image: 20230522crop1018.jpg
Processing mask: 20230517crop999.png
Correcting image: 20230517crop999.jpg
Processing mask: 20230531crop991.png
Correcting image: 20230531crop991.jpg
Processing mask: 20230529crop991.png
Correcting image: 20230529crop991.jpg
Processing mask: 20230526crop980.png
Correcting image: 20230526crop980.jpg
Processing mask: 20230505crop995.png
Correcting image: 20230505crop995.jpg
Processing mask: 20230515crop986.png
Correcting image: 20230515crop986.jpg
Processing mask: 20230426crop1002.png
Correcting image: 20230426crop1002.jpg
Processing mask: 20230522crop998.png
Correcting image: 20230522crop998.jpg
Processing mask: 20230424crop989.png
Correcting image: 20230424crop989.jpg
Processing mask: 20230424crop991.png
Correcting image: 20230424crop991.jpg
Processing mask: 20230501crop1003.png
Correcting image: 20230501crop1003.jpg
Processing mask: 20230503crop1017.png
Correcting image: 20230503crop1017.jpg
Processing mask: 20230426crop1005.png
Correcting image: 20230426crop1005.jpg
Processing mask: 20230526crop1003.png
Correcting image: 20230526crop1003.jpg
Processing mask: 20230524crop996.png
Correcting image: 20230524crop996.jpg
Processing mask: 20230519crop1009.png
Correcting image: 20230519crop1009.jpg
Processing mask: 20230508crop992.png
Correcting image: 20230508crop992.jpg
Processing mask: 20230602crop1012.png
Correcting image: 20230602crop1012.jpg
Processing mask: 20230526crop992.png
Correcting image: 20230526crop992.jpg
Processing mask: 20230424crop1009.png
Correcting image: 20230424crop1009.jpg
Processing mask: 20230515crop1013.png
Correcting image: 20230515crop1013.jpg
Processing mask: 20230602crop993.png
Correcting image: 20230602crop993.jpg
Processing mask: 20230424crop994.png
Correcting image: 20230424crop994.jpg
Processing mask: 20230517crop1008.png
Correcting image: 20230517crop1008.jpg
Processing mask: 20230503crop986.png
Correcting image: 20230503crop986.jpg
Processing mask: 20230524crop981.png
Correcting image: 20230524crop981.jpg
Processing mask: 20230424crop1002.png
Correcting image: 20230424crop1002.jpg
Processing mask: 20230503crop1008.png
Correcting image: 20230503crop1008.jpg
Processing mask: 20230505crop997.png
Correcting image: 20230505crop997.jpg
Processing mask: 20230526crop1008.png
Correcting image: 20230526crop1008.jpg
Processing mask: 20230517crop1011.png
Correcting image: 20230517crop1011.jpg
Processing mask: 20230605crop977.png
Correcting image: 20230605crop977.jpg
Processing mask: 20230503crop993.png
Correcting image: 20230503crop993.jpg
Processing mask: 20230424crop1005.png
Correcting image: 20230424crop1005.jpg
Processing mask: 20230519crop988.png
Correcting image: 20230519crop988.jpg
Processing mask: 20230605crop1009.png
Correcting image: 20230605crop1009.jpg
Processing mask: 20230424crop1015.png
Correcting image: 20230424crop1015.jpg
Processing mask: 20230607crop987.png
Correcting image: 20230607crop987.jpg
Processing mask: 20230505crop981.png
Correcting image: 20230505crop981.jpg
Processing mask: 20230503crop990.png
Correcting image: 20230503crop990.jpg
Processing mask: 20230526crop991.png
Correcting image: 20230526crop991.jpg
Processing mask: 20230602crop994.png
Correcting image: 20230602crop994.jpg
Processing mask: 20230519crop1018.png
Correcting image: 20230519crop1018.jpg
Processing mask: 20230505crop1005.png
Correcting image: 20230505crop1005.jpg
Processing mask: 20230510crop1018.png
Correcting image: 20230510crop1018.jpg
Processing mask: 20230605crop990.png
Correcting image: 20230605crop990.jpg
Processing mask: 20230515crop992.png
Correcting image: 20230515crop992.jpg
Processing mask: 20230522crop1013.png
Correcting image: 20230522crop1013.jpg
Processing mask: 20230519crop994.png
Correcting image: 20230519crop994.jpg
Processing mask: 20230519crop987.png
Correcting image: 20230519crop987.jpg
Processing mask: 20230602crop986.png
Correcting image: 20230602crop986.jpg
Processing mask: 20230605crop988.png
Correcting image: 20230605crop988.jpg
Processing mask: 20230508crop993.png
Correcting image: 20230508crop993.jpg
Processing mask: 20230515crop988.png
Correcting image: 20230515crop988.jpg
Processing mask: 20230602crop991.png
Correcting image: 20230602crop991.jpg
Processing mask: 20230517crop1002.png
Correcting image: 20230517crop1002.jpg
Processing mask: 20230522crop993.png
Correcting image: 20230522crop993.jpg
Processing mask: 20230607crop1013.png
Correcting image: 20230607crop1013.jpg
Processing mask: 20230524crop987.png
Correcting image: 20230524crop987.jpg
Processing mask: 20230426crop987.png
Correcting image: 20230426crop987.jpg
Processing mask: 20230531crop996.png
Correcting image: 20230531crop996.jpg
Processing mask: 20230505crop996.png
Correcting image: 20230505crop996.jpg
Processing mask: 20230517crop995.png
Correcting image: 20230517crop995.jpg
Processing mask: 20230524crop994.png
Correcting image: 20230524crop994.jpg
Processing mask: 20230426crop991.png
Correcting image: 20230426crop991.jpg
Processing mask: 20230424crop1007.png
Correcting image: 20230424crop1007.jpg
Processing mask: 20230424crop975.png
Correcting image: 20230424crop975.jpg
Processing mask: 20230519crop1005.png
Correcting image: 20230519crop1005.jpg
Processing mask: 20230529crop987.png
Correcting image: 20230529crop987.jpg
Processing mask: 20230529crop975.png
Correcting image: 20230529crop975.jpg
Processing mask: 20230602crop1003.png
Correcting image: 20230602crop1003.jpg
Processing mask: 20230426crop1021.png
Correcting image: 20230426crop1021.jpg
Processing mask: 20230529crop995.png
Correcting image: 20230529crop995.jpg
Processing mask: 20230510crop1022.png
Correcting image: 20230510crop1022.jpg
Processing mask: 20230424crop978.png
Correcting image: 20230424crop978.jpg
Processing mask: 20230510crop996.png
Correcting image: 20230510crop996.jpg
Processing mask: 20230426crop978.png
Correcting image: 20230426crop978.jpg
Processing mask: 20230515crop977.png
Correcting image: 20230515crop977.jpg
Processing mask: 20230519crop991.png
Correcting image: 20230519crop991.jpg
Processing mask: 20230508crop986.png
Correcting image: 20230508crop986.jpg
Processing mask: 20230517crop1017.png
Correcting image: 20230517crop1017.jpg
Processing mask: 20230526crop1011.png
Correcting image: 20230526crop1011.jpg
Processing mask: 20230605crop992.png
Correcting image: 20230605crop992.jpg
Processing mask: 20230526crop1015.png
Correcting image: 20230526crop1015.jpg
Processing mask: 20230526crop1018.png
Correcting image: 20230526crop1018.jpg
Processing mask: 20230424crop976.png
Correcting image: 20230424crop976.jpg
Processing mask: 20230512crop999.png
Correcting image: 20230512crop999.jpg
Processing mask: 20230515crop994.png
Correcting image: 20230515crop994.jpg
Processing mask: 20230529crop1009.png
Correcting image: 20230529crop1009.jpg
Processing mask: 20230510crop990.png
Correcting image: 20230510crop990.jpg
Processing mask: 20230524crop1012.png
Correcting image: 20230524crop1012.jpg
Processing mask: 20230605crop1013.png
Correcting image: 20230605crop1013.jpg
Processing mask: 20230526crop1002.png
Correcting image: 20230526crop1002.jpg
Processing mask: 20230524crop978.png
Correcting image: 20230524crop978.jpg
Processing mask: 20230512crop994.png
Correcting image: 20230512crop994.jpg
Processing mask: 20230426crop980.png
Correcting image: 20230426crop980.jpg
Processing mask: 20230424crop990.png
Correcting image: 20230424crop990.jpg
Processing mask: 20230512crop1016.png
Correcting image: 20230512crop1016.jpg
Processing mask: 20230602crop1016.png
Correcting image: 20230602crop1016.jpg
Processing mask: 20230505crop1022.png
Correcting image: 20230505crop1022.jpg
Processing mask: 20230517crop981.png
Correcting image: 20230517crop981.jpg
Processing mask: 20230607crop981.png
Correcting image: 20230607crop981.jpg
Processing mask: 20230531crop987.png
Correcting image: 20230531crop987.jpg
Processing mask: 20230426crop996.png
Correcting image: 20230426crop996.jpg
Processing mask: 20230505crop1012.png
Correcting image: 20230505crop1012.jpg
Processing mask: 20230607crop986.png
Correcting image: 20230607crop986.jpg
Processing mask: 20230519crop1012.png
Correcting image: 20230519crop1012.jpg
Processing mask: 20230522crop978.png
Correcting image: 20230522crop978.jpg
Processing mask: 20230512crop985.png
Correcting image: 20230512crop985.jpg
Processing mask: 20230524crop1001.png
Correcting image: 20230524crop1001.jpg
Processing mask: 20230526crop1017.png
Correcting image: 20230526crop1017.jpg
Processing mask: 20230605crop996.png
Correcting image: 20230605crop996.jpg
Processing mask: 20230524crop1000.png
Correcting image: 20230524crop1000.jpg
Processing mask: 20230522crop981.png
Correcting image: 20230522crop981.jpg
Processing mask: 20230519crop986.png
Correcting image: 20230519crop986.jpg
Processing mask: 20230510crop1017.png
Correcting image: 20230510crop1017.jpg
Processing mask: 20230529crop1018.png
Correcting image: 20230529crop1018.jpg
Processing mask: 20230515crop981.png
Correcting image: 20230515crop981.jpg
Processing mask: 20230607crop988.png
Correcting image: 20230607crop988.jpg
Processing mask: 20230607crop998.png
Correcting image: 20230607crop998.jpg
Processing mask: 20230505crop1000.png
Correcting image: 20230505crop1000.jpg
Processing mask: 20230531crop995.png
Correcting image: 20230531crop995.jpg
Processing mask: 20230424crop997.png
Correcting image: 20230424crop997.jpg
Processing mask: 20230526crop1005.png
Correcting image: 20230526crop1005.jpg
Processing mask: 20230501crop1009.png
Correcting image: 20230501crop1009.jpg
Processing mask: 20230510crop981.png
Correcting image: 20230510crop981.jpg
Processing mask: 20230424crop995.png
Correcting image: 20230424crop995.jpg
Processing mask: 20230426crop1009.png
Correcting image: 20230426crop1009.jpg
Processing mask: 20230508crop997.png
Correcting image: 20230508crop997.jpg
Processing mask: 20230505crop999.png
Correcting image: 20230505crop999.jpg
Processing mask: 20230510crop1006.png
Correcting image: 20230510crop1006.jpg
Processing mask: 20230510crop987.png
Correcting image: 20230510crop987.jpg
Processing mask: 20230522crop991.png
Correcting image: 20230522crop991.jpg
Processing mask: 20230605crop991.png
Correcting image: 20230605crop991.jpg
Processing mask: 20230501crop1018.png
Correcting image: 20230501crop1018.jpg
Processing mask: 20230607crop985.png
Correcting image: 20230607crop985.jpg
Processing mask: 20230501crop1013.png
Correcting image: 20230501crop1013.jpg
Processing mask: 20230531crop988.png
Correcting image: 20230531crop988.jpg
Processing mask: 20230503crop1019.png
Correcting image: 20230503crop1019.jpg
Processing mask: 20230517crop1000.png
Correcting image: 20230517crop1000.jpg
Processing mask: 20230602crop992.png
Correcting image: 20230602crop992.jpg
Processing mask: 20230522crop1011.png
Correcting image: 20230522crop1011.jpg
Processing mask: 20230526crop1009.png
Correcting image: 20230526crop1009.jpg
Processing mask: 20230602crop1017.png
Correcting image: 20230602crop1017.jpg
Processing mask: 20230529crop1022.png
Correcting image: 20230529crop1022.jpg
Processing mask: 20230512crop1003.png
Correcting image: 20230512crop1003.jpg
Processing mask: 20230531crop1015.png
Correcting image: 20230531crop1015.jpg
Processing mask: 20230510crop994.png
Correcting image: 20230510crop994.jpg
Processing mask: 20230512crop1001.png
Correcting image: 20230512crop1001.jpg
Processing mask: 20230524crop988.png
Correcting image: 20230524crop988.jpg
Processing mask: 20230508crop1001.png
Correcting image: 20230508crop1001.jpg
Processing mask: 20230503crop992.png
Correcting image: 20230503crop992.jpg
Processing mask: 20230529crop988.png
Correcting image: 20230529crop988.jpg
Processing mask: 20230522crop990.png
Correcting image: 20230522crop990.jpg
Processing mask: 20230602crop987.png
Correcting image: 20230602crop987.jpg
Processing mask: 20230531crop1003.png
Correcting image: 20230531crop1003.jpg
Processing mask: 20230512crop1018.png
Correcting image: 20230512crop1018.jpg
Processing mask: 20230515crop993.png
Correcting image: 20230515crop993.jpg
Processing mask: 20230607crop990.png
Correcting image: 20230607crop990.jpg
Processing mask: 20230526crop993.png
Correcting image: 20230526crop993.jpg
Processing mask: 20230515crop1001.png
Correcting image: 20230515crop1001.jpg
All images processed.
